[ 2016-10-15T09:14:09+08:00 ] ::1 /jd/images/logo-201305.png
INFO: [ app_init ] --START--
INFO: Run Behavior\BuildLiteBehavior [ RunTime:0.001000s ]
INFO: [ app_init ] --END-- [ RunTime:0.002000s ]
ERR: æ— æ³•åŠ è½½æ¨¡å—:Images

[ 2016-10-15T09:14:10+08:00 ] ::1 /jd/images/562f4971Na5379aba.jpg
INFO: [ app_init ] --START--
INFO: Run Behavior\BuildLiteBehavior [ RunTime:0.000000s ]
INFO: [ app_init ] --END-- [ RunTime:0.001000s ]
ERR: æ— æ³•åŠ è½½æ¨¡å—:Images

[ 2016-10-15T09:14:10+08:00 ] ::1 /jd/images/574c0755Nc8f19944.jpg
INFO: [ app_init ] --START--
INFO: Run Behavior\BuildLiteBehavior [ RunTime:0.000000s ]
INFO: [ app_init ] --END-- [ RunTime:0.001000s ]
ERR: æ— æ³•åŠ è½½æ¨¡å—:Images

[ 2016-10-15T09:14:10+08:00 ] ::1 /jd/images/jd2015img.png
INFO: [ app_init ] --START--
INFO: Run Behavior\BuildLiteBehavior [ RunTime:0.000000s ]
INFO: [ app_init ] --END-- [ RunTime:0.003000s ]
ERR: æ— æ³•åŠ è½½æ¨¡å—:Images

[ 2016-10-15T09:14:10+08:00 ] ::1 /jd/images/56da5bb0N016b7c32.jpg
INFO: [ app_init ] --START--
INFO: Run Behavior\BuildLiteBehavior [ RunTime:0.000000s ]
INFO: [ app_init ] --END-- [ RunTime:0.002000s ]
ERR: æ— æ³•åŠ è½½æ¨¡å—:Images

[ 2016-10-15T09:14:10+08:00 ] ::1 /jd/images/57a075b6Nd3e293c2.jpg
INFO: [ app_init ] --START--
INFO: Run Behavior\BuildLiteBehavior [ RunTime:0.000000s ]
INFO: [ app_init ] --END-- [ RunTime:0.002000s ]
ERR: æ— æ³•åŠ è½½æ¨¡å—:Images

[ 2016-10-15T09:14:10+08:00 ] ::1 /jd/images/5779c11bN13063595.jpg
INFO: [ app_init ] --START--
INFO: Run Behavior\BuildLiteBehavior [ RunTime:0.000000s ]
INFO: [ app_init ] --END-- [ RunTime:0.002000s ]
ERR: æ— æ³•åŠ è½½æ¨¡å—:Images

[ 2016-10-15T09:14:10+08:00 ] ::1 /jd/images/56f138bfN71952631.jpg
INFO: [ app_init ] --START--
INFO: Run Behavior\BuildLiteBehavior [ RunTime:0.000000s ]
INFO: [ app_init ] --END-- [ RunTime:0.002000s ]
ERR: æ— æ³•åŠ è½½æ¨¡å—:Images

[ 2016-10-15T09:14:10+08:00 ] ::1 /jd/images/2.jpg
INFO: [ app_init ] --START--
INFO: Run Behavior\BuildLiteBehavior [ RunTime:0.000000s ]
INFO: [ app_init ] --END-- [ RunTime:0.003001s ]
ERR: æ— æ³•åŠ è½½æ¨¡å—:Images

[ 2016-10-15T09:14:10+08:00 ] ::1 /jd/images/55b1d930Nf0bfccbb.jpg
INFO: [ app_init ] --START--
INFO: Run Behavior\BuildLiteBehavior [ RunTime:0.000000s ]
INFO: [ app_init ] --END-- [ RunTime:0.004000s ]
ERR: æ— æ³•åŠ è½½æ¨¡å—:Images

[ 2016-10-15T09:14:10+08:00 ] ::1 /jd/images/57aabf27N447b24c8.jpg
INFO: [ app_init ] --START--
INFO: Run Behavior\BuildLiteBehavior [ RunTime:0.000000s ]
INFO: [ app_init ] --END-- [ RunTime:0.004000s ]
ERR: æ— æ³•åŠ è½½æ¨¡å—:Images

[ 2016-10-15T09:14:10+08:00 ] ::1 /jd/images/54d9ec4dN10eb50a0.jpg
INFO: [ app_init ] --START--
INFO: Run Behavior\BuildLiteBehavior [ RunTime:0.000000s ]
INFO: [ app_init ] --END-- [ RunTime:0.002000s ]
ERR: æ— æ³•åŠ è½½æ¨¡å—:Images

[ 2016-10-15T09:14:10+08:00 ] ::1 /jd/images/57b6b9b6N5c342850.jpg
INFO: [ app_init ] --START--
INFO: Run Behavior\BuildLiteBehavior [ RunTime:0.000000s ]
INFO: [ app_init ] --END-- [ RunTime:0.001000s ]
ERR: æ— æ³•åŠ è½½æ¨¡å—:Images

[ 2016-10-15T09:14:11+08:00 ] ::1 /jd/images/54d9ec61N5b4b1a20.jpg
INFO: [ app_init ] --START--
INFO: Run Behavior\BuildLiteBehavior [ RunTime:0.000000s ]
INFO: [ app_init ] --END-- [ RunTime:0.022002s ]
ERR: æ— æ³•åŠ è½½æ¨¡å—:Images

[ 2016-10-15T09:14:11+08:00 ] ::1 /jd/images/54d9ec89Nc43c246b.jpg
INFO: [ app_init ] --START--
INFO: Run Behavior\BuildLiteBehavior [ RunTime:0.000000s ]
INFO: [ app_init ] --END-- [ RunTime:0.026001s ]
ERR: æ— æ³•åŠ è½½æ¨¡å—:Images

[ 2016-10-15T09:14:11+08:00 ] ::1 /jd/images/579eb61bN39c0c737.jpg
INFO: [ app_init ] --START--
INFO: Run Behavior\BuildLiteBehavior [ RunTime:0.000000s ]
INFO: [ app_init ] --END-- [ RunTime:0.026001s ]
ERR: æ— æ³•åŠ è½½æ¨¡å—:Images

[ 2016-10-15T09:14:11+08:00 ] ::1 /jd/images/5510d809N70c3eb71.jpg
INFO: [ app_init ] --START--
INFO: Run Behavior\BuildLiteBehavior [ RunTime:0.000000s ]
INFO: [ app_init ] --END-- [ RunTime:0.005001s ]
ERR: æ— æ³•åŠ è½½æ¨¡å—:Images

[ 2016-10-15T09:14:11+08:00 ] ::1 /jd/images/56a82043N6e9f3b14.jpg
INFO: [ app_init ] --START--
INFO: Run Behavior\BuildLiteBehavior [ RunTime:0.000000s ]
INFO: [ app_init ] --END-- [ RunTime:0.003000s ]
ERR: æ— æ³•åŠ è½½æ¨¡å—:Images

[ 2016-10-15T09:14:11+08:00 ] ::1 /jd/images/54d9ec75N7a667ff3.jpg
INFO: [ app_init ] --START--
INFO: Run Behavior\BuildLiteBehavior [ RunTime:0.000000s ]
INFO: [ app_init ] --END-- [ RunTime:0.028002s ]
ERR: æ— æ³•åŠ è½½æ¨¡å—:Images

[ 2016-10-15T09:14:11+08:00 ] ::1 /jd/images/5747b251N818750c2.jpg
INFO: [ app_init ] --START--
INFO: Run Behavior\BuildLiteBehavior [ RunTime:0.000000s ]
INFO: [ app_init ] --END-- [ RunTime:0.001000s ]
ERR: æ— æ³•åŠ è½½æ¨¡å—:Images

[ 2016-10-15T09:14:12+08:00 ] ::1 /jd/images/57a7528bNaea050ea.jpg
INFO: [ app_init ] --START--
INFO: Run Behavior\BuildLiteBehavior [ RunTime:0.000000s ]
INFO: [ app_init ] --END-- [ RunTime:0.003000s ]
ERR: æ— æ³•åŠ è½½æ¨¡å—:Images

[ 2016-10-15T09:14:12+08:00 ] ::1 /jd/css/jd.css
INFO: [ app_init ] --START--
INFO: Run Behavior\BuildLiteBehavior [ RunTime:0.000000s ]
INFO: [ app_init ] --END-- [ RunTime:0.006001s ]
ERR: æ— æ³•åŠ è½½æ¨¡å—:Css

[ 2016-10-15T09:14:12+08:00 ] ::1 /jd/images/56a72d4fN4d1b42fe.jpg
INFO: [ app_init ] --START--
INFO: Run Behavior\BuildLiteBehavior [ RunTime:0.000000s ]
INFO: [ app_init ] --END-- [ RunTime:0.010000s ]
ERR: æ— æ³•åŠ è½½æ¨¡å—:Images

[ 2016-10-15T09:14:12+08:00 ] ::1 /jd/images/5708334dN24ec1feb.jpg
INFO: [ app_init ] --START--
INFO: Run Behavior\BuildLiteBehavior [ RunTime:0.000000s ]
INFO: [ app_init ] --END-- [ RunTime:0.002000s ]
ERR: æ— æ³•åŠ è½½æ¨¡å—:Images

[ 2016-10-15T09:14:12+08:00 ] ::1 /jd/images/574ba6beNb1d8e00d.jpg
INFO: [ app_init ] --START--
INFO: Run Behavior\BuildLiteBehavior [ RunTime:0.000000s ]
INFO: [ app_init ] --END-- [ RunTime:0.002000s ]
ERR: æ— æ³•åŠ è½½æ¨¡å—:Images

[ 2016-10-15T09:14:12+08:00 ] ::1 /jd/images/57b660c7N53145160.jpg
INFO: [ app_init ] --START--
INFO: Run Behavior\BuildLiteBehavior [ RunTime:0.000000s ]
INFO: [ app_init ] --END-- [ RunTime:0.002000s ]
ERR: æ— æ³•åŠ è½½æ¨¡å—:Images

[ 2016-10-15T09:14:13+08:00 ] ::1 /jd/images/578c3f87Nb52c6132.jpg
INFO: [ app_init ] --START--
INFO: Run Behavior\BuildLiteBehavior [ RunTime:0.000000s ]
INFO: [ app_init ] --END-- [ RunTime:0.016001s ]
ERR: æ— æ³•åŠ è½½æ¨¡å—:Images

[ 2016-10-15T09:14:13+08:00 ] ::1 /jd/images/575f75afN4b5401f3.jpg
INFO: [ app_init ] --START--
INFO: Run Behavior\BuildLiteBehavior [ RunTime:0.000000s ]
INFO: [ app_init ] --END-- [ RunTime:0.008001s ]
ERR: æ— æ³•åŠ è½½æ¨¡å—:Images

[ 2016-10-15T09:14:13+08:00 ] ::1 /jd/images/56f4d7c6Nfd0e9c92.jpg
INFO: [ app_init ] --START--
INFO: Run Behavior\BuildLiteBehavior [ RunTime:0.000000s ]
INFO: [ app_init ] --END-- [ RunTime:0.008001s ]
ERR: æ— æ³•åŠ è½½æ¨¡å—:Images

[ 2016-10-15T09:14:13+08:00 ] ::1 /jd/images/54d9ecc1Nddadf57b.jpg
INFO: [ app_init ] --START--
INFO: Run Behavior\BuildLiteBehavior [ RunTime:0.000000s ]
INFO: [ app_init ] --END-- [ RunTime:0.017001s ]
ERR: æ— æ³•åŠ è½½æ¨¡å—:Images

[ 2016-10-15T09:14:13+08:00 ] ::1 /jd/images/54d9ecd7Nf4b145d1.jpg
INFO: [ app_init ] --START--
INFO: Run Behavior\BuildLiteBehavior [ RunTime:0.000000s ]
INFO: [ app_init ] --END-- [ RunTime:0.001000s ]
ERR: æ— æ³•åŠ è½½æ¨¡å—:Images

[ 2016-10-15T09:14:13+08:00 ] ::1 /jd/images/57b416b0N46af2210.jpg
INFO: [ app_init ] --START--
INFO: Run Behavior\BuildLiteBehavior [ RunTime:0.000000s ]
INFO: [ app_init ] --END-- [ RunTime:0.001000s ]
ERR: æ— æ³•åŠ è½½æ¨¡å—:Images

[ 2016-10-15T09:14:13+08:00 ] ::1 /jd/images/5757bb0aNb53cb183.jpg
INFO: [ app_init ] --START--
INFO: Run Behavior\BuildLiteBehavior [ RunTime:0.000000s ]
INFO: [ app_init ] --END-- [ RunTime:0.007001s ]
ERR: æ— æ³•åŠ è½½æ¨¡å—:Images

[ 2016-10-15T09:14:13+08:00 ] ::1 /jd/images/57b2b759N04c28ad9.jpg
INFO: [ app_init ] --START--
INFO: Run Behavior\BuildLiteBehavior [ RunTime:0.000000s ]
INFO: [ app_init ] --END-- [ RunTime:0.007001s ]
ERR: æ— æ³•åŠ è½½æ¨¡å—:Images

[ 2016-10-15T09:14:13+08:00 ] ::1 /jd/images/57a46109Na9a87877.jpg
INFO: [ app_init ] --START--
INFO: Run Behavior\BuildLiteBehavior [ RunTime:0.000000s ]
INFO: [ app_init ] --END-- [ RunTime:0.011001s ]
ERR: æ— æ³•åŠ è½½æ¨¡å—:Images

[ 2016-10-15T09:14:13+08:00 ] ::1 /jd/images/57a444e2N539ab837.jpg
INFO: [ app_init ] --START--
INFO: Run Behavior\BuildLiteBehavior [ RunTime:0.000000s ]
INFO: [ app_init ] --END-- [ RunTime:0.021001s ]
ERR: æ— æ³•åŠ è½½æ¨¡å—:Images

[ 2016-10-15T09:14:13+08:00 ] ::1 /jd/images/57a452b5Nf82bca09.jpg
INFO: [ app_init ] --START--
INFO: Run Behavior\BuildLiteBehavior [ RunTime:0.000000s ]
INFO: [ app_init ] --END-- [ RunTime:0.016001s ]
ERR: æ— æ³•åŠ è½½æ¨¡å—:Images

[ 2016-10-15T09:14:13+08:00 ] ::1 /jd/images/579c99e6N741e69d0.jpg
INFO: [ app_init ] --START--
INFO: Run Behavior\BuildLiteBehavior [ RunTime:0.000000s ]
INFO: [ app_init ] --END-- [ RunTime:0.015001s ]
ERR: æ— æ³•åŠ è½½æ¨¡å—:Images

[ 2016-10-15T09:14:13+08:00 ] ::1 /jd/images/3.jpg
INFO: [ app_init ] --START--
INFO: Run Behavior\BuildLiteBehavior [ RunTime:0.000000s ]
INFO: [ app_init ] --END-- [ RunTime:0.001000s ]
ERR: æ— æ³•åŠ è½½æ¨¡å—:Images

¨¡å—:Images

[ 2016-10-15T09:14:13+08:00 ] ::1 /jd/images/57620a6fN77b2b8af.png
INFO: [ app_init ] --START--
INFO: Run Behavior\BuildLiteBehavior [ RunTime:0.000000s ]
INFO: [ app_init ] --END-- [ RunTime:0.001000s ]
ERR: æ— æ³•åŠ è½½æ¨¡å—:Images

[ 2016-10-15T09:14:14+08:00 ] ::1 /jd/images/57a41982N7b2ecdbe.jpg
INFO: [ app_init ] --START--
INFO: Run Behavior\BuildLiteBehavior [ RunTime:0.000000s ]
INFO: [ app_init ] --END-- [ RunTime:0.015001s ]
ERR: æ— æ³•åŠ è½½æ¨¡å—:Images

[ 2016-10-15T09:14:14+08:00 ] ::1 /jd/images/57a7ef09Nbed38fd3.jpg
INFO: [ app_init ] --START--
INFO: Run Behavior\BuildLiteBehavior [ RunTime:0.000000s ]
INFO: [ app_init ] --END-- [ RunTime:0.028002s ]
ERR: æ— æ³•åŠ è½½æ¨¡å—:Images

[ 2016-10-15T09:14:14+08:00 ] ::1 /jd/images/5786085aNd00dd250.jpg
INFO: [ app_init ] --START--
INFO: Run Behavior\BuildLiteBehavior [ RunTime:0.000000s ]
INFO: [ app_init ] --END-- [ RunTime:0.013001s ]
ERR: æ— æ³•åŠ è½½æ¨¡å—:Images

[ 2016-10-15T09:14:14+08:00 ] ::1 /jd/images/56e927d5N28235ac0.jpg
INFO: [ app_init ] --START--
INFO: Run Behavior\BuildLiteBehavior [ RunTime:0.001000s ]
INFO: [ app_init ] --END-- [ RunTime:0.061004s ]
ERR: æ— æ³•åŠ è½½æ¨¡å—:Images

[ 2016-10-15T09:14:14+08:00 ] ::1 /jd/images/57a944c3Ne2e489d7.jpg
INFO: [ app_init ] --START--
INFO: Run Behavior\BuildLiteBehavior [ RunTime:0.000000s ]
INFO: [ app_init ] --END-- [ RunTime:0.055003s ]
ERR: æ— æ³•åŠ è½½æ¨¡å—:Images

[ 2016-10-15T09:14:14+08:00 ] ::1 /jd/images/5510e39fNfc1a0818.jpg
INFO: [ app_init ] --START--
INFO: Run Behavior\BuildLiteBehavior [ RunTime:0.000000s ]
INFO: [ app_init ] --END-- [ RunTime:0.006001s ]
ERR: æ— æ³•åŠ è½½æ¨¡å—:Images

[ 2016-10-15T09:14:14+08:00 ] ::1 /jd/images/5510e394N7d91092f.jpg
INFO: [ app_init ] --START--
INFO: Run Behavior\BuildLiteBehavior [ RunTime:0.000000s ]
INFO: [ app_init ] --END-- [ RunTime:0.004000s ]
ERR: æ— æ³•åŠ è½½æ¨¡å—:Images

[ 2016-10-15T09:14:14+08:00 ] ::1 /jd/images/5767a07fN3342bdc4.jpg
INFO: [ app_init ] --START--
INFO: Run Behavior\BuildLiteBehavior [ RunTime:0.000000s ]
INFO: [ app_init ] --END-- [ RunTime:0.017001s ]
ERR: æ— æ³•åŠ è½½æ¨¡å—:Images

[ 2016-10-15T09:14:14+08:00 ] ::1 /jd/images/57a2df3aN10f35263.jpg
INFO: [ app_init ] --START--
INFO: Run Behavior\BuildLiteBehavior [ RunTime:0.000000s ]
INFO: [ app_init ] --END-- [ RunTime:0.018001s ]
ERR: æ— æ³•åŠ è½½æ¨¡å—:Images

[ 2016-10-15T09:14:14+08:00 ] ::1 /jd/images/57a748ecNf028d305.jpg
INFO: [ app_init ] --START--
INFO: Run Behavior\BuildLiteBehavior [ RunTime:0.000000s ]
INFO: [ app_init ] --END-- [ RunTime:0.008001s ]
ERR: æ— æ³•åŠ è½½æ¨¡å—:Images

[ 2016-10-15T09:14:14+08:00 ] ::1 /jd/images/57a2dfa7N26fd0080.jpg
INFO: [ app_init ] --START--
INFO: Run Behavior\BuildLiteBehavior [ RunTime:0.000000s ]
INFO: [ app_init ] --END-- [ RunTime:0.008001s ]
ERR: æ— æ³•åŠ è½½æ¨¡å—:Images

[ 2016-10-15T09:14:15+08:00 ] ::1 /jd/images/57a83208N9a102347.jpg
INFO: [ app_init ] --START--
INFO: Run Behavior\BuildLiteBehavior [ RunTime:0.000000s ]
INFO: [ app_init ] --END-- [ RunTime:0.024002s ]
ERR: æ— æ³•åŠ è½½æ¨¡å—:Images

[ 2016-10-15T09:14:15+08:00 ] ::1 /jd/images/57abe229Nb411cefa.jpg
INFO: [ app_init ] --START--
INFO: Run Behavior\BuildLiteBehavior [ RunTime:0.000000s ]
INFO: [ app_init ] --END-- [ RunTime:0.023001s ]
ERR: æ— æ³•åŠ è½½æ¨¡å—:Images

[ 2016-10-15T09:14:15+08:00 ] ::1 /jd/images/57aadd1eNf2b38e29.jpg
INFO: [ app_init ] --START--
INFO: Run Behavior\BuildLiteBehavior [ RunTime:0.000000s ]
INFO: [ app_init ] --END-- [ RunTime:0.021001s ]
ERR: æ— æ³•åŠ è½½æ¨¡å—:Images

[ 2016-10-15T09:14:15+08:00 ] ::1 /jd/images/5620506fNd536f2d9.jpg
INFO: [ app_init ] --START--
INFO: Run Behavior\BuildLiteBehavior [ RunTime:0.000000s ]
INFO: [ app_init ] --END-- [ RunTime:0.009001s ]
ERR: æ— æ³•åŠ è½½æ¨¡å—:Images

[ 2016-10-15T09:14:15+08:00 ] ::1 /jd/images/57aa96feN74d3e357.jpg
INFO: [ app_init ] --START--
INFO: Run Behavior\BuildLiteBehavior [ RunTime:0.000000s ]
INFO: [ app_init ] --END-- [ RunTime:0.026001s ]
ERR: æ— æ³•åŠ è½½æ¨¡å—:Images

[ 2016-10-15T09:14:15+08:00 ] ::1 /jd/images/56f4fda6Ne0d3589c.jpg
INFO: [ app_init ] --START--
INFO: Run Behavior\BuildLiteBehavior [ RunTime:0.000000s ]
INFO: [ app_init ] --END-- [ RunTime:0.024002s ]
ERR: æ— æ³•åŠ è½½æ¨¡å—:Images

[ 2016-10-15T09:14:15+08:00 ] ::1 /jd/images/57aaca68N1dc1df7b.jpg
INFO: [ app_init ] --START--
INFO: Run Behavior\BuildLiteBehavior [ RunTime:0.000000s ]
INFO: [ app_init ] --END-- [ RunTime:0.006000s ]
ERR: æ— æ³•åŠ è½½æ¨¡å—:Images

[ 2016-10-15T09:14:16+08:00 ] ::1 /jd/images/rBEbRlNsvGoIAAAAAAMPWqybndgAAAuZwHzyNsAAw9y715.jpg
INFO: [ app_init ] --START--
INFO: Run Behavior\BuildLiteBehavior [ RunTime:0.000000s ]
INFO: [ app_init ] --END-- [ RunTime:0.002000s ]
ERR: æ— æ³•åŠ è½½æ¨¡å—:Images

[ 2016-10-15T09:14:16+08:00 ] ::1 /jd/images/5763ad44Nd29dc824.jpg
INFO: [ app_init ] --START--
INFO: Run Behavior\BuildLiteBehavior [ RunTime:0.000000s ]
INFO: [ app_init ] --END-- [ RunTime:0.028002s ]
ERR: æ— æ³•åŠ è½½æ¨¡å—:Images

[ 2016-10-15T09:14:16+08:00 ] ::1 /jd/images/57720f10N916a423d.jpg
INFO: [ app_init ] --START--
INFO: Run Behavior\BuildLiteBehavior [ RunTime:0.000000s ]
INFO: [ app_init ] --END-- [ RunTime:0.017001s ]
ERR: æ— æ³•åŠ è½½æ¨¡å—:Images

[ 2016-10-15T09:14:16+08:00 ] ::1 /jd/images/5716e2c4Nc925baf3.jpg
INFO: [ app_init ] --START--
INFO: Run Behavior\BuildLiteBehavior [ RunTime:0.000000s ]
INFO: [ app_init ] --END-- [ RunTime:0.023001s ]
ERR: æ— æ³•åŠ è½½æ¨¡å—:Images

[ 2016-10-15T09:14:16+08:00 ] ::1 /jd/images/575d1934Nb59e3dfd.jpg
INFO: [ app_init ] --START--
INFO: Run Behavior\BuildLiteBehavior [ RunTime:0.000000s ]
INFO: [ app_init ] --END-- [ RunTime:0.006001s ]
ERR: æ— æ³•åŠ è½½æ¨¡å—:Images

[ 2016-10-15T09:14:16+08:00 ] ::1 /jd/images/5786128bN6232ac1b.jpg
INFO: [ app_init ] --START--
INFO: Run Behavior\BuildLiteBehavior [ RunTime:0.000000s ]
INFO: [ app_init ] --END-- [ RunTime:0.040002s ]
ERR: æ— æ³•åŠ è½½æ¨¡å—:Images

[ 2016-10-15T09:14:16+08:00 ] ::1 /jd/images/56c04bc6Nb1e3b063.jpg
INFO: [ app_init ] --START--
INFO: Run Behavior\BuildLiteBehavior [ RunTime:0.000000s ]
INFO: [ app_init ] --END-- [ RunTime:0.025002s ]
ERR: æ— æ³•åŠ è½½æ¨¡å—:Images

[ 2016-10-15T09:14:16+08:00 ] ::1 /jd/images/564d4328N6fb33fc8.png
INFO: [ app_init ] --START--
INFO: Run Behavior\BuildLiteBehavior [ RunTime:0.000000s ]
INFO: [ app_init ] --END-- [ RunTime:0.009001s ]
ERR: æ— æ³•åŠ è½½æ¨¡å—:Images

[ 2016-10-15T09:14:16+08:00 ] ::1 /jd/images/575d1964Nb291ee77.jpg
INFO: [ app_init ] --START--
INFO: Run Behavior\BuildLiteBehavior [ RunTime:0.000000s ]
INFO: [ app_init ] --END-- [ RunTime:0.011000s ]
ERR: æ— æ³•åŠ è½½æ¨¡å—:Images

[ 2016-10-15T09:14:16+08:00 ] ::1 /jd/images/55dd8673N4c58a983.jpg
INFO: [ app_init ] --START--
INFO: Run Behavior\BuildLiteBehavior [ RunTime:0.000000s ]
INFO: [ app_init ] --END-- [ RunTime:0.022001s ]
ERR: æ— æ³•åŠ è½½æ¨¡å—:Images

[ 2016-10-15T09:14:16+08:00 ] ::1 /jd/images/572966eeN007d6ad3.jpg
INFO: [ app_init ] --START--
INFO: Run Behavior\BuildLiteBehavior [ RunTime:0.000000s ]
INFO: [ app_init ] --END-- [ RunTime:0.028002s ]
ERR: æ— æ³•åŠ è½½æ¨¡å—:Images

[ 2016-10-15T09:14:16+08:00 ] ::1 /jd/images/toolbars.png
INFO: [ app_init ] --START--
INFO: Run Behavior\BuildLiteBehavior [ RunTime:0.000000s ]
INFO: [ app_init ] --END-- [ RunTime:0.006000s ]
ERR: æ— æ³•åŠ è½½æ¨¡å—:Images

[ 2016-10-15T09:14:16+08:00 ] ::1 /jd/images/57ab4467Na5249097.jpg
INFO: [ app_init ] --START--
INFO: Run Behavior\BuildLiteBehavior [ RunTime:0.000000s ]
INFO: [ app_init ] --END-- [ RunTime:0.013001s ]
ERR: æ— æ³•åŠ è½½æ¨¡å—:Images

[ 2016-10-15T09:14:16+08:00 ] ::1 /jd/images/57ab40f6N5bbae5fb.jpg
INFO: [ app_init ] --START--
INFO: Run Behavior\BuildLiteBehavior [ RunTime:0.000000s ]
INFO: [ app_init ] --END-- [ RunTime:0.007000s ]
ERR: æ— æ³•åŠ è½½æ¨¡å—:Images

[ 2016-10-15T09:14:16+08:00 ] ::1 /jd/images/57abe7deN6a981fe3.jpg
INFO: [ app_init ] --START--
INFO: Run Behavior\BuildLiteBehavior [ RunTime:0.001000s ]
INFO: [ app_init ] --END-- [ RunTime:0.008000s ]
ERR: æ— æ³•åŠ è½½æ¨¡å—:Images

[ 2016-10-15T09:14:17+08:00 ] ::1 /jd/images/57ab36eeN606c8f85.jpg
INFO: [ app_init ] --START--
INFO: Run Behavior\BuildLiteBehavior [ RunTime:0.000000s ]
INFO: [ app_init ] --END-- [ RunTime:0.010001s ]
ERR: æ— æ³•åŠ è½½æ¨¡å—:Images

[ 2016-10-15T09:14:17+08:00 ] ::1 /jd/images/57ab4142Nb5d50ec9.jpg
INFO: [ app_init ] --START--
INFO: Run Behavior\BuildLiteBehavior [ RunTime:0.000000s ]
INFO: [ app_init ] --END-- [ RunTime:0.008000s ]
ERR: æ— æ³•åŠ è½½æ¨¡å—:Images

[ 2016-10-15T09:14:17+08:00 ] ::1 /jd/images/57aca738N08746115.jpg
INFO: [ app_init ] --START--
INFO: Run Behavior\BuildLiteBehavior [ RunTime:0.000000s ]
INFO: [ app_init ] --END-- [ RunTime:0.008000s ]
ERR: æ— æ³•åŠ è½½æ¨¡å—:Images

[ 2016-10-15T09:14:17+08:00 ] ::1 /jd/images/57ab3b7aN752faf62.jpg
INFO: [ app_init ] --START--
INFO: Run Behavior\BuildLiteBehavior [ RunTime:0.000000s ]
INFO: [ app_init ] --END-- [ RunTime:0.010001s ]
ERR: æ— æ³•åŠ è½½æ¨¡å—:Images

[ 2016-10-15T09:14:17+08:00 ] ::1 /jd/images/57ab40ffN9149205a.jpg
INFO: [ app_init ] --START--
INFO: Run Behavior\BuildLiteBehavior [ RunTime:0.000000s ]
INFO: [ app_init ] --END-- [ RunTime:0.014001s ]
ERR: æ— æ³•åŠ è½½æ¨¡å—:Images

[ 2016-10-15T09:14:17+08:00 ] ::1 /jd/images/57ab3ba7Ne8aa38d6.jpg
INFO: [ app_init ] --START--
INFO: Run Behavior\BuildLiteBehavior [ RunTime:0.000000s ]
INFO: [ app_init ] --END-- [ RunTime:0.031002s ]
ERR: æ— æ³•åŠ è½½æ¨¡å—:Images

[ 2016-10-15T09:14:17+08:00 ] ::1 /jd/images/57abd0e3N30d508c4.jpg
INFO: [ app_init ] --START--
INFO: Run Behavior\BuildLiteBehavior [ RunTime:0.001000s ]
INFO: [ app_init ] --END-- [ RunTime:0.005001s ]
ERR: æ— æ³•åŠ è½½æ¨¡å—:Images

[ 2016-10-15T09:14:17+08:00 ] ::1 /jd/images/57aca799N1aea7c6a.jpg
INFO: [ app_init ] --START--
INFO: Run Behavior\BuildLiteBehavior [ RunTime:0.000000s ]
INFO: [ app_init ] --END-- [ RunTime:0.012000s ]
ERR: æ— æ³•åŠ è½½æ¨¡å—:Images

[ 2016-10-15T09:14:17+08:00 ] ::1 /jd/images/57ab375aN9c8c3b0c.jpg
INFO: [ app_init ] --START--
INFO: Run Behavior\BuildLiteBehavior [ RunTime:0.000000s ]
INFO: [ app_init ] --END-- [ RunTime:0.016001s ]
ERR: æ— æ³•åŠ è½½æ¨¡å—:Images

[ 2016-10-15T09:14:17+08:00 ] ::1 /jd/images/57ab3b92Nc398139e.jpg
INFO: [ app_init ] --START--
INFO: Run Behavior\BuildLiteBehavior [ RunTime:0.001000s ]
INFO: [ app_init ] --END-- [ RunTime:0.009000s ]
ERR: æ— æ³•åŠ è½½æ¨¡å—:Images

[ 2016-10-15T09:14:18+08:00 ] ::1 /jd/images/57ab412bN234da59f.jpg
INFO: [ app_init ] --START--
INFO: Run Behavior\BuildLiteBehavior [ RunTime:0.000000s ]
INFO: [ app_init ] --END-- [ RunTime:0.007000s ]
ERR: æ— æ³•åŠ è½½æ¨¡å—:Images

[ 2016-10-15T09:14:18+08:00 ] ::1 /jd/images/57adb16dNa786cc78.jpg
INFO: [ app_init ] --START--
INFO: Run Behavior\BuildLiteBehavior [ RunTime:0.000000s ]
INFO: [ app_init ] --END-- [ RunTime:0.016001s ]
ERR: æ— æ³•åŠ è½½æ¨¡å—:Images

[ 2016-10-15T09:14:18+08:00 ] ::1 /jd/images/56a18373N6375b55f.jpg
INFO: [ app_init ] --START--
INFO: Run Behavior\BuildLiteBehavior [ RunTime:0.000000s ]
INFO: [ app_init ] --END-- [ RunTime:0.008000s ]
ERR: æ— æ³•åŠ è½½æ¨¡å—:Images

[ 2016-10-15T09:14:18+08:00 ] ::1 /jd/images/5796d67eNd964ea91.jpg
INFO: [ app_init ] --START--
INFO: Run Behavior\BuildLiteBehavior [ RunTime:0.000000s ]
INFO: [ app_init ] --END-- [ RunTime:0.021001s ]
ERR: æ— æ³•åŠ è½½æ¨¡å—:Images

[ 2016-10-15T09:14:18+08:00 ] ::1 /jd/images/57aa9b75Ne74b9eea.jpg
INFO: [ app_init ] --START--
INFO: Run Behavior\BuildLiteBehavior [ RunTime:0.000000s ]
INFO: [ app_init ] --END-- [ RunTime:0.017001s ]
ERR: æ— æ³•åŠ è½½æ¨¡å—:Images

[ 2016-10-15T09:14:18+08:00 ] ::1 /jd/images/5795c359Ndbc6c150.jpg
INFO: [ app_init ] --START--
INFO: Run Behavior\BuildLiteBehavior [ RunTime:0.000000s ]
INFO: [ app_init ] --END-- [ RunTime:0.088005s ]
ERR: æ— æ³•åŠ è½½æ¨¡å—:Images

[ 2016-10-15T09:14:18+08:00 ] ::1 /jd/images/5799ad83N7809c49e.jpg
INFO: [ app_init ] --START--
INFO: Run Behavior\BuildLiteBehavior [ RunTime:0.000000s ]
INFO: [ app_init ] --END-- [ RunTime:0.008001s ]
ERR: æ— æ³•åŠ è½½æ¨¡å—:Images

[ 2016-10-15T09:14:18+08:00 ] ::1 /jd/images/56551775Naa32394e.jpg
INFO: [ app_init ] --START--
INFO: Run Behavior\BuildLiteBehavior [ RunTime:0.000000s ]
INFO: [ app_init ] --END-- [ RunTime:0.012001s ]
ERR: æ— æ³•åŠ è½½æ¨¡å—:Images

[ 2016-10-15T09:14:19+08:00 ] ::1 /jd/images/57a2a45bN28212d6d.jpg
INFO: [ app_init ] --START--
INFO: Run Behavior\BuildLiteBehavior [ RunTime:0.000000s ]
INFO: [ app_init ] --END-- [ RunTime:0.022001s ]
ERR: æ— æ³•åŠ è½½æ¨¡å—:Images

[ 2016-10-15T09:14:19+08:00 ] ::1 /jd/images/57aadfa4Neab3f382.jpg
INFO: [ app_init ] --START--
INFO: Run Behavior\BuildLiteBehavior [ RunTime:0.000000s ]
INFO: [ app_init ] --END-- [ RunTime:0.026002s ]
ERR: æ— æ³•åŠ è½½æ¨¡å—:Images

[ 2016-10-15T09:14:19+08:00 ] ::1 /jd/images/57af2a45N94024ec0.jpg
INFO: [ app_init ] --START--
INFO: Run Behavior\BuildLiteBehavior [ RunTime:0.000000s ]
INFO: [ app_init ] --END-- [ RunTime:0.013001s ]
ERR: æ— æ³•åŠ è½½æ¨¡å—:Images

[ 2016-10-15T09:14:19+08:00 ] ::1 /jd/images/57af2a5aN0c2f58eb.jpg
INFO: [ app_init ] --START--
INFO: Run Behavior\BuildLiteBehavior [ RunTime:0.000000s ]
INFO: [ app_init ] --END-- [ RunTime:0.036002s ]
ERR: æ— æ³•åŠ è½½æ¨¡å—:Images

[ 2016-10-15T09:14:19+08:00 ] ::1 /jd/images/57af2a9bN08d95b13.jpg
INFO: [ app_init ] --START--
INFO: Run Behavior\BuildLiteBehavior [ RunTime:0.000000s ]
INFO: [ app_init ] --END-- [ RunTime:0.003000s ]
ERR: æ— æ³•åŠ è½½æ¨¡å—:Images

[ 2016-10-15T09:14:19+08:00 ] ::1 /jd/images/57a976b7N85a78386.jpg
INFO: [ app_init ] --START--
INFO: Run Behavior\BuildLiteBehavior [ RunTime:0.000000s ]
INFO: [ app_init ] --END-- [ RunTime:0.001000s ]
ERR: æ— æ³•åŠ è½½æ¨¡å—:Images

[ 2016-10-15T09:14:19+08:00 ] ::1 /jd/images/57ab385cNf59693ca.jpg
INFO: [ app_init ] --START--
INFO: Run Behavior\BuildLiteBehavior [ RunTime:0.000000s ]
INFO: [ app_init ] --END-- [ RunTime:0.014000s ]
ERR: æ— æ³•åŠ è½½æ¨¡å—:Images

[ 2016-10-15T09:14:19+08:00 ] ::1 /jd/images/57a97904N2fe89edf.jpg
INFO: [ app_init ] --START--
INFO: Run Behavior\BuildLiteBehavior [ RunTime:0.000000s ]
INFO: [ app_init ] --END-- [ RunTime:0.004001s ]
ERR: æ— æ³•åŠ è½½æ¨¡å—:Images

[ 2016-10-15T09:14:19+08:00 ] ::1 /jd/images/57a977d5N9f1c5518.jpg
INFO: [ app_init ] --START--
INFO: Run Behavior\BuildLiteBehavior [ RunTime:0.000000s ]
INFO: [ app_init ] --END-- [ RunTime:0.004000s ]
ERR: æ— æ³•åŠ è½½æ¨¡å—:Images

[ 2016-10-15T09:14:20+08:00 ] ::1 /jd/images/5745776dN2d66c751.jpg
INFO: [ app_init ] --START--
INFO: Run Behavior\BuildLiteBehavior [ RunTime:0.001000s ]
INFO: [ app_init ] --END-- [ RunTime:0.002000s ]
ERR: æ— æ³•åŠ è½½æ¨¡å—:Images

[ 2016-10-15T09:14:21+08:00 ] ::1 /jd/images/57af2becN8ab25828.jpg
INFO: [ app_init ] --START--
INFO: Run Behavior\BuildLiteBehavior [ RunTime:0.000000s ]
INFO: [ app_init ] --END-- [ RunTime:0.001000s ]
ERR: æ— æ³•åŠ è½½æ¨¡å—:Images

[ 2016-10-15T09:14:21+08:00 ] ::1 /jd/images/57aa912bN257571b4.jpg
INFO: [ app_init ] --START--
INFO: Run Behavior\BuildLiteBehavior [ RunTime:0.000000s ]
INFO: [ app_init ] --END-- [ RunTime:0.002000s ]
ERR: æ— æ³•åŠ è½½æ¨¡å—:Images

[ 2016-10-15T09:14:21+08:00 ] ::1 /jd/images/57af2c4dN0f67c5b9.jpg
INFO: [ app_init ] --START--
INFO: Run Behavior\BuildLiteBehavior [ RunTime:0.001000s ]
INFO: [ app_init ] --END-- [ RunTime:0.028001s ]
ERR: æ— æ³•åŠ è½½æ¨¡å—:Images

[ 2016-10-15T09:14:21+08:00 ] ::1 /jd/images/57af2c60Nce914627.jpg
INFO: [ app_init ] --START--
INFO: Run Behavior\BuildLiteBehavior [ RunTime:0.000000s ]
INFO: [ app_init ] --END-- [ RunTime:0.017001s ]
ERR: æ— æ³•åŠ è½½æ¨¡å—:Images

[ 2016-10-15T09:14:21+08:00 ] ::1 /jd/images/57a9778bNaa6c21a1.jpg
INFO: [ app_init ] --START--
INFO: Run Behavior\BuildLiteBehavior [ RunTime:0.000000s ]
INFO: [ app_init ] --END-- [ RunTime:0.002000s ]
ERR: æ— æ³•åŠ è½½æ¨¡å—:Images

[ 2016-10-15T09:14:21+08:00 ] ::1 /jd/images/57a97870N5972ed90.jpg
INFO: [ app_init ] --START--
INFO: Run Behavior\BuildLiteBehavior [ RunTime:0.001000s ]
INFO: [ app_init ] --END-- [ RunTime:0.002000s ]
ERR: æ— æ³•åŠ è½½æ¨¡å—:Images

[ 2016-10-15T09:14:21+08:00 ] ::1 /jd/images/57af2c39Ne99dd55b.jpg
INFO: [ app_init ] --START--
INFO: Run Behavior\BuildLiteBehavior [ RunTime:0.000000s ]
INFO: [ app_init ] --END-- [ RunTime:0.016001s ]
ERR: æ— æ³•åŠ è½½æ¨¡å—:Images

[ 2016-10-15T09:14:21+08:00 ] ::1 /jd/images/57a9781dN7e4cca1a.jpg
INFO: [ app_init ] --START--
INFO: Run Behavior\BuildLiteBehavior [ RunTime:0.000000s ]
INFO: [ app_init ] --END-- [ RunTime:0.006001s ]
ERR: æ— æ³•åŠ è½½æ¨¡å—:Images

[ 2016-10-15T09:14:21+08:00 ] ::1 /jd/images/57abe0d0N22503beb.jpg
INFO: [ app_init ] --START--
INFO: Run Behavior\BuildLiteBehavior [ RunTime:0.000000s ]
INFO: [ app_init ] --END-- [ RunTime:0.009000s ]
ERR: æ— æ³•åŠ è½½æ¨¡å—:Images

[ 2016-10-15T09:14:21+08:00 ] ::1 /jd/images/57a7e541N6ec6c73d.jpg
INFO: [ app_init ] --START--
INFO: Run Behavior\BuildLiteBehavior [ RunTime:0.000000s ]
INFO: [ app_init ] --END-- [ RunTime:0.012001s ]
ERR: æ— æ³•åŠ è½½æ¨¡å—:Images

[ 2016-10-15T09:14:22+08:00 ] ::1 /jd/images/57a7e567N9d0460df.jpg
INFO: [ app_init ] --START--
INFO: Run Behavior\BuildLiteBehavior [ RunTime:0.000000s ]
INFO: [ app_init ] --END-- [ RunTime:0.009000s ]
ERR: æ— æ³•åŠ è½½æ¨¡å—:Images

[ 2016-10-15T09:14:22+08:00 ] ::1 /jd/images/57a7e555Ne455c67b.jpg
INFO: [ app_init ] --START--
INFO: Run Behavior\BuildLiteBehavior [ RunTime:0.000000s ]
INFO: [ app_init ] --END-- [ RunTime:0.015001s ]
ERR: æ— æ³•åŠ è½½æ¨¡å—:Images

[ 2016-10-15T09:14:22+08:00 ] ::1 /jd/images/57a7e57cNb8797b99.jpg
INFO: [ app_init ] --START--
INFO: Run Behavior\BuildLiteBehavior [ RunTime:0.000000s ]
INFO: [ app_init ] --END-- [ RunTime:0.001000s ]
ERR: æ— æ³•åŠ è½½æ¨¡å—:Images

[ 2016-10-15T09:14:22+08:00 ] ::1 /jd/images/57a7e58eN2dd2816f.jpg
INFO: [ app_init ] --START--
INFO: Run Behavior\BuildLiteBehavior [ RunTime:0.001000s ]
INFO: [ app_init ] --END-- [ RunTime:0.006000s ]
ERR: æ— æ³•åŠ è½½æ¨¡å—:Images

[ 2016-10-15T09:14:22+08:00 ] ::1 /jd/images/57ac1c56Nab40380d.png
INFO: [ app_init ] --START--
INFO: Run Behavior\BuildLiteBehavior [ RunTime:0.000000s ]
INFO: [ app_init ] --END-- [ RunTime:0.001000s ]
ERR: æ— æ³•åŠ è½½æ¨¡å—:Images

[ 2016-10-15T09:14:22+08:00 ] ::1 /jd/images/5795b807N8d1ea1cc.jpg
INFO: [ app_init ] --START--
INFO: Run Behavior\BuildLiteBehavior [ RunTime:0.000000s ]
INFO: [ app_init ] --END-- [ RunTime:0.002000s ]
ERR: æ— æ³•åŠ è½½æ¨¡å—:Images

[ 2016-10-15T09:14:22+08:00 ] ::1 /jd/images/5732ec02N847c5d0f.jpg
INFO: [ app_init ] --START--
INFO: Run Behavior\BuildLiteBehavior [ RunTime:0.000000s ]
INFO: [ app_init ] --END-- [ RunTime:0.019001s ]
ERR: æ— æ³•åŠ è½½æ¨¡å—:Images

[ 2016-10-15T09:14:22+08:00 ] ::1 /jd/images/579b8341Ne1acc0d2.jpg
INFO: [ app_init ] --START--
INFO: Run Behavior\BuildLiteBehavior [ RunTime:0.000000s ]
INFO: [ app_init ] --END-- [ RunTime:0.014001s ]
ERR: æ— æ³•åŠ è½½æ¨¡å—:Images

[ 2016-10-15T09:14:22+08:00 ] ::1 /jd/images/573af131N526a6b0f.jpg
INFO: [ app_init ] --START--
INFO: Run Behavior\BuildLiteBehavior [ RunTime:0.000000s ]
INFO: [ app_init ] --END-- [ RunTime:0.006001s ]
ERR: æ— æ³•åŠ è½½æ¨¡å—:Images

[ 2016-10-15T09:14:22+08:00 ] ::1 /jd/images/57b2f7b4N3218ff2a.jpg
INFO: [ app_init ] --START--
INFO: Run Behavior\BuildLiteBehavior [ RunTime:0.000000s ]
INFO: [ app_init ] --END-- [ RunTime:0.007000s ]
ERR: æ— æ³•åŠ è½½æ¨¡å—:Images

[ 2016-10-15T09:14:23+08:00 ] ::1 /jd/images/54a24d82N57b340ce.jpg
INFO: [ app_init ] --START--
INFO: Run Behavior\BuildLiteBehavior [ RunTime:0.000000s ]
INFO: [ app_init ] --END-- [ RunTime:0.008001s ]
ERR: æ— æ³•åŠ è½½æ¨¡å—:Images

[ 2016-10-15T09:14:23+08:00 ] ::1 /jd/images/53fbeacdNdc6933bd.jpg
INFO: [ app_init ] --START--
INFO: Run Behavior\BuildLiteBehavior [ RunTime:0.000000s ]
INFO: [ app_init ] --END-- [ RunTime:0.016001s ]
ERR: æ— æ³•åŠ è½½æ¨¡å—:Images

[ 2016-10-15T09:14:23+08:00 ] ::1 /jd/images/54b63bd7Nce1a9737.jpg
INFO: [ app_init ] --START--
INFO: Run Behavior\BuildLiteBehavior [ RunTime:0.000000s ]
INFO: [ app_init ] --END-- [ RunTime:0.047003s ]
ERR: æ— æ³•åŠ è½½æ¨¡å—:Images

[ 2016-10-15T09:14:23+08:00 ] ::1 /jd/images/570cd587N9edbc02a.jpg
INFO: [ app_init ] --START--
INFO: Run Behavior\BuildLiteBehavior [ RunTime:0.000000s ]
INFO: [ app_init ] --END-- [ RunTime:0.001000s ]
ERR: æ— æ³•åŠ è½½æ¨¡å—:Images

[ 2016-10-15T09:14:23+08:00 ] ::1 /jd/images/service_items_1.png
INFO: [ app_init ] --START--
INFO: Run Behavior\BuildLiteBehavior [ RunTime:0.000000s ]
INFO: [ app_init ] --END-- [ RunTime:0.001000s ]
ERR: æ— æ³•åŠ è½½æ¨¡å—:Images

[ 2016-10-15T09:14:23+08:00 ] ::1 /jd/js/jquery-1.4.3.js
INFO: [ app_init ] --START--
INFO: Run Behavior\BuildLiteBehavior [ RunTime:0.000000s ]
INFO: [ app_init ] --END-- [ RunTime:0.003001s ]
ERR: æ— æ³•åŠ è½½æ¨¡å—:Js

[ 2016-10-15T09:14:23+08:00 ] ::1 /jd/images/service_items_4.png
INFO: [ app_init ] --START--
INFO: Run Behavior\BuildLiteBehavior [ RunTime:0.000000s ]
INFO: [ app_init ] --END-- [ RunTime:0.001000s ]
ERR: æ— æ³•åŠ è½½æ¨¡å—:Images

[ 2016-10-15T09:14:23+08:00 ] ::1 /jd/images/57b15e50N9a7e0ed3.jpg
INFO: [ app_init ] --START--
INFO: Run Behavior\BuildLiteBehavior [ RunTime:0.000000s ]
INFO: [ app_init ] --END-- [ RunTime:0.001000s ]
ERR: æ— æ³•åŠ è½½æ¨¡å—:Images

[ 2016-10-15T09:14:23+08:00 ] ::1 /jd/images/5566826bN8ec67498.jpg
INFO: [ app_init ] --START--
INFO: Run Behavior\BuildLiteBehavior [ RunTime:0.000000s ]
INFO: [ app_init ] --END-- [ RunTime:0.001000s ]
ERR: æ— æ³•åŠ è½½æ¨¡å—:Images

[ 2016-10-15T09:14:23+08:00 ] ::1 /jd/images/service_items_2.png
INFO: [ app_init ] --START--
INFO: Run Behavior\BuildLiteBehavior [ RunTime:0.000000s ]
INFO: [ app_init ] --END-- [ RunTime:0.001001s ]
ERR: æ— æ³•åŠ è½½æ¨¡å—:Images

[ 2016-10-15T09:14:23+08:00 ] ::1 /jd/images/service_items_3.png
INFO: [ app_init ] --START--
INFO: Run Behavior\BuildLiteBehavior [ RunTime:0.000000s ]
INFO: [ app_init ] --END-- [ RunTime:0.002000s ]
ERR: æ— æ³•åŠ è½½æ¨¡å—:Images

[ 2016-10-15T09:14:23+08:00 ] ::1 /jd/js/HeaderFooter.js
INFO: [ app_init ] --START--
INFO: Run Behavior\BuildLiteBehavior [ RunTime:0.000000s ]
INFO: [ app_init ] --END-- [ RunTime:0.001000s ]
ERR: æ— æ³•åŠ è½½æ¨¡å—:Js

[ 2016-10-15T09:14:23+08:00 ] ::1 /jd/js/jd.js
INFO: [ app_init ] --START--
INFO: Run Behavior\BuildLiteBehavior [ RunTime:0.000000s ]
INFO: [ app_init ] --END-- [ RunTime:0.001000s ]
ERR: æ— æ³•åŠ è½½æ¨¡å—:Js

[ 2016-10-15T09:14:23+08:00 ] ::1 /jd/images/54b8871eNa9a7067e.png
INFO: [ app_init ] --START--
INFO: Run Behavior\BuildLiteBehavior [ RunTime:0.000000s ]
INFO: [ app_init ] --END-- [ RunTime:0.005000s ]
ERR: æ— æ³•åŠ è½½æ¨¡å—:Images

[ 2016-10-15T09:14:23+08:00 ] ::1 /jd/images/56a89b8fNfbaade9a.jpg
INFO: [ app_init ] --START--
INFO: Run Behavior\BuildLiteBehavior [ RunTime:0.000000s ]
INFO: [ app_init ] --END-- [ RunTime:0.004000s ]
ERR: æ— æ³•åŠ è½½æ¨¡å—:Images

[ 2016-10-15T09:14:24+08:00 ] ::1 /jd/images/54b8872dNe37a9860.png
INFO: [ app_init ] --START--
INFO: Run Behavior\BuildLiteBehavior [ RunTime:0.000000s ]
INFO: [ app_init ] --END-- [ RunTime:0.027002s ]
ERR: æ— æ³•åŠ è½½æ¨¡å—:Images

[ 2016-10-15T09:14:24+08:00 ] ::1 /jd/images/56a0a994Nf1b662dc.png
INFO: [ app_init ] --START--
INFO: Run Behavior\BuildLiteBehavior [ RunTime:0.000000s ]
INFO: [ app_init ] --END-- [ RunTime:0.015000s ]
ERR: æ— æ³•åŠ è½½æ¨¡å—:Images

[ 2016-10-15T09:14:24+08:00 ] ::1 /jd/images/54b8875fNad1e0c4c.png
INFO: [ app_init ] --START--
INFO: Run Behavior\BuildLiteBehavior [ RunTime:0.000000s ]
INFO: [ app_init ] --END-- [ RunTime:0.008000s ]
ERR: æ— æ³•åŠ è½½æ¨¡å—:Images

[ 2016-10-15T09:14:24+08:00 ] ::1 /jd/images/5698dc16Nb2ab99df.jpg
INFO: [ app_init ] --START--
INFO: Run Behavior\BuildLiteBehavior [ RunTime:0.000000s ]
INFO: [ app_init ] --END-- [ RunTime:0.002000s ]
ERR: æ— æ³•åŠ è½½æ¨¡å—:Images

[ 2016-10-15T09:14:24+08:00 ] ::1 /jd/images/5698dc03N23f2e3b8.jpg
INFO: [ app_init ] --START--
INFO: Run Behavior\BuildLiteBehavior [ RunTime:0.001000s ]
INFO: [ app_init ] --END-- [ RunTime:0.002000s ]
ERR: æ— æ³•åŠ è½½æ¨¡å—:Images

[ 2016-10-15T09:14:26+08:00 ] ::1 /jd/js/HeaderFooter.js
INFO: [ app_init ] --START--
INFO: Run Behavior\BuildLiteBehavior [ RunTime:0.000000s ]
INFO: [ app_init ] --END-- [ RunTime:0.002000s ]
ERR: æ— æ³•åŠ è½½æ¨¡å—:Js

[ 2016-10-15T09:14:26+08:00 ] ::1 /jd/js/jd.js
INFO: [ app_init ] --START--
INFO: Run Behavior\BuildLiteBehavior [ RunTime:0.000000s ]
INFO: [ app_init ] --END-- [ RunTime:0.002000s ]
ERR: æ— æ³•åŠ è½½æ¨¡å—:Js

