[ 2016-11-14T00:02:25+08:00 ] ::1 /jd/index.php/Home/User/buynow.html?jeanName=[%E5%8C%85%E9%82%AE]%E7%88%B1%E7%88%B1%E4%B8%B810.17%E5%86%AC%E8%A3%85%E6%96%B0%E6%AC%BE%E5%9F%BA%E7%A1%80%E7%99%BE%E6%90%AD%E6%8B%BC%E6%8E%A5%E5%8D%B7%E8%BE%B9%E5%B0%8F%E8%84%9A%E5%BC%B9%E5%8A%9B%E7%89%9B%E4%BB%94%E9%93%85%E7%AC%94%E8%A3%A4&fashion_img=/jd/Public/images/14785752859276YdWVzuRGls.jpg&price=%3Ci%3E%EF%BF%A5%3C/i%3E56&fashion_name=%E9%BB%91%E8%89%B2&size=L&number=1&totalStorage=5645
INFO: [ app_init ] --START--
INFO: Run Behavior\BuildLiteBehavior [ RunTime:0.000000s ]
INFO: [ app_init ] --END-- [ RunTime:0.005001s ]
INFO: [ app_begin ] --START--
INFO: Run Behavior\ReadHtmlCacheBehavior [ RunTime:0.003000s ]
INFO: [ app_begin ] --END-- [ RunTime:0.003000s ]
SQL: SHOW COLUMNS FROM `shop_user` [ RunTime:0.0120s ]
NOTIC: [2] Missing argument 1 for Think\Model::getField(), called in D:\xampp\htdocs\jd\Application\Home\Model\UserModel.class.php on line 15 and defined D:\xampp\htdocs\jd\ThinkPHP\Library\Think\Model.class.php 第 924 行.
NOTIC: [8] Undefined variable: field D:\xampp\htdocs\jd\ThinkPHP\Library\Think\Model.class.php 第 925 行.
SQL: SHOW COLUMNS FROM `shop_user` [ RunTime:0.0120s ]
NOTIC: [8] Undefined variable: field D:\xampp\htdocs\jd\ThinkPHP\Library\Think\Model.class.php 第 936 行.
SQL: SELECT * FROM `shop_user` WHERE `username` = 'admin' LIMIT 1   [ RunTime:0.0010s ]
SQL: SHOW COLUMNS FROM `shop_useraddress` [ RunTime:0.0120s ]
SQL: SELECT * FROM `shop_useraddress` WHERE `user_id` = 9  [ RunTime:0.0010s ]
INFO: [ view_parse ] --START--
INFO: [ template_filter ] --START--
INFO: Run Behavior\ContentReplaceBehavior [ RunTime:0.000000s ]
INFO: [ template_filter ] --END-- [ RunTime:0.000000s ]
INFO: Run Behavior\ParseTemplateBehavior [ RunTime:0.030002s ]
INFO: [ view_parse ] --END-- [ RunTime:0.030002s ]
INFO: [ view_filter ] --START--
INFO: Run Behavior\WriteHtmlCacheBehavior [ RunTime:0.002000s ]
INFO: [ view_filter ] --END-- [ RunTime:0.002000s ]
INFO: [ app_end ] --START--
INFO: Run Behavior\ShowPageTraceBehavior [ RunTime:0.003000s ]
INFO: [ app_end ] --END-- [ RunTime:0.003000s ]

[ 2016-11-14T00:06:44+08:00 ] ::1 /jd/index.php/Home/User/buynow.html?jeanName=[%E5%8C%85%E9%82%AE]%E7%88%B1%E7%88%B1%E4%B8%B810.17%E5%86%AC%E8%A3%85%E6%96%B0%E6%AC%BE%E5%9F%BA%E7%A1%80%E7%99%BE%E6%90%AD%E6%8B%BC%E6%8E%A5%E5%8D%B7%E8%BE%B9%E5%B0%8F%E8%84%9A%E5%BC%B9%E5%8A%9B%E7%89%9B%E4%BB%94%E9%93%85%E7%AC%94%E8%A3%A4&fashion_img=/jd/Public/images/14785752859276YdWVzuRGls.jpg&price=%3Ci%3E%EF%BF%A5%3C/i%3E56&fashion_name=%E9%BB%91%E8%89%B2&size=L&number=1&totalStorage=5645
INFO: [ app_init ] --START--
INFO: Run Behavior\BuildLiteBehavior [ RunTime:0.000000s ]
INFO: [ app_init ] --END-- [ RunTime:0.001000s ]
INFO: [ app_begin ] --START--
INFO: Run Behavior\ReadHtmlCacheBehavior [ RunTime:0.004000s ]
INFO: [ app_begin ] --END-- [ RunTime:0.004000s ]
SQL: SHOW COLUMNS FROM `shop_user` [ RunTime:0.0160s ]
NOTIC: [2] Missing argument 1 for Think\Model::getField(), called in D:\xampp\htdocs\jd\Application\Home\Model\UserModel.class.php on line 15 and defined D:\xampp\htdocs\jd\ThinkPHP\Library\Think\Model.class.php 第 924 行.
NOTIC: [8] Undefined variable: field D:\xampp\htdocs\jd\ThinkPHP\Library\Think\Model.class.php 第 925 行.
SQL: SHOW COLUMNS FROM `shop_user` [ RunTime:0.0180s ]
NOTIC: [8] Undefined variable: field D:\xampp\htdocs\jd\ThinkPHP\Library\Think\Model.class.php 第 936 行.
SQL: SELECT * FROM `shop_user` WHERE `username` = 'admin' LIMIT 1   [ RunTime:0.0010s ]
SQL: SHOW COLUMNS FROM `shop_useraddress` [ RunTime:0.0190s ]
SQL: SELECT * FROM `shop_useraddress` WHERE `user_id` = 9  [ RunTime:0.0010s ]
INFO: [ view_parse ] --START--
INFO: [ template_filter ] --START--
INFO: Run Behavior\ContentReplaceBehavior [ RunTime:0.000000s ]
INFO: [ template_filter ] --END-- [ RunTime:0.000000s ]
INFO: Run Behavior\ParseTemplateBehavior [ RunTime:0.058003s ]
INFO: [ view_parse ] --END-- [ RunTime:0.058003s ]
INFO: [ view_filter ] --START--
INFO: Run Behavior\WriteHtmlCacheBehavior [ RunTime:0.003001s ]
INFO: [ view_filter ] --END-- [ RunTime:0.003001s ]
INFO: [ app_end ] --START--
INFO: Run Behavior\ShowPageTraceBehavior [ RunTime:0.003000s ]
INFO: [ app_end ] --END-- [ RunTime:0.003000s ]

[ 2016-11-14T00:09:33+08:00 ] ::1 /jd/index.php/Home/User/buynow.html?jeanName=[%E5%8C%85%E9%82%AE]%E7%88%B1%E7%88%B1%E4%B8%B810.17%E5%86%AC%E8%A3%85%E6%96%B0%E6%AC%BE%E5%9F%BA%E7%A1%80%E7%99%BE%E6%90%AD%E6%8B%BC%E6%8E%A5%E5%8D%B7%E8%BE%B9%E5%B0%8F%E8%84%9A%E5%BC%B9%E5%8A%9B%E7%89%9B%E4%BB%94%E9%93%85%E7%AC%94%E8%A3%A4&fashion_img=/jd/Public/images/14785752859276YdWVzuRGls.jpg&price=%3Ci%3E%EF%BF%A5%3C/i%3E56&fashion_name=%E9%BB%91%E8%89%B2&size=L&number=1&totalStorage=5645
INFO: [ app_init ] --START--
INFO: Run Behavior\BuildLiteBehavior [ RunTime:0.000000s ]
INFO: [ app_init ] --END-- [ RunTime:0.001000s ]
INFO: [ app_begin ] --START--
INFO: Run Behavior\ReadHtmlCacheBehavior [ RunTime:0.002001s ]
INFO: [ app_begin ] --END-- [ RunTime:0.002001s ]
SQL: SHOW COLUMNS FROM `shop_user` [ RunTime:0.0210s ]
NOTIC: [2] Missing argument 1 for Think\Model::getField(), called in D:\xampp\htdocs\jd\Application\Home\Model\UserModel.class.php on line 15 and defined D:\xampp\htdocs\jd\ThinkPHP\Library\Think\Model.class.php 第 924 行.
NOTIC: [8] Undefined variable: field D:\xampp\htdocs\jd\ThinkPHP\Library\Think\Model.class.php 第 925 行.
SQL: SHOW COLUMNS FROM `shop_user` [ RunTime:0.0140s ]
NOTIC: [8] Undefined variable: field D:\xampp\htdocs\jd\ThinkPHP\Library\Think\Model.class.php 第 936 行.
SQL: SELECT * FROM `shop_user` WHERE `username` = 'admin' LIMIT 1   [ RunTime:0.0010s ]
SQL: SHOW COLUMNS FROM `shop_useraddress` [ RunTime:0.0150s ]
SQL: SELECT * FROM `shop_useraddress` WHERE `user_id` = 9  [ RunTime:0.0010s ]
INFO: [ view_parse ] --START--
INFO: [ template_filter ] --START--
INFO: Run Behavior\ContentReplaceBehavior [ RunTime:0.000000s ]
INFO: [ template_filter ] --END-- [ RunTime:0.000000s ]
INFO: Run Behavior\ParseTemplateBehavior [ RunTime:0.033001s ]
INFO: [ view_parse ] --END-- [ RunTime:0.033001s ]
INFO: [ view_filter ] --START--
INFO: Run Behavior\WriteHtmlCacheBehavior [ RunTime:0.002001s ]
INFO: [ view_filter ] --END-- [ RunTime:0.002001s ]
INFO: [ app_end ] --START--
INFO: Run Behavior\ShowPageTraceBehavior [ RunTime:0.003000s ]
INFO: [ app_end ] --END-- [ RunTime:0.004000s ]

[ 2016-11-14T01:12:16+08:00 ] ::1 /jd/index.php/Home/Jean/detail.html?id=8
INFO: [ app_init ] --START--
INFO: Run Behavior\BuildLiteBehavior [ RunTime:0.000000s ]
INFO: [ app_init ] --END-- [ RunTime:0.032002s ]
INFO: [ app_begin ] --START--
INFO: Run Behavior\ReadHtmlCacheBehavior [ RunTime:0.011001s ]
INFO: [ app_begin ] --END-- [ RunTime:0.012001s ]
SQL: SHOW COLUMNS FROM `shop_jean` [ RunTime:0.0530s ]
SQL: SHOW COLUMNS FROM `shop_jean` [ RunTime:0.0190s ]
SQL: SELECT * FROM `shop_jean` WHERE `id` = 8  [ RunTime:0.0090s ]
SQL: SHOW COLUMNS FROM `shop_jeanfashion` [ RunTime:0.0140s ]
SQL: SELECT * FROM `shop_jeanfashion` WHERE `jean_id` = '8'  [ RunTime:0.0220s ]
INFO: [ view_parse ] --START--
INFO: [ template_filter ] --START--
INFO: Run Behavior\ContentReplaceBehavior [ RunTime:0.001000s ]
INFO: [ template_filter ] --END-- [ RunTime:0.001000s ]
INFO: Run Behavior\ParseTemplateBehavior [ RunTime:0.103006s ]
INFO: [ view_parse ] --END-- [ RunTime:0.103006s ]
INFO: [ view_filter ] --START--
INFO: Run Behavior\WriteHtmlCacheBehavior [ RunTime:0.020001s ]
INFO: [ view_filter ] --END-- [ RunTime:0.021001s ]
INFO: [ app_end ] --START--
INFO: Run Behavior\ShowPageTraceBehavior [ RunTime:0.038002s ]
INFO: [ app_end ] --END-- [ RunTime:0.038002s ]

[ 2016-11-14T01:37:43+08:00 ] ::1 /jd/index.php/Home/User/buynow.html?jeanName=[%E5%8C%85%E9%82%AE]%E7%88%B1%E7%88%B1%E4%B8%B810.17%E5%86%AC%E8%A3%85%E6%96%B0%E6%AC%BE%E5%9F%BA%E7%A1%80%E7%99%BE%E6%90%AD%E6%8B%BC%E6%8E%A5%E5%8D%B7%E8%BE%B9%E5%B0%8F%E8%84%9A%E5%BC%B9%E5%8A%9B%E7%89%9B%E4%BB%94%E9%93%85%E7%AC%94%E8%A3%A4&fashion_img=/jd/Public/images/14785752859276YdWVzuRGls.jpg&price=%3Ci%3E%EF%BF%A5%3C/i%3E56&fashion_name=%E9%BB%91%E8%89%B2&size=L&number=1&totalStorage=5645
INFO: [ app_init ] --START--
INFO: Run Behavior\BuildLiteBehavior [ RunTime:0.000000s ]
INFO: [ app_init ] --END-- [ RunTime:0.002000s ]
INFO: [ app_begin ] --START--
INFO: Run Behavior\ReadHtmlCacheBehavior [ RunTime:0.003000s ]
INFO: [ app_begin ] --END-- [ RunTime:0.003000s ]
SQL: SHOW COLUMNS FROM `shop_user` [ RunTime:0.0160s ]
NOTIC: [2] Missing argument 1 for Think\Model::getField(), called in D:\xampp\htdocs\jd\Application\Home\Model\UserModel.class.php on line 15 and defined D:\xampp\htdocs\jd\ThinkPHP\Library\Think\Model.class.php 第 924 行.
NOTIC: [8] Undefined variable: field D:\xampp\htdocs\jd\ThinkPHP\Library\Think\Model.class.php 第 925 行.
SQL: SHOW COLUMNS FROM `shop_user` [ RunTime:0.0170s ]
NOTIC: [8] Undefined variable: field D:\xampp\htdocs\jd\ThinkPHP\Library\Think\Model.class.php 第 936 行.
SQL: SELECT * FROM `shop_user` WHERE `username` = 'admin' LIMIT 1   [ RunTime:0.0010s ]
SQL: SHOW COLUMNS FROM `shop_useraddress` [ RunTime:0.0160s ]
SQL: SELECT * FROM `shop_useraddress` WHERE `user_id` = 9  [ RunTime:0.0010s ]
INFO: [ view_parse ] --START--
INFO: [ template_filter ] --START--
INFO: Run Behavior\ContentReplaceBehavior [ RunTime:0.001000s ]
INFO: [ template_filter ] --END-- [ RunTime:0.001000s ]
NOTIC: [8] Undefined variable: jean_id D:\xampp\htdocs\jd\Application\Runtime\Cache\Home\7c3c4c1344b07949caa5605df84721b8.php 第 257 行.
INFO: Run Behavior\ParseTemplateBehavior [ RunTime:0.057004s ]
INFO: [ view_parse ] --END-- [ RunTime:0.057004s ]
INFO: [ view_filter ] --START--
INFO: Run Behavior\WriteHtmlCacheBehavior [ RunTime:0.004000s ]
INFO: [ view_filter ] --END-- [ RunTime:0.004000s ]
INFO: [ app_end ] --START--
INFO: Run Behavior\ShowPageTraceBehavior [ RunTime:0.006000s ]
INFO: [ app_end ] --END-- [ RunTime:0.006000s ]

[ 2016-11-14T01:37:56+08:00 ] ::1 /jd/index.php/Home/Jean/getstorage?jean_id=8&fashion_name=%E9%BB%91%E8%89%B2&size=&flag=size
INFO: [ app_init ] --START--
INFO: Run Behavior\BuildLiteBehavior [ RunTime:0.000000s ]
INFO: [ app_init ] --END-- [ RunTime:0.002000s ]
INFO: [ app_begin ] --START--
INFO: Run Behavior\ReadHtmlCacheBehavior [ RunTime:0.002000s ]
INFO: [ app_begin ] --END-- [ RunTime:0.003000s ]
SQL: SHOW COLUMNS FROM `shop_jean` [ RunTime:0.0170s ]
SQL: SHOW COLUMNS FROM `shop_jean` [ RunTime:0.0190s ]
SQL: SHOW COLUMNS FROM `shop_jeanfashion` [ RunTime:0.0140s ]
SQL: SELECT `size` FROM `shop_jeanfashion` WHERE `jean_id` = '8' AND `fashion_name` = '黑色'  [ RunTime:0.0120s ]
SQL: SHOW COLUMNS FROM `shop_jeanfashion` [ RunTime:0.0620s ]
SQL: SELECT SUM(quantity) AS tp_sum FROM `shop_jeanfashion` WHERE `jean_id` = '8' AND `fashion_name` = '黑色' LIMIT 1   [ RunTime:0.0020s ]
INFO: [ app_end ] --START--
INFO: Run Behavior\ShowPageTraceBehavior [ RunTime:0.002000s ]
INFO: [ app_end ] --END-- [ RunTime:0.002000s ]

[ 2016-11-14T01:37:57+08:00 ] ::1 /jd/index.php/Home/Jean/getstorage?jean_id=8&fashion_name=%E9%BB%91%E8%89%B2&size=L&flag=fashion_name
INFO: [ app_init ] --START--
INFO: Run Behavior\BuildLiteBehavior [ RunTime:0.000000s ]
INFO: [ app_init ] --END-- [ RunTime:0.001000s ]
INFO: [ app_begin ] --START--
INFO: Run Behavior\ReadHtmlCacheBehavior [ RunTime:0.002000s ]
INFO: [ app_begin ] --END-- [ RunTime:0.002000s ]
SQL: SHOW COLUMNS FROM `shop_jean` [ RunTime:0.0140s ]
SQL: SHOW COLUMNS FROM `shop_jean` [ RunTime:0.0110s ]
SQL: SHOW COLUMNS FROM `shop_jeanfashion` [ RunTime:0.0120s ]
SQL: SELECT SUM(quantity) AS tp_sum FROM `shop_jeanfashion` WHERE `jean_id` = '8' AND `fashion_name` = '黑色' AND `size` = 'L' LIMIT 1   [ RunTime:0.0010s ]
SQL: SHOW COLUMNS FROM `shop_jeanfashion` [ RunTime:0.0140s ]
SQL: SELECT `fashion_name` FROM `shop_jeanfashion` WHERE `jean_id` = '8' AND `size` = 'L'  [ RunTime:0.0000s ]
INFO: [ app_end ] --START--
INFO: Run Behavior\ShowPageTraceBehavior [ RunTime:0.002000s ]
INFO: [ app_end ] --END-- [ RunTime:0.003000s ]

[ 2016-11-14T01:37:59+08:00 ] ::1 /jd/index.php/Home/User/buynow.html?jeanName=[%E5%8C%85%E9%82%AE]%E7%88%B1%E7%88%B1%E4%B8%B810.17%E5%86%AC%E8%A3%85%E6%96%B0%E6%AC%BE%E5%9F%BA%E7%A1%80%E7%99%BE%E6%90%AD%E6%8B%BC%E6%8E%A5%E5%8D%B7%E8%BE%B9%E5%B0%8F%E8%84%9A%E5%BC%B9%E5%8A%9B%E7%89%9B%E4%BB%94%E9%93%85%E7%AC%94%E8%A3%A4&fashion_img=/jd/Public/images/14785752859276YdWVzuRGls.jpg&price=%3Ci%3E%EF%BF%A5%3C/i%3E56&fashion_name=%E9%BB%91%E8%89%B2&size=L&number=1&totalStorage=5645
INFO: [ app_init ] --START--
INFO: Run Behavior\BuildLiteBehavior [ RunTime:0.000000s ]
INFO: [ app_init ] --END-- [ RunTime:0.001000s ]
INFO: [ app_begin ] --START--
INFO: Run Behavior\ReadHtmlCacheBehavior [ RunTime:0.001000s ]
INFO: [ app_begin ] --END-- [ RunTime:0.003000s ]
SQL: SHOW COLUMNS FROM `shop_user` [ RunTime:0.0140s ]
NOTIC: [2] Missing argument 1 for Think\Model::getField(), called in D:\xampp\htdocs\jd\Application\Home\Model\UserModel.class.php on line 15 and defined D:\xampp\htdocs\jd\ThinkPHP\Library\Think\Model.class.php 第 924 行.
NOTIC: [8] Undefined variable: field D:\xampp\htdocs\jd\ThinkPHP\Library\Think\Model.class.php 第 925 行.
SQL: SHOW COLUMNS FROM `shop_user` [ RunTime:0.0190s ]
NOTIC: [8] Undefined variable: field D:\xampp\htdocs\jd\ThinkPHP\Library\Think\Model.class.php 第 936 行.
SQL: SELECT * FROM `shop_user` WHERE `username` = 'admin' LIMIT 1   [ RunTime:0.0010s ]
SQL: SHOW COLUMNS FROM `shop_useraddress` [ RunTime:0.0120s ]
SQL: SELECT * FROM `shop_useraddress` WHERE `user_id` = 9  [ RunTime:0.0010s ]
INFO: [ view_parse ] --START--
INFO: [ template_filter ] --START--
INFO: Run Behavior\ContentReplaceBehavior [ RunTime:0.000000s ]
INFO: [ template_filter ] --END-- [ RunTime:0.000000s ]
NOTIC: [8] Undefined variable: jean_id D:\xampp\htdocs\jd\Application\Runtime\Cache\Home\7c3c4c1344b07949caa5605df84721b8.php 第 257 行.
INFO: Run Behavior\ParseTemplateBehavior [ RunTime:0.092005s ]
INFO: [ view_parse ] --END-- [ RunTime:0.092005s ]
INFO: [ view_filter ] --START--
INFO: Run Behavior\WriteHtmlCacheBehavior [ RunTime:0.002000s ]
INFO: [ view_filter ] --END-- [ RunTime:0.002000s ]
INFO: [ app_end ] --START--
INFO: Run Behavior\ShowPageTraceBehavior [ RunTime:0.003000s ]
INFO: [ app_end ] --END-- [ RunTime:0.005000s ]

[ 2016-11-14T01:38:47+08:00 ] ::1 /jd/index.php/Home/User/buynow.html?jeanName=[%E5%8C%85%E9%82%AE]%E7%88%B1%E7%88%B1%E4%B8%B810.17%E5%86%AC%E8%A3%85%E6%96%B0%E6%AC%BE%E5%9F%BA%E7%A1%80%E7%99%BE%E6%90%AD%E6%8B%BC%E6%8E%A5%E5%8D%B7%E8%BE%B9%E5%B0%8F%E8%84%9A%E5%BC%B9%E5%8A%9B%E7%89%9B%E4%BB%94%E9%93%85%E7%AC%94%E8%A3%A4&fashion_img=/jd/Public/images/14785752859276YdWVzuRGls.jpg&price=%3Ci%3E%EF%BF%A5%3C/i%3E56&fashion_name=%E9%BB%91%E8%89%B2&size=L&number=1&totalStorage=5645
INFO: [ app_init ] --START--
INFO: Run Behavior\BuildLiteBehavior [ RunTime:0.000000s ]
INFO: [ app_init ] --END-- [ RunTime:0.001000s ]
INFO: [ app_begin ] --START--
INFO: Run Behavior\ReadHtmlCacheBehavior [ RunTime:0.002001s ]
INFO: [ app_begin ] --END-- [ RunTime:0.002001s ]
SQL: SHOW COLUMNS FROM `shop_user` [ RunTime:0.0100s ]
NOTIC: [2] Missing argument 1 for Think\Model::getField(), called in D:\xampp\htdocs\jd\Application\Home\Model\UserModel.class.php on line 15 and defined D:\xampp\htdocs\jd\ThinkPHP\Library\Think\Model.class.php 第 924 行.
NOTIC: [8] Undefined variable: field D:\xampp\htdocs\jd\ThinkPHP\Library\Think\Model.class.php 第 925 行.
SQL: SHOW COLUMNS FROM `shop_user` [ RunTime:0.0110s ]
NOTIC: [8] Undefined variable: field D:\xampp\htdocs\jd\ThinkPHP\Library\Think\Model.class.php 第 936 行.
SQL: SELECT * FROM `shop_user` WHERE `username` = 'admin' LIMIT 1   [ RunTime:0.0010s ]
SQL: SHOW COLUMNS FROM `shop_useraddress` [ RunTime:0.0140s ]
SQL: SELECT * FROM `shop_useraddress` WHERE `user_id` = 9  [ RunTime:0.0010s ]
INFO: [ view_parse ] --START--
INFO: [ template_filter ] --START--
INFO: Run Behavior\ContentReplaceBehavior [ RunTime:0.001000s ]
INFO: [ template_filter ] --END-- [ RunTime:0.001000s ]
NOTIC: [8] Undefined variable: jean_id D:\xampp\htdocs\jd\Application\Runtime\Cache\Home\7c3c4c1344b07949caa5605df84721b8.php 第 257 行.
INFO: Run Behavior\ParseTemplateBehavior [ RunTime:0.032002s ]
INFO: [ view_parse ] --END-- [ RunTime:0.032002s ]
INFO: [ view_filter ] --START--
INFO: Run Behavior\WriteHtmlCacheBehavior [ RunTime:0.002000s ]
INFO: [ view_filter ] --END-- [ RunTime:0.003000s ]
INFO: [ app_end ] --START--
INFO: Run Behavior\ShowPageTraceBehavior [ RunTime:0.003000s ]
INFO: [ app_end ] --END-- [ RunTime:0.003000s ]

[ 2016-11-14T01:39:32+08:00 ] ::1 /jd/index.php/Home/Jean/getstorage?jean_id=8&fashion_name=%E9%BB%91%E8%89%B2&size=&flag=size
INFO: [ app_init ] --START--
INFO: Run Behavior\BuildLiteBehavior [ RunTime:0.000000s ]
INFO: [ app_init ] --END-- [ RunTime:0.001001s ]
INFO: [ app_begin ] --START--
INFO: Run Behavior\ReadHtmlCacheBehavior [ RunTime:0.004000s ]
INFO: [ app_begin ] --END-- [ RunTime:0.005000s ]
SQL: SHOW COLUMNS FROM `shop_jean` [ RunTime:0.0120s ]
SQL: SHOW COLUMNS FROM `shop_jean` [ RunTime:0.0140s ]
SQL: SHOW COLUMNS FROM `shop_jeanfashion` [ RunTime:0.0130s ]
SQL: SELECT `size` FROM `shop_jeanfashion` WHERE `jean_id` = '8' AND `fashion_name` = '黑色'  [ RunTime:0.0010s ]
SQL: SHOW COLUMNS FROM `shop_jeanfashion` [ RunTime:0.0160s ]
SQL: SELECT SUM(quantity) AS tp_sum FROM `shop_jeanfashion` WHERE `jean_id` = '8' AND `fashion_name` = '黑色' LIMIT 1   [ RunTime:0.0070s ]
INFO: [ app_end ] --START--
INFO: Run Behavior\ShowPageTraceBehavior [ RunTime:0.002000s ]
INFO: [ app_end ] --END-- [ RunTime:0.003000s ]

[ 2016-11-14T01:39:33+08:00 ] ::1 /jd/index.php/Home/Jean/getstorage?jean_id=8&fashion_name=%E9%BB%91%E8%89%B2&size=L&flag=fashion_name
INFO: [ app_init ] --START--
INFO: Run Behavior\BuildLiteBehavior [ RunTime:0.000000s ]
INFO: [ app_init ] --END-- [ RunTime:0.001000s ]
INFO: [ app_begin ] --START--
INFO: Run Behavior\ReadHtmlCacheBehavior [ RunTime:0.002000s ]
INFO: [ app_begin ] --END-- [ RunTime:0.003000s ]
SQL: SHOW COLUMNS FROM `shop_jean` [ RunTime:0.0150s ]
SQL: SHOW COLUMNS FROM `shop_jean` [ RunTime:0.0130s ]
SQL: SHOW COLUMNS FROM `shop_jeanfashion` [ RunTime:0.0180s ]
SQL: SELECT SUM(quantity) AS tp_sum FROM `shop_jeanfashion` WHERE `jean_id` = '8' AND `fashion_name` = '黑色' AND `size` = 'L' LIMIT 1   [ RunTime:0.0010s ]
SQL: SHOW COLUMNS FROM `shop_jeanfashion` [ RunTime:0.0110s ]
SQL: SELECT `fashion_name` FROM `shop_jeanfashion` WHERE `jean_id` = '8' AND `size` = 'L'  [ RunTime:0.0010s ]
INFO: [ app_end ] --START--
INFO: Run Behavior\ShowPageTraceBehavior [ RunTime:0.003000s ]
INFO: [ app_end ] --END-- [ RunTime:0.003000s ]

[ 2016-11-14T01:39:37+08:00 ] ::1 /jd/index.php/Home/User/buynow.html?jeanName=[%E5%8C%85%E9%82%AE]%E7%88%B1%E7%88%B1%E4%B8%B810.17%E5%86%AC%E8%A3%85%E6%96%B0%E6%AC%BE%E5%9F%BA%E7%A1%80%E7%99%BE%E6%90%AD%E6%8B%BC%E6%8E%A5%E5%8D%B7%E8%BE%B9%E5%B0%8F%E8%84%9A%E5%BC%B9%E5%8A%9B%E7%89%9B%E4%BB%94%E9%93%85%E7%AC%94%E8%A3%A4&fashion_img=/jd/Public/images/14785752859276YdWVzuRGls.jpg&price=%3Ci%3E%EF%BF%A5%3C/i%3E56&fashion_name=%E9%BB%91%E8%89%B2&size=L&number=1&totalStorage=5645
INFO: [ app_init ] --START--
INFO: Run Behavior\BuildLiteBehavior [ RunTime:0.000000s ]
INFO: [ app_init ] --END-- [ RunTime:0.002000s ]
INFO: [ app_begin ] --START--
INFO: Run Behavior\ReadHtmlCacheBehavior [ RunTime:0.004000s ]
INFO: [ app_begin ] --END-- [ RunTime:0.004000s ]
SQL: SHOW COLUMNS FROM `shop_user` [ RunTime:0.0180s ]
NOTIC: [2] Missing argument 1 for Think\Model::getField(), called in D:\xampp\htdocs\jd\Application\Home\Model\UserModel.class.php on line 15 and defined D:\xampp\htdocs\jd\ThinkPHP\Library\Think\Model.class.php 第 924 行.
NOTIC: [8] Undefined variable: field D:\xampp\htdocs\jd\ThinkPHP\Library\Think\Model.class.php 第 925 行.
SQL: SHOW COLUMNS FROM `shop_user` [ RunTime:0.0130s ]
NOTIC: [8] Undefined variable: field D:\xampp\htdocs\jd\ThinkPHP\Library\Think\Model.class.php 第 936 行.
SQL: SELECT * FROM `shop_user` WHERE `username` = 'admin' LIMIT 1   [ RunTime:0.0010s ]
SQL: SHOW COLUMNS FROM `shop_useraddress` [ RunTime:0.0230s ]
SQL: SELECT * FROM `shop_useraddress` WHERE `user_id` = 9  [ RunTime:0.0010s ]
INFO: [ view_parse ] --START--
INFO: [ template_filter ] --START--
INFO: Run Behavior\ContentReplaceBehavior [ RunTime:0.001000s ]
INFO: [ template_filter ] --END-- [ RunTime:0.001000s ]
NOTIC: [8] Undefined variable: jean_id D:\xampp\htdocs\jd\Application\Runtime\Cache\Home\7c3c4c1344b07949caa5605df84721b8.php 第 257 行.
INFO: Run Behavior\ParseTemplateBehavior [ RunTime:0.028001s ]
INFO: [ view_parse ] --END-- [ RunTime:0.029001s ]
INFO: [ view_filter ] --START--
INFO: Run Behavior\WriteHtmlCacheBehavior [ RunTime:0.003001s ]
INFO: [ view_filter ] --END-- [ RunTime:0.004001s ]
INFO: [ app_end ] --START--
INFO: Run Behavior\ShowPageTraceBehavior [ RunTime:0.002000s ]
INFO: [ app_end ] --END-- [ RunTime:0.002000s ]

[ 2016-11-14T01:43:38+08:00 ] ::1 /jd/index.php/Home/Jean/getstorage?jean_id=8&fashion_name=%E9%BB%91%E8%89%B2&size=&flag=size
INFO: [ app_init ] --START--
INFO: Run Behavior\BuildLiteBehavior [ RunTime:0.000000s ]
INFO: [ app_init ] --END-- [ RunTime:0.001000s ]
INFO: [ app_begin ] --START--
INFO: Run Behavior\ReadHtmlCacheBehavior [ RunTime:0.004000s ]
INFO: [ app_begin ] --END-- [ RunTime:0.005000s ]
SQL: SHOW COLUMNS FROM `shop_jean` [ RunTime:0.0140s ]
SQL: SHOW COLUMNS FROM `shop_jean` [ RunTime:0.0120s ]
SQL: SHOW COLUMNS FROM `shop_jeanfashion` [ RunTime:0.0140s ]
SQL: SELECT `size` FROM `shop_jeanfashion` WHERE `jean_id` = '8' AND `fashion_name` = '黑色'  [ RunTime:0.0010s ]
SQL: SHOW COLUMNS FROM `shop_jeanfashion` [ RunTime:0.0130s ]
SQL: SELECT SUM(quantity) AS tp_sum FROM `shop_jeanfashion` WHERE `jean_id` = '8' AND `fashion_name` = '黑色' LIMIT 1   [ RunTime:0.0020s ]
INFO: [ app_end ] --START--
INFO: Run Behavior\ShowPageTraceBehavior [ RunTime:0.003000s ]
INFO: [ app_end ] --END-- [ RunTime:0.003000s ]

[ 2016-11-14T01:43:39+08:00 ] ::1 /jd/index.php/Home/Jean/getstorage?jean_id=8&fashion_name=%E9%BB%91%E8%89%B2&size=L&flag=fashion_name
INFO: [ app_init ] --START--
INFO: Run Behavior\BuildLiteBehavior [ RunTime:0.000000s ]
INFO: [ app_init ] --END-- [ RunTime:0.001000s ]
INFO: [ app_begin ] --START--
INFO: Run Behavior\ReadHtmlCacheBehavior [ RunTime:0.005000s ]
INFO: [ app_begin ] --END-- [ RunTime:0.005000s ]
SQL: SHOW COLUMNS FROM `shop_jean` [ RunTime:0.0100s ]
SQL: SHOW COLUMNS FROM `shop_jean` [ RunTime:0.0110s ]
SQL: SHOW COLUMNS FROM `shop_jeanfashion` [ RunTime:0.0110s ]
SQL: SELECT SUM(quantity) AS tp_sum FROM `shop_jeanfashion` WHERE `jean_id` = '8' AND `fashion_name` = '黑色' AND `size` = 'L' LIMIT 1   [ RunTime:0.0010s ]
SQL: SHOW COLUMNS FROM `shop_jeanfashion` [ RunTime:0.0110s ]
SQL: SELECT `fashion_name` FROM `shop_jeanfashion` WHERE `jean_id` = '8' AND `size` = 'L'  [ RunTime:0.0010s ]
INFO: [ app_end ] --START--
INFO: Run Behavior\ShowPageTraceBehavior [ RunTime:0.002000s ]
INFO: [ app_end ] --END-- [ RunTime:0.002000s ]

[ 2016-11-14T01:43:42+08:00 ] ::1 /jd/index.php/Home/User/buynow.html?jeanName=[%E5%8C%85%E9%82%AE]%E7%88%B1%E7%88%B1%E4%B8%B810.17%E5%86%AC%E8%A3%85%E6%96%B0%E6%AC%BE%E5%9F%BA%E7%A1%80%E7%99%BE%E6%90%AD%E6%8B%BC%E6%8E%A5%E5%8D%B7%E8%BE%B9%E5%B0%8F%E8%84%9A%E5%BC%B9%E5%8A%9B%E7%89%9B%E4%BB%94%E9%93%85%E7%AC%94%E8%A3%A4&fashion_img=/jd/Public/images/14785752859276YdWVzuRGls.jpg&price=%3Ci%3E%EF%BF%A5%3C/i%3E56&fashion_name=%E9%BB%91%E8%89%B2&size=L&number=1&totalStorage=5645
INFO: [ app_init ] --START--
INFO: Run Behavior\BuildLiteBehavior [ RunTime:0.000000s ]
INFO: [ app_init ] --END-- [ RunTime:0.002000s ]
INFO: [ app_begin ] --START--
INFO: Run Behavior\ReadHtmlCacheBehavior [ RunTime:0.003001s ]
INFO: [ app_begin ] --END-- [ RunTime:0.004001s ]
NOTIC: [8] Undefined index: jean_id D:\xampp\htdocs\jd\Application\Home\Controller\UserController.class.php 第 156 行.
SQL: SHOW COLUMNS FROM `shop_user` [ RunTime:0.0130s ]
NOTIC: [2] Missing argument 1 for Think\Model::getField(), called in D:\xampp\htdocs\jd\Application\Home\Model\UserModel.class.php on line 15 and defined D:\xampp\htdocs\jd\ThinkPHP\Library\Think\Model.class.php 第 924 行.
NOTIC: [8] Undefined variable: field D:\xampp\htdocs\jd\ThinkPHP\Library\Think\Model.class.php 第 925 行.
SQL: SHOW COLUMNS FROM `shop_user` [ RunTime:0.0130s ]
NOTIC: [8] Undefined variable: field D:\xampp\htdocs\jd\ThinkPHP\Library\Think\Model.class.php 第 936 行.
SQL: SELECT * FROM `shop_user` WHERE `username` = 'admin' LIMIT 1   [ RunTime:0.0010s ]
SQL: SHOW COLUMNS FROM `shop_useraddress` [ RunTime:0.0140s ]
SQL: SELECT * FROM `shop_useraddress` WHERE `user_id` = 9  [ RunTime:0.0020s ]
INFO: [ view_parse ] --START--
INFO: [ template_filter ] --START--
INFO: Run Behavior\ContentReplaceBehavior [ RunTime:0.000000s ]
INFO: [ template_filter ] --END-- [ RunTime:0.000000s ]
INFO: Run Behavior\ParseTemplateBehavior [ RunTime:0.039002s ]
INFO: [ view_parse ] --END-- [ RunTime:0.039002s ]
INFO: [ view_filter ] --START--
INFO: Run Behavior\WriteHtmlCacheBehavior [ RunTime:0.002000s ]
INFO: [ view_filter ] --END-- [ RunTime:0.002000s ]
INFO: [ app_end ] --START--
INFO: Run Behavior\ShowPageTraceBehavior [ RunTime:0.004000s ]
INFO: [ app_end ] --END-- [ RunTime:0.004000s ]

[ 2016-11-14T01:44:21+08:00 ] ::1 /jd/index.php/Home/Jean/detail.html?id=8
INFO: [ app_init ] --START--
INFO: Run Behavior\BuildLiteBehavior [ RunTime:0.000000s ]
INFO: [ app_init ] --END-- [ RunTime:0.002000s ]
INFO: [ app_begin ] --START--
INFO: Run Behavior\ReadHtmlCacheBehavior [ RunTime:0.003000s ]
INFO: [ app_begin ] --END-- [ RunTime:0.003000s ]
SQL: SHOW COLUMNS FROM `shop_jean` [ RunTime:0.0190s ]
SQL: SHOW COLUMNS FROM `shop_jean` [ RunTime:0.0280s ]
SQL: SELECT * FROM `shop_jean` WHERE `id` = 8  [ RunTime:0.0020s ]
SQL: SHOW COLUMNS FROM `shop_jeanfashion` [ RunTime:0.0130s ]
SQL: SELECT * FROM `shop_jeanfashion` WHERE `jean_id` = '8'  [ RunTime:0.0010s ]
INFO: [ view_parse ] --START--
INFO: [ template_filter ] --START--
INFO: Run Behavior\ContentReplaceBehavior [ RunTime:0.001000s ]
INFO: [ template_filter ] --END-- [ RunTime:0.001000s ]
INFO: Run Behavior\ParseTemplateBehavior [ RunTime:0.040002s ]
INFO: [ view_parse ] --END-- [ RunTime:0.040002s ]
INFO: [ view_filter ] --START--
INFO: Run Behavior\WriteHtmlCacheBehavior [ RunTime:0.002000s ]
INFO: [ view_filter ] --END-- [ RunTime:0.002000s ]
INFO: [ app_end ] --START--
INFO: Run Behavior\ShowPageTraceBehavior [ RunTime:0.003001s ]
INFO: [ app_end ] --END-- [ RunTime:0.003001s ]

[ 2016-11-14T01:44:26+08:00 ] ::1 /jd/index.php/Home/Jean/getstorage?jean_id=8&fashion_name=%E9%BB%91%E8%89%B2&size=&flag=size
INFO: [ app_init ] --START--
INFO: Run Behavior\BuildLiteBehavior [ RunTime:0.000000s ]
INFO: [ app_init ] --END-- [ RunTime:0.002000s ]
INFO: [ app_begin ] --START--
INFO: Run Behavior\ReadHtmlCacheBehavior [ RunTime:0.003000s ]
INFO: [ app_begin ] --END-- [ RunTime:0.003000s ]
SQL: SHOW COLUMNS FROM `shop_jean` [ RunTime:0.0130s ]
SQL: SHOW COLUMNS FROM `shop_jean` [ RunTime:0.0120s ]
SQL: SHOW COLUMNS FROM `shop_jeanfashion` [ RunTime:0.0250s ]
SQL: SELECT `size` FROM `shop_jeanfashion` WHERE `jean_id` = '8' AND `fashion_name` = '黑色'  [ RunTime:0.0020s ]
SQL: SHOW COLUMNS FROM `shop_jeanfashion` [ RunTime:0.0120s ]
SQL: SELECT SUM(quantity) AS tp_sum FROM `shop_jeanfashion` WHERE `jean_id` = '8' AND `fashion_name` = '黑色' LIMIT 1   [ RunTime:0.0140s ]
INFO: [ app_end ] --START--
INFO: Run Behavior\ShowPageTraceBehavior [ RunTime:0.002000s ]
INFO: [ app_end ] --END-- [ RunTime:0.003000s ]

[ 2016-11-14T01:44:27+08:00 ] ::1 /jd/index.php/Home/Jean/getstorage?jean_id=8&fashion_name=%E9%BB%91%E8%89%B2&size=L&flag=fashion_name
INFO: [ app_init ] --START--
INFO: Run Behavior\BuildLiteBehavior [ RunTime:0.000000s ]
INFO: [ app_init ] --END-- [ RunTime:0.001000s ]
INFO: [ app_begin ] --START--
INFO: Run Behavior\ReadHtmlCacheBehavior [ RunTime:0.002000s ]
INFO: [ app_begin ] --END-- [ RunTime:0.002000s ]
SQL: SHOW COLUMNS FROM `shop_jean` [ RunTime:0.0110s ]
SQL: SHOW COLUMNS FROM `shop_jean` [ RunTime:0.0120s ]
SQL: SHOW COLUMNS FROM `shop_jeanfashion` [ RunTime:0.0120s ]
SQL: SELECT SUM(quantity) AS tp_sum FROM `shop_jeanfashion` WHERE `jean_id` = '8' AND `fashion_name` = '黑色' AND `size` = 'L' LIMIT 1   [ RunTime:0.0010s ]
SQL: SHOW COLUMNS FROM `shop_jeanfashion` [ RunTime:0.0130s ]
SQL: SELECT `fashion_name` FROM `shop_jeanfashion` WHERE `jean_id` = '8' AND `size` = 'L'  [ RunTime:0.0020s ]
INFO: [ app_end ] --START--
INFO: Run Behavior\ShowPageTraceBehavior [ RunTime:0.003000s ]
INFO: [ app_end ] --END-- [ RunTime:0.003000s ]

[ 2016-11-14T01:44:30+08:00 ] ::1 /jd/index.php/Home/User/buynow.html?jeanName=[%E5%8C%85%E9%82%AE]%E7%88%B1%E7%88%B1%E4%B8%B810.17%E5%86%AC%E8%A3%85%E6%96%B0%E6%AC%BE%E5%9F%BA%E7%A1%80%E7%99%BE%E6%90%AD%E6%8B%BC%E6%8E%A5%E5%8D%B7%E8%BE%B9%E5%B0%8F%E8%84%9A%E5%BC%B9%E5%8A%9B%E7%89%9B%E4%BB%94%E9%93%85%E7%AC%94%E8%A3%A4&jean_id=8&fashion_img=/jd/Public/images/14785752859276YdWVzuRGls.jpg&price=%3Ci%3E%EF%BF%A5%3C/i%3E56&fashion_name=%E9%BB%91%E8%89%B2&size=L&number=1&totalStorage=5645
INFO: [ app_init ] --START--
INFO: Run Behavior\BuildLiteBehavior [ RunTime:0.000000s ]
INFO: [ app_init ] --END-- [ RunTime:0.001000s ]
INFO: [ app_begin ] --START--
INFO: Run Behavior\ReadHtmlCacheBehavior [ RunTime:0.003000s ]
INFO: [ app_begin ] --END-- [ RunTime:0.003000s ]
SQL: SHOW COLUMNS FROM `shop_user` [ RunTime:0.0120s ]
NOTIC: [2] Missing argument 1 for Think\Model::getField(), called in D:\xampp\htdocs\jd\Application\Home\Model\UserModel.class.php on line 15 and defined D:\xampp\htdocs\jd\ThinkPHP\Library\Think\Model.class.php 第 924 行.
NOTIC: [8] Undefined variable: field D:\xampp\htdocs\jd\ThinkPHP\Library\Think\Model.class.php 第 925 行.
SQL: SHOW COLUMNS FROM `shop_user` [ RunTime:0.0160s ]
NOTIC: [8] Undefined variable: field D:\xampp\htdocs\jd\ThinkPHP\Library\Think\Model.class.php 第 936 行.
SQL: SELECT * FROM `shop_user` WHERE `username` = 'admin' LIMIT 1   [ RunTime:0.0010s ]
SQL: SHOW COLUMNS FROM `shop_useraddress` [ RunTime:0.0110s ]
SQL: SELECT * FROM `shop_useraddress` WHERE `user_id` = 9  [ RunTime:0.0010s ]
INFO: [ view_parse ] --START--
INFO: [ template_filter ] --START--
INFO: Run Behavior\ContentReplaceBehavior [ RunTime:0.000000s ]
INFO: [ template_filter ] --END-- [ RunTime:0.000000s ]
INFO: Run Behavior\ParseTemplateBehavior [ RunTime:0.027001s ]
INFO: [ view_parse ] --END-- [ RunTime:0.027001s ]
INFO: [ view_filter ] --START--
INFO: Run Behavior\WriteHtmlCacheBehavior [ RunTime:0.002000s ]
INFO: [ view_filter ] --END-- [ RunTime:0.002000s ]
INFO: [ app_end ] --START--
INFO: Run Behavior\ShowPageTraceBehavior [ RunTime:0.003000s ]
INFO: [ app_end ] --END-- [ RunTime:0.003000s ]

[ 2016-11-14T01:45:47+08:00 ] ::1 /jd/index.php/Home/User/buynow.html?jeanName=[%E5%8C%85%E9%82%AE]%E7%88%B1%E7%88%B1%E4%B8%B810.17%E5%86%AC%E8%A3%85%E6%96%B0%E6%AC%BE%E5%9F%BA%E7%A1%80%E7%99%BE%E6%90%AD%E6%8B%BC%E6%8E%A5%E5%8D%B7%E8%BE%B9%E5%B0%8F%E8%84%9A%E5%BC%B9%E5%8A%9B%E7%89%9B%E4%BB%94%E9%93%85%E7%AC%94%E8%A3%A4&jean_id=8&fashion_img=/jd/Public/images/14785752859276YdWVzuRGls.jpg&price=%3Ci%3E%EF%BF%A5%3C/i%3E56&fashion_name=%E9%BB%91%E8%89%B2&size=L&number=1&totalStorage=5645
INFO: [ app_init ] --START--
INFO: Run Behavior\BuildLiteBehavior [ RunTime:0.000000s ]
INFO: [ app_init ] --END-- [ RunTime:0.001000s ]
INFO: [ app_begin ] --START--
INFO: Run Behavior\ReadHtmlCacheBehavior [ RunTime:0.003000s ]
INFO: [ app_begin ] --END-- [ RunTime:0.003000s ]
SQL: SHOW COLUMNS FROM `shop_user` [ RunTime:0.0120s ]
NOTIC: [2] Missing argument 1 for Think\Model::getField(), called in D:\xampp\htdocs\jd\Application\Home\Model\UserModel.class.php on line 15 and defined D:\xampp\htdocs\jd\ThinkPHP\Library\Think\Model.class.php 第 924 行.
NOTIC: [8] Undefined variable: field D:\xampp\htdocs\jd\ThinkPHP\Library\Think\Model.class.php 第 925 行.
SQL: SHOW COLUMNS FROM `shop_user` [ RunTime:0.0120s ]
NOTIC: [8] Undefined variable: field D:\xampp\htdocs\jd\ThinkPHP\Library\Think\Model.class.php 第 936 行.
SQL: SELECT * FROM `shop_user` WHERE `username` = 'admin' LIMIT 1   [ RunTime:0.0010s ]
SQL: SHOW COLUMNS FROM `shop_useraddress` [ RunTime:0.0120s ]
SQL: SELECT * FROM `shop_useraddress` WHERE `user_id` = 9  [ RunTime:0.0010s ]
INFO: [ view_parse ] --START--
INFO: [ template_filter ] --START--
INFO: Run Behavior\ContentReplaceBehavior [ RunTime:0.000000s ]
INFO: [ template_filter ] --END-- [ RunTime:0.000000s ]
INFO: Run Behavior\ParseTemplateBehavior [ RunTime:0.045003s ]
INFO: [ view_parse ] --END-- [ RunTime:0.045003s ]
INFO: [ view_filter ] --START--
INFO: Run Behavior\WriteHtmlCacheBehavior [ RunTime:0.003000s ]
INFO: [ view_filter ] --END-- [ RunTime:0.003000s ]
INFO: [ app_end ] --START--
INFO: Run Behavior\ShowPageTraceBehavior [ RunTime:0.002000s ]
INFO: [ app_end ] --END-- [ RunTime:0.003000s ]

[ 2016-11-14T01:47:35+08:00 ] ::1 /jd/index.php/Home/User/buynow.html?jeanName=[%E5%8C%85%E9%82%AE]%E7%88%B1%E7%88%B1%E4%B8%B810.17%E5%86%AC%E8%A3%85%E6%96%B0%E6%AC%BE%E5%9F%BA%E7%A1%80%E7%99%BE%E6%90%AD%E6%8B%BC%E6%8E%A5%E5%8D%B7%E8%BE%B9%E5%B0%8F%E8%84%9A%E5%BC%B9%E5%8A%9B%E7%89%9B%E4%BB%94%E9%93%85%E7%AC%94%E8%A3%A4&jean_id=8&fashion_img=/jd/Public/images/14785752859276YdWVzuRGls.jpg&price=%3Ci%3E%EF%BF%A5%3C/i%3E56&fashion_name=%E9%BB%91%E8%89%B2&size=L&number=1&totalStorage=5645
INFO: [ app_init ] --START--
INFO: Run Behavior\BuildLiteBehavior [ RunTime:0.000000s ]
INFO: [ app_init ] --END-- [ RunTime:0.002001s ]
INFO: [ app_begin ] --START--
INFO: Run Behavior\ReadHtmlCacheBehavior [ RunTime:0.015001s ]
INFO: [ app_begin ] --END-- [ RunTime:0.017001s ]
SQL: SHOW COLUMNS FROM `shop_user` [ RunTime:0.0160s ]
NOTIC: [2] Missing argument 1 for Think\Model::getField(), called in D:\xampp\htdocs\jd\Application\Home\Model\UserModel.class.php on line 15 and defined D:\xampp\htdocs\jd\ThinkPHP\Library\Think\Model.class.php 第 924 行.
NOTIC: [8] Undefined variable: field D:\xampp\htdocs\jd\ThinkPHP\Library\Think\Model.class.php 第 925 行.
SQL: SHOW COLUMNS FROM `shop_user` [ RunTime:0.0170s ]
NOTIC: [8] Undefined variable: field D:\xampp\htdocs\jd\ThinkPHP\Library\Think\Model.class.php 第 936 行.
SQL: SELECT * FROM `shop_user` WHERE `username` = 'admin' LIMIT 1   [ RunTime:0.0040s ]
SQL: SHOW COLUMNS FROM `shop_useraddress` [ RunTime:0.0190s ]
SQL: SELECT * FROM `shop_useraddress` WHERE `user_id` = 9  [ RunTime:0.0080s ]
INFO: [ view_parse ] --START--
INFO: [ template_filter ] --START--
INFO: Run Behavior\ContentReplaceBehavior [ RunTime:0.001000s ]
INFO: [ template_filter ] --END-- [ RunTime:0.001000s ]
INFO: Run Behavior\ParseTemplateBehavior [ RunTime:0.035002s ]
INFO: [ view_parse ] --END-- [ RunTime:0.036002s ]
INFO: [ view_filter ] --START--
INFO: Run Behavior\WriteHtmlCacheBehavior [ RunTime:0.002000s ]
INFO: [ view_filter ] --END-- [ RunTime:0.002000s ]
INFO: [ app_end ] --START--
INFO: Run Behavior\ShowPageTraceBehavior [ RunTime:0.002000s ]
INFO: [ app_end ] --END-- [ RunTime:0.003000s ]

[ 2016-11-14T01:47:54+08:00 ] ::1 /jd/index.php/Home/User/pay.html?jean_id=8&fashion_name=%E9%BB%91%E8%89%B2&size=L&user_id=admin&number=1&price=56&mailing_address=%E5%AF%84%E9%80%81%E8%87%B3%EF%BC%9A%E9%99%95%E8%A5%BF%E8%A5%BF%E5%AE%89%E8%A5%BF%E7%94%B5%E7%A7%91%E6%8A%80%E5%9B%AD%3Cbr%3E%E6%94%B6%E8%B4%A7%E4%BA%BA%EF%BC%9A%E5%90%B4%E6%B1%9F%20document.write(%2786-9427985278%3Cbr%3E86-837-289478357-2378%27.replace(%27%3Cbr%3E%27,%27%20%27))86-9427985278%2086-837-289478357-2378&other=%E8%BF%90%E8%B4%B9%E9%99%A9%EF%BC%9A%EF%BF%A54.4&totalcost=60.40
INFO: [ app_init ] --START--
INFO: Run Behavior\BuildLiteBehavior [ RunTime:0.000000s ]
INFO: [ app_init ] --END-- [ RunTime:0.002000s ]
INFO: [ app_begin ] --START--
INFO: Run Behavior\ReadHtmlCacheBehavior [ RunTime:0.003000s ]
INFO: [ app_begin ] --END-- [ RunTime:0.003000s ]

[ 2016-11-14T02:05:29+08:00 ] ::1 /jd/index.php/Home/User/pay.html?jean_id=8&fashion_name=%E9%BB%91%E8%89%B2&size=L&user_id=admin&number=1&price=56&mailing_address=%E5%AF%84%E9%80%81%E8%87%B3%EF%BC%9A%E9%99%95%E8%A5%BF%E8%A5%BF%E5%AE%89%E8%A5%BF%E7%94%B5%E7%A7%91%E6%8A%80%E5%9B%AD%3Cbr%3E%E6%94%B6%E8%B4%A7%E4%BA%BA%EF%BC%9A%E5%90%B4%E6%B1%9F%20document.write(%2786-9427985278%3Cbr%3E86-837-289478357-2378%27.replace(%27%3Cbr%3E%27,%27%20%27))86-9427985278%2086-837-289478357-2378&other=%E8%BF%90%E8%B4%B9%E9%99%A9%EF%BC%9A%EF%BF%A54.4&totalcost=60.40
INFO: [ app_init ] --START--
INFO: Run Behavior\BuildLiteBehavior [ RunTime:0.000000s ]
INFO: [ app_init ] --END-- [ RunTime:0.002000s ]
INFO: [ app_begin ] --START--
INFO: Run Behavior\ReadHtmlCacheBehavior [ RunTime:0.004000s ]
INFO: [ app_begin ] --END-- [ RunTime:0.004000s ]

[ 2016-11-14T02:05:49+08:00 ] ::1 /jd/index.php/Home/User/pay.html?jean_id=8&fashion_name=%E9%BB%91%E8%89%B2&size=L&user_id=admin&number=1&price=56&mailing_address=%E5%AF%84%E9%80%81%E8%87%B3%EF%BC%9A%E9%99%95%E8%A5%BF%E8%A5%BF%E5%AE%89%E8%A5%BF%E7%94%B5%E7%A7%91%E6%8A%80%E5%9B%AD%3Cbr%3E%E6%94%B6%E8%B4%A7%E4%BA%BA%EF%BC%9A%E5%90%B4%E6%B1%9F%20document.write(%2786-9427985278%3Cbr%3E86-837-289478357-2378%27.replace(%27%3Cbr%3E%27,%27%20%27))86-9427985278%2086-837-289478357-2378&other=%E8%BF%90%E8%B4%B9%E9%99%A9%EF%BC%9A%EF%BF%A54.4&totalcost=60.40
INFO: [ app_init ] --START--
INFO: Run Behavior\BuildLiteBehavior [ RunTime:0.000000s ]
INFO: [ app_init ] --END-- [ RunTime:0.001000s ]
INFO: [ app_begin ] --START--
INFO: Run Behavior\ReadHtmlCacheBehavior [ RunTime:0.004000s ]
INFO: [ app_begin ] --END-- [ RunTime:0.005000s ]
SQL: SHOW COLUMNS FROM `shop_user` [ RunTime:0.0230s ]
NOTIC: [2] Missing argument 1 for Think\Model::getField(), called in D:\xampp\htdocs\jd\Application\Home\Model\UserModel.class.php on line 52 and defined D:\xampp\htdocs\jd\ThinkPHP\Library\Think\Model.class.php 第 924 行.
NOTIC: [8] Undefined variable: field D:\xampp\htdocs\jd\ThinkPHP\Library\Think\Model.class.php 第 925 行.
ERR: 1146:Table 'dress_shop.jeanfashion' doesn't exist
 [ SQL语句 ] : SHOW COLUMNS FROM `jeanfashion`
ERR: 1146:Table 'dress_shop.jeanfashion' doesn't exist
 [ SQL语句 ] : SHOW COLUMNS FROM `jeanfashion`

[ 2016-11-14T02:06:18+08:00 ] ::1 /jd/index.php/Home/User/pay.html?jean_id=8&fashion_name=%E9%BB%91%E8%89%B2&size=L&user_id=admin&number=1&price=56&mailing_address=%E5%AF%84%E9%80%81%E8%87%B3%EF%BC%9A%E9%99%95%E8%A5%BF%E8%A5%BF%E5%AE%89%E8%A5%BF%E7%94%B5%E7%A7%91%E6%8A%80%E5%9B%AD%3Cbr%3E%E6%94%B6%E8%B4%A7%E4%BA%BA%EF%BC%9A%E5%90%B4%E6%B1%9F%20document.write(%2786-9427985278%3Cbr%3E86-837-289478357-2378%27.replace(%27%3Cbr%3E%27,%27%20%27))86-9427985278%2086-837-289478357-2378&other=%E8%BF%90%E8%B4%B9%E9%99%A9%EF%BC%9A%EF%BF%A54.4&totalcost=60.40
INFO: [ app_init ] --START--
INFO: Run Behavior\BuildLiteBehavior [ RunTime:0.000000s ]
INFO: [ app_init ] --END-- [ RunTime:0.004000s ]
INFO: [ app_begin ] --START--
INFO: Run Behavior\ReadHtmlCacheBehavior [ RunTime:0.005001s ]
INFO: [ app_begin ] --END-- [ RunTime:0.005001s ]
SQL: SHOW COLUMNS FROM `shop_user` [ RunTime:0.0250s ]
NOTIC: [2] Missing argument 1 for Think\Model::getField(), called in D:\xampp\htdocs\jd\Application\Home\Model\UserModel.class.php on line 52 and defined D:\xampp\htdocs\jd\ThinkPHP\Library\Think\Model.class.php 第 924 行.
NOTIC: [8] Undefined variable: field D:\xampp\htdocs\jd\ThinkPHP\Library\Think\Model.class.php 第 925 行.
SQL: SHOW COLUMNS FROM `shop_jeanfashion` [ RunTime:0.0170s ]
NOTIC: [8] Undefined variable: field D:\xampp\htdocs\jd\ThinkPHP\Library\Think\Model.class.php 第 936 行.
SQL: SELECT * FROM `shop_jeanfashion` WHERE `jean_id` = '8' AND `fashion_name` = '黑色' AND `size` = 'L' LIMIT 1   [ RunTime:0.0140s ]
NOTIC: [2] Missing argument 1 for Think\Model::getField(), called in D:\xampp\htdocs\jd\Application\Home\Model\UserModel.class.php on line 55 and defined D:\xampp\htdocs\jd\ThinkPHP\Library\Think\Model.class.php 第 924 行.
NOTIC: [8] Undefined variable: field D:\xampp\htdocs\jd\ThinkPHP\Library\Think\Model.class.php 第 925 行.
SQL: SHOW COLUMNS FROM `shop_user` [ RunTime:0.0150s ]
NOTIC: [8] Undefined variable: field D:\xampp\htdocs\jd\ThinkPHP\Library\Think\Model.class.php 第 936 行.
SQL: SELECT * FROM `shop_user` WHERE `username` = 'admin' LIMIT 1   [ RunTime:0.0020s ]
ERR: 1062:Duplicate entry '9' for key 'PRIMARY'
 [ SQL语句 ] : INSERT INTO `shop_user` (`user_id`) VALUES ('9')
ERR: 1062:Duplicate entry '9' for key 'PRIMARY'
 [ SQL语句 ] : INSERT INTO `shop_user` (`user_id`) VALUES ('9')

[ 2016-11-14T02:09:50+08:00 ] ::1 /jd/index.php/Home/User/pay.html?jean_id=8&fashion_name=%E9%BB%91%E8%89%B2&size=L&user_id=admin&number=1&price=56&mailing_address=%E5%AF%84%E9%80%81%E8%87%B3%EF%BC%9A%E9%99%95%E8%A5%BF%E8%A5%BF%E5%AE%89%E8%A5%BF%E7%94%B5%E7%A7%91%E6%8A%80%E5%9B%AD%3Cbr%3E%E6%94%B6%E8%B4%A7%E4%BA%BA%EF%BC%9A%E5%90%B4%E6%B1%9F%20document.write(%2786-9427985278%3Cbr%3E86-837-289478357-2378%27.replace(%27%3Cbr%3E%27,%27%20%27))86-9427985278%2086-837-289478357-2378&other=%E8%BF%90%E8%B4%B9%E9%99%A9%EF%BC%9A%EF%BF%A54.4&totalcost=60.40
INFO: [ app_init ] --START--
INFO: Run Behavior\BuildLiteBehavior [ RunTime:0.000000s ]
INFO: [ app_init ] --END-- [ RunTime:0.005000s ]
INFO: [ app_begin ] --START--
INFO: Run Behavior\ReadHtmlCacheBehavior [ RunTime:0.005000s ]
INFO: [ app_begin ] --END-- [ RunTime:0.006000s ]
SQL: SHOW COLUMNS FROM `shop_user` [ RunTime:0.0110s ]
NOTIC: [2] Missing argument 1 for Think\Model::getField(), called in D:\xampp\htdocs\jd\Application\Home\Model\UserModel.class.php on line 52 and defined D:\xampp\htdocs\jd\ThinkPHP\Library\Think\Model.class.php 第 924 行.
NOTIC: [8] Undefined variable: field D:\xampp\htdocs\jd\ThinkPHP\Library\Think\Model.class.php 第 925 行.
SQL: SHOW COLUMNS FROM `shop_jeanfashion` [ RunTime:0.0140s ]
NOTIC: [8] Undefined variable: field D:\xampp\htdocs\jd\ThinkPHP\Library\Think\Model.class.php 第 936 行.
SQL: SELECT * FROM `shop_jeanfashion` WHERE `jean_id` = '8' AND `fashion_name` = '黑色' AND `size` = 'L' LIMIT 1   [ RunTime:0.0010s ]
NOTIC: [2] Missing argument 1 for Think\Model::getField(), called in D:\xampp\htdocs\jd\Application\Home\Model\UserModel.class.php on line 55 and defined D:\xampp\htdocs\jd\ThinkPHP\Library\Think\Model.class.php 第 924 行.
NOTIC: [8] Undefined variable: field D:\xampp\htdocs\jd\ThinkPHP\Library\Think\Model.class.php 第 925 行.
SQL: SHOW COLUMNS FROM `shop_user` [ RunTime:0.0140s ]
NOTIC: [8] Undefined variable: field D:\xampp\htdocs\jd\ThinkPHP\Library\Think\Model.class.php 第 936 行.
SQL: SELECT * FROM `shop_user` WHERE `username` = 'admin' LIMIT 1   [ RunTime:0.0020s ]
SQL: SHOW COLUMNS FROM `shop_order` [ RunTime:0.0130s ]
SQL: INSERT INTO `shop_order` (`user_id`) VALUES ('9') [ RunTime:0.0740s ]
INFO: [ view_parse ] --START--
INFO: [ template_filter ] --START--
INFO: Run Behavior\ContentReplaceBehavior [ RunTime:0.001001s ]
INFO: [ template_filter ] --END-- [ RunTime:0.001001s ]
INFO: Run Behavior\ParseTemplateBehavior [ RunTime:0.010001s ]
INFO: [ view_parse ] --END-- [ RunTime:0.010001s ]
INFO: [ view_filter ] --START--
INFO: Run Behavior\WriteHtmlCacheBehavior [ RunTime:0.001000s ]
INFO: [ view_filter ] --END-- [ RunTime:0.002000s ]
INFO: [ app_end ] --START--
INFO: Run Behavior\ShowPageTraceBehavior [ RunTime:0.003000s ]
INFO: [ app_end ] --END-- [ RunTime:0.004000s ]

[ 2016-11-14T02:11:02+08:00 ] ::1 /jd/index.php/Home/User/pay.html?jean_id=8&fashion_name=%E9%BB%91%E8%89%B2&size=L&user_id=admin&number=1&price=56&mailing_address=%E5%AF%84%E9%80%81%E8%87%B3%EF%BC%9A%E9%99%95%E8%A5%BF%E8%A5%BF%E5%AE%89%E8%A5%BF%E7%94%B5%E7%A7%91%E6%8A%80%E5%9B%AD%3Cbr%3E%E6%94%B6%E8%B4%A7%E4%BA%BA%EF%BC%9A%E5%90%B4%E6%B1%9F%20document.write(%2786-9427985278%3Cbr%3E86-837-289478357-2378%27.replace(%27%3Cbr%3E%27,%27%20%27))86-9427985278%2086-837-289478357-2378&other=%E8%BF%90%E8%B4%B9%E9%99%A9%EF%BC%9A%EF%BF%A54.4&totalcost=60.40
INFO: [ app_init ] --START--
INFO: Run Behavior\BuildLiteBehavior [ RunTime:0.000000s ]
INFO: [ app_init ] --END-- [ RunTime:0.002000s ]
INFO: [ app_begin ] --START--
INFO: Run Behavior\ReadHtmlCacheBehavior [ RunTime:0.005001s ]
INFO: [ app_begin ] --END-- [ RunTime:0.005001s ]
SQL: SHOW COLUMNS FROM `shop_user` [ RunTime:0.0140s ]
NOTIC: [2] Missing argument 1 for Think\Model::getField(), called in D:\xampp\htdocs\jd\Application\Home\Model\UserModel.class.php on line 52 and defined D:\xampp\htdocs\jd\ThinkPHP\Library\Think\Model.class.php 第 924 行.
NOTIC: [8] Undefined variable: field D:\xampp\htdocs\jd\ThinkPHP\Library\Think\Model.class.php 第 925 行.
SQL: SHOW COLUMNS FROM `shop_jeanfashion` [ RunTime:0.0110s ]
NOTIC: [8] Undefined variable: field D:\xampp\htdocs\jd\ThinkPHP\Library\Think\Model.class.php 第 936 行.
SQL: SELECT * FROM `shop_jeanfashion` WHERE `jean_id` = '8' AND `fashion_name` = '黑色' AND `size` = 'L' LIMIT 1   [ RunTime:0.0010s ]
NOTIC: [2] Missing argument 1 for Think\Model::getField(), called in D:\xampp\htdocs\jd\Application\Home\Model\UserModel.class.php on line 55 and defined D:\xampp\htdocs\jd\ThinkPHP\Library\Think\Model.class.php 第 924 行.
NOTIC: [8] Undefined variable: field D:\xampp\htdocs\jd\ThinkPHP\Library\Think\Model.class.php 第 925 行.
SQL: SHOW COLUMNS FROM `shop_user` [ RunTime:0.0150s ]
NOTIC: [8] Undefined variable: field D:\xampp\htdocs\jd\ThinkPHP\Library\Think\Model.class.php 第 936 行.
SQL: SELECT * FROM `shop_user` WHERE `username` = 'admin' LIMIT 1   [ RunTime:0.0020s ]
SQL: SHOW COLUMNS FROM `shop_order` [ RunTime:0.0140s ]
SQL: INSERT INTO `shop_order` (`user_id`,`number`,`price`,`mailing_address`,`other`,`totalcost`,`fashion_id`) VALUES ('9','1','56','寄送至：陕西西安西电科技园<br>收货人：吴江 document.write(\'86-9427985278<br>86-837-289478357-2378\'.replace(\'<br>\',\' \'))86-9427985278 86-837-289478357-2378','运费险：￥4.4','60.40','20') [ RunTime:0.0020s ]
INFO: [ view_parse ] --START--
INFO: [ template_filter ] --START--
INFO: Run Behavior\ContentReplaceBehavior [ RunTime:0.000000s ]
INFO: [ template_filter ] --END-- [ RunTime:0.000000s ]
INFO: Run Behavior\ParseTemplateBehavior [ RunTime:0.009001s ]
INFO: [ view_parse ] --END-- [ RunTime:0.009001s ]
INFO: [ view_filter ] --START--
INFO: Run Behavior\WriteHtmlCacheBehavior [ RunTime:0.002000s ]
INFO: [ view_filter ] --END-- [ RunTime:0.002000s ]
INFO: [ app_end ] --START--
INFO: Run Behavior\ShowPageTraceBehavior [ RunTime:0.003000s ]
INFO: [ app_end ] --END-- [ RunTime:0.003000s ]

[ 2016-11-14T11:25:36+08:00 ] ::1 /jd/
INFO: [ app_init ] --START--
INFO: Run Behavior\BuildLiteBehavior [ RunTime:0.000000s ]
INFO: [ app_init ] --END-- [ RunTime:0.052003s ]
INFO: [ app_begin ] --START--
INFO: Run Behavior\ReadHtmlCacheBehavior [ RunTime:0.046003s ]
INFO: [ app_begin ] --END-- [ RunTime:0.046003s ]
INFO: [ view_parse ] --START--
INFO: [ template_filter ] --START--
INFO: Run Behavior\ContentReplaceBehavior [ RunTime:0.034001s ]
INFO: [ template_filter ] --END-- [ RunTime:0.034001s ]
INFO: Run Behavior\ParseTemplateBehavior [ RunTime:0.501029s ]
INFO: [ view_parse ] --END-- [ RunTime:0.501029s ]
INFO: [ view_filter ] --START--
INFO: Run Behavior\WriteHtmlCacheBehavior [ RunTime:0.011001s ]
INFO: [ view_filter ] --END-- [ RunTime:0.011001s ]
INFO: [ app_end ] --START--
INFO: Run Behavior\ShowPageTraceBehavior [ RunTime:0.028002s ]
INFO: [ app_end ] --END-- [ RunTime:0.028002s ]

[ 2016-11-14T11:25:44+08:00 ] ::1 /jd/index.php/Home/Women/index.html
INFO: [ app_init ] --START--
INFO: Run Behavior\BuildLiteBehavior [ RunTime:0.000000s ]
INFO: [ app_init ] --END-- [ RunTime:0.003000s ]
INFO: [ app_begin ] --START--
INFO: Run Behavior\ReadHtmlCacheBehavior [ RunTime:0.002000s ]
INFO: [ app_begin ] --END-- [ RunTime:0.002000s ]
INFO: [ view_parse ] --START--
INFO: [ template_filter ] --START--
INFO: Run Behavior\ContentReplaceBehavior [ RunTime:0.001000s ]
INFO: [ template_filter ] --END-- [ RunTime:0.001000s ]
INFO: Run Behavior\ParseTemplateBehavior [ RunTime:0.210012s ]
INFO: [ view_parse ] --END-- [ RunTime:0.210012s ]
INFO: [ view_filter ] --START--
INFO: Run Behavior\WriteHtmlCacheBehavior [ RunTime:0.005000s ]
INFO: [ view_filter ] --END-- [ RunTime:0.006000s ]
INFO: [ app_end ] --START--
INFO: Run Behavior\ShowPageTraceBehavior [ RunTime:0.001000s ]
INFO: [ app_end ] --END-- [ RunTime:0.002000s ]

[ 2016-11-14T11:25:58+08:00 ] ::1 /jd/index.php/Home/Jean/index.html
INFO: [ app_init ] --START--
INFO: Run Behavior\BuildLiteBehavior [ RunTime:0.000000s ]
INFO: [ app_init ] --END-- [ RunTime:0.001000s ]
INFO: [ app_begin ] --START--
INFO: Run Behavior\ReadHtmlCacheBehavior [ RunTime:0.001000s ]
INFO: [ app_begin ] --END-- [ RunTime:0.002000s ]
SQL: SHOW COLUMNS FROM `shop_jean` [ RunTime:0.9591s ]
SQL: SHOW COLUMNS FROM `shop_jean` [ RunTime:0.0250s ]
SQL: SELECT shop_jean.id,shop_jean.name,shop_jeanfashion.fashion_img,shop_jeanfashion.price FROM `shop_jean` left join shop_jeanfashion on shop_jean.id=shop_jeanfashion.jean_id  GROUP BY shop_jeanfashion.jean_id ORDER BY shop_jean.id desc LIMIT 5   [ RunTime:0.1940s ]
SQL: SELECT shop_jean.id,shop_jean.name,shop_jeanfashion.fashion_img,shop_jeanfashion.price FROM `shop_jean` left join shop_jeanfashion on shop_jean.id=shop_jeanfashion.jean_id  GROUP BY shop_jeanfashion.jean_id ORDER BY shop_jean.id desc  [ RunTime:0.0010s ]
INFO: [ view_parse ] --START--
INFO: [ template_filter ] --START--
INFO: Run Behavior\ContentReplaceBehavior [ RunTime:0.000000s ]
INFO: [ template_filter ] --END-- [ RunTime:0.000000s ]
INFO: Run Behavior\ParseTemplateBehavior [ RunTime:0.082005s ]
INFO: [ view_parse ] --END-- [ RunTime:0.083005s ]
INFO: [ view_filter ] --START--
INFO: Run Behavior\WriteHtmlCacheBehavior [ RunTime:0.007001s ]
INFO: [ view_filter ] --END-- [ RunTime:0.007001s ]
INFO: [ app_end ] --START--
INFO: Run Behavior\ShowPageTraceBehavior [ RunTime:0.021001s ]
INFO: [ app_end ] --END-- [ RunTime:0.021001s ]

[ 2016-11-14T11:26:15+08:00 ] ::1 /jd/index.php/Home/Jean/detail.html?id=8
INFO: [ app_init ] --START--
INFO: Run Behavior\BuildLiteBehavior [ RunTime:0.000000s ]
INFO: [ app_init ] --END-- [ RunTime:0.002001s ]
INFO: [ app_begin ] --START--
INFO: Run Behavior\ReadHtmlCacheBehavior [ RunTime:0.006000s ]
INFO: [ app_begin ] --END-- [ RunTime:0.006000s ]
SQL: SHOW COLUMNS FROM `shop_jean` [ RunTime:0.0140s ]
SQL: SHOW COLUMNS FROM `shop_jean` [ RunTime:0.0120s ]
SQL: SELECT * FROM `shop_jean` WHERE `id` = 8  [ RunTime:0.0010s ]
SQL: SHOW COLUMNS FROM `shop_jeanfashion` [ RunTime:0.0100s ]
SQL: SELECT * FROM `shop_jeanfashion` WHERE `jean_id` = '8'  [ RunTime:0.0010s ]
INFO: [ view_parse ] --START--
INFO: [ template_filter ] --START--
INFO: Run Behavior\ContentReplaceBehavior [ RunTime:0.000000s ]
INFO: [ template_filter ] --END-- [ RunTime:0.001000s ]
INFO: Run Behavior\ParseTemplateBehavior [ RunTime:0.071004s ]
INFO: [ view_parse ] --END-- [ RunTime:0.071004s ]
INFO: [ view_filter ] --START--
INFO: Run Behavior\WriteHtmlCacheBehavior [ RunTime:0.001000s ]
INFO: [ view_filter ] --END-- [ RunTime:0.001000s ]
INFO: [ app_end ] --START--
INFO: Run Behavior\ShowPageTraceBehavior [ RunTime:0.002000s ]
INFO: [ app_end ] --END-- [ RunTime:0.003000s ]

[ 2016-11-14T11:26:39+08:00 ] ::1 /jd/index.php/Home/Jean/getstorage?jean_id=8&fashion_name=%E9%BB%91%E8%89%B2&size=&flag=size
INFO: [ app_init ] --START--
INFO: Run Behavior\BuildLiteBehavior [ RunTime:0.000000s ]
INFO: [ app_init ] --END-- [ RunTime:0.001000s ]
INFO: [ app_begin ] --START--
INFO: Run Behavior\ReadHtmlCacheBehavior [ RunTime:0.001000s ]
INFO: [ app_begin ] --END-- [ RunTime:0.002000s ]
SQL: SHOW COLUMNS FROM `shop_jean` [ RunTime:0.0110s ]
SQL: SHOW COLUMNS FROM `shop_jean` [ RunTime:0.0120s ]
SQL: SHOW COLUMNS FROM `shop_jeanfashion` [ RunTime:0.0130s ]
SQL: SELECT `size` FROM `shop_jeanfashion` WHERE `jean_id` = '8' AND `fashion_name` = '黑色'  [ RunTime:0.0010s ]
SQL: SHOW COLUMNS FROM `shop_jeanfashion` [ RunTime:0.0130s ]
SQL: SELECT SUM(quantity) AS tp_sum FROM `shop_jeanfashion` WHERE `jean_id` = '8' AND `fashion_name` = '黑色' LIMIT 1   [ RunTime:0.0210s ]
INFO: [ app_end ] --START--
INFO: Run Behavior\ShowPageTraceBehavior [ RunTime:0.002000s ]
INFO: [ app_end ] --END-- [ RunTime:0.002000s ]

[ 2016-11-14T11:26:45+08:00 ] ::1 /jd/index.php/Home/Jean/getstorage?jean_id=8&fashion_name=%E9%BB%91%E8%89%B2&size=L&flag=fashion_name
INFO: [ app_init ] --START--
INFO: Run Behavior\BuildLiteBehavior [ RunTime:0.000000s ]
INFO: [ app_init ] --END-- [ RunTime:0.001000s ]
INFO: [ app_begin ] --START--
INFO: Run Behavior\ReadHtmlCacheBehavior [ RunTime:0.002000s ]
INFO: [ app_begin ] --END-- [ RunTime:0.002000s ]
SQL: SHOW COLUMNS FROM `shop_jean` [ RunTime:0.0110s ]
SQL: SHOW COLUMNS FROM `shop_jean` [ RunTime:0.0110s ]
SQL: SHOW COLUMNS FROM `shop_jeanfashion` [ RunTime:0.0130s ]
SQL: SELECT SUM(quantity) AS tp_sum FROM `shop_jeanfashion` WHERE `jean_id` = '8' AND `fashion_name` = '黑色' AND `size` = 'L' LIMIT 1   [ RunTime:0.0020s ]
SQL: SHOW COLUMNS FROM `shop_jeanfashion` [ RunTime:0.0130s ]
SQL: SELECT `fashion_name` FROM `shop_jeanfashion` WHERE `jean_id` = '8' AND `size` = 'L'  [ RunTime:0.0010s ]
INFO: [ app_end ] --START--
INFO: Run Behavior\ShowPageTraceBehavior [ RunTime:0.002000s ]
INFO: [ app_end ] --END-- [ RunTime:0.002000s ]

[ 2016-11-14T11:26:57+08:00 ] ::1 /jd/index.php/Home/Cart/addToCart?username=admin&fashion_name=%E9%BB%91%E8%89%B2&size=L&cart_product_number=1
INFO: [ app_init ] --START--
INFO: Run Behavior\BuildLiteBehavior [ RunTime:0.000000s ]
INFO: [ app_init ] --END-- [ RunTime:0.002000s ]
INFO: [ app_begin ] --START--
INFO: Run Behavior\ReadHtmlCacheBehavior [ RunTime:0.004000s ]
INFO: [ app_begin ] --END-- [ RunTime:0.004000s ]
SQL: SHOW COLUMNS FROM `shop_cart` [ RunTime:0.1430s ]
SQL: SHOW COLUMNS FROM `shop_user` [ RunTime:0.1830s ]
SQL: SELECT `user_id` FROM `shop_user` WHERE ( username='admin' ) LIMIT 1   [ RunTime:0.0010s ]
SQL: SHOW COLUMNS FROM `shop_jeanfashion` [ RunTime:0.0100s ]
SQL: SELECT `id` FROM `shop_jeanfashion` WHERE `fashion_name` = '黑色' AND `size` = 'L' LIMIT 1   [ RunTime:0.0010s ]
SQL: SELECT * FROM `shop_cart` WHERE `cart_user_id` = '9' AND `cart_product_id` = 20  [ RunTime:0.0120s ]
SQL: SHOW COLUMNS FROM `shop_cart` [ RunTime:0.0100s ]
SQL: INSERT INTO `shop_cart` (`cart_user_id`,`cart_product_id`,`cart_product_number`) VALUES ('9','20','1') [ RunTime:0.0150s ]
INFO: [ app_end ] --START--
INFO: Run Behavior\ShowPageTraceBehavior [ RunTime:0.002000s ]
INFO: [ app_end ] --END-- [ RunTime:0.002000s ]

[ 2016-11-14T11:27:07+08:00 ] ::1 /jd/index.php/Home/User/buynow.html?jeanName=[%E5%8C%85%E9%82%AE]%E7%88%B1%E7%88%B1%E4%B8%B810.17%E5%86%AC%E8%A3%85%E6%96%B0%E6%AC%BE%E5%9F%BA%E7%A1%80%E7%99%BE%E6%90%AD%E6%8B%BC%E6%8E%A5%E5%8D%B7%E8%BE%B9%E5%B0%8F%E8%84%9A%E5%BC%B9%E5%8A%9B%E7%89%9B%E4%BB%94%E9%93%85%E7%AC%94%E8%A3%A4&jean_id=8&fashion_img=/jd/Public/images/14785752859276YdWVzuRGls.jpg&price=%3Ci%3E%EF%BF%A5%3C/i%3E56&fashion_name=%E9%BB%91%E8%89%B2&size=L&number=1&totalStorage=5645
INFO: [ app_init ] --START--
INFO: Run Behavior\BuildLiteBehavior [ RunTime:0.000000s ]
INFO: [ app_init ] --END-- [ RunTime:0.001000s ]
INFO: [ app_begin ] --START--
INFO: Run Behavior\ReadHtmlCacheBehavior [ RunTime:0.002000s ]
INFO: [ app_begin ] --END-- [ RunTime:0.002000s ]
SQL: SHOW COLUMNS FROM `shop_user` [ RunTime:0.0130s ]
NOTIC: [2] Missing argument 1 for Think\Model::getField(), called in D:\xampp\htdocs\jd\Application\Home\Model\UserModel.class.php on line 15 and defined D:\xampp\htdocs\jd\ThinkPHP\Library\Think\Model.class.php 第 924 行.
NOTIC: [8] Undefined variable: field D:\xampp\htdocs\jd\ThinkPHP\Library\Think\Model.class.php 第 925 行.
SQL: SHOW COLUMNS FROM `shop_user` [ RunTime:0.0100s ]
NOTIC: [8] Undefined variable: field D:\xampp\htdocs\jd\ThinkPHP\Library\Think\Model.class.php 第 936 行.
SQL: SELECT * FROM `shop_user` WHERE `username` = 'admin' LIMIT 1   [ RunTime:0.0180s ]
SQL: SHOW COLUMNS FROM `shop_useraddress` [ RunTime:0.0500s ]
SQL: SELECT * FROM `shop_useraddress` WHERE `user_id` = 9  [ RunTime:0.0010s ]
INFO: [ view_parse ] --START--
INFO: [ template_filter ] --START--
INFO: Run Behavior\ContentReplaceBehavior [ RunTime:0.000000s ]
INFO: [ template_filter ] --END-- [ RunTime:0.000000s ]
INFO: Run Behavior\ParseTemplateBehavior [ RunTime:0.055003s ]
INFO: [ view_parse ] --END-- [ RunTime:0.055003s ]
INFO: [ view_filter ] --START--
INFO: Run Behavior\WriteHtmlCacheBehavior [ RunTime:0.002001s ]
INFO: [ view_filter ] --END-- [ RunTime:0.002001s ]
INFO: [ app_end ] --START--
INFO: Run Behavior\ShowPageTraceBehavior [ RunTime:0.002000s ]
INFO: [ app_end ] --END-- [ RunTime:0.003000s ]

[ 2016-11-14T11:27:20+08:00 ] ::1 /jd/index.php/Home/User/address.html
INFO: [ app_init ] --START--
INFO: Run Behavior\BuildLiteBehavior [ RunTime:0.000000s ]
INFO: [ app_init ] --END-- [ RunTime:0.001000s ]
INFO: [ app_begin ] --START--
INFO: Run Behavior\ReadHtmlCacheBehavior [ RunTime:0.002000s ]
INFO: [ app_begin ] --END-- [ RunTime:0.002000s ]
INFO: [ view_parse ] --START--
INFO: [ template_filter ] --START--
INFO: Run Behavior\ContentReplaceBehavior [ RunTime:0.000000s ]
INFO: [ template_filter ] --END-- [ RunTime:0.000000s ]
INFO: Run Behavior\ParseTemplateBehavior [ RunTime:0.070004s ]
INFO: [ view_parse ] --END-- [ RunTime:0.070004s ]
INFO: [ view_filter ] --START--
INFO: Run Behavior\WriteHtmlCacheBehavior [ RunTime:0.001000s ]
INFO: [ view_filter ] --END-- [ RunTime:0.001000s ]
INFO: [ app_end ] --START--
INFO: Run Behavior\ShowPageTraceBehavior [ RunTime:0.002000s ]
INFO: [ app_end ] --END-- [ RunTime:0.003000s ]

[ 2016-11-14T11:28:12+08:00 ] ::1 /jd/index.php/Home/User/buynow.html?jeanName=[%E5%8C%85%E9%82%AE]%E7%88%B1%E7%88%B1%E4%B8%B810.17%E5%86%AC%E8%A3%85%E6%96%B0%E6%AC%BE%E5%9F%BA%E7%A1%80%E7%99%BE%E6%90%AD%E6%8B%BC%E6%8E%A5%E5%8D%B7%E8%BE%B9%E5%B0%8F%E8%84%9A%E5%BC%B9%E5%8A%9B%E7%89%9B%E4%BB%94%E9%93%85%E7%AC%94%E8%A3%A4&jean_id=8&fashion_img=/jd/Public/images/14785752859276YdWVzuRGls.jpg&price=%3Ci%3E%EF%BF%A5%3C/i%3E56&fashion_name=%E9%BB%91%E8%89%B2&size=L&number=1&totalStorage=5645
INFO: [ app_init ] --START--
INFO: Run Behavior\BuildLiteBehavior [ RunTime:0.000000s ]
INFO: [ app_init ] --END-- [ RunTime:0.001000s ]
INFO: [ app_begin ] --START--
INFO: Run Behavior\ReadHtmlCacheBehavior [ RunTime:0.001000s ]
INFO: [ app_begin ] --END-- [ RunTime:0.001000s ]
NOTIC: [8] Undefined index: user D:\xampp\htdocs\jd\Application\Home\Controller\UserController.class.php 第 148 行.
NOTIC: [8] Undefined index: HTTP_REFERER D:\xampp\htdocs\jd\Application\Home\Controller\UserController.class.php 第 149 行.

[ 2016-11-14T11:28:12+08:00 ] ::1 /jd/index.php/Home/User/$url
INFO: [ app_init ] --START--
INFO: Run Behavior\BuildLiteBehavior [ RunTime:0.000000s ]
INFO: [ app_init ] --END-- [ RunTime:0.001000s ]
INFO: [ app_begin ] --START--
INFO: Run Behavior\ReadHtmlCacheBehavior [ RunTime:0.002000s ]
INFO: [ app_begin ] --END-- [ RunTime:0.002000s ]
ERR: 非法操作:$url

[ 2016-11-14T11:28:26+08:00 ] ::1 /jd/
INFO: [ app_init ] --START--
INFO: Run Behavior\BuildLiteBehavior [ RunTime:0.000000s ]
INFO: [ app_init ] --END-- [ RunTime:0.002000s ]
INFO: [ app_begin ] --START--
INFO: Run Behavior\ReadHtmlCacheBehavior [ RunTime:0.002000s ]
INFO: [ app_begin ] --END-- [ RunTime:0.002000s ]
INFO: [ view_parse ] --START--
INFO: [ template_filter ] --START--
INFO: Run Behavior\ContentReplaceBehavior [ RunTime:0.002000s ]
INFO: [ template_filter ] --END-- [ RunTime:0.002000s ]
INFO: Run Behavior\ParseTemplateBehavior [ RunTime:0.123007s ]
INFO: [ view_parse ] --END-- [ RunTime:0.124007s ]
INFO: [ view_filter ] --START--
INFO: Run Behavior\WriteHtmlCacheBehavior [ RunTime:0.001000s ]
INFO: [ view_filter ] --END-- [ RunTime:0.002000s ]
INFO: [ app_end ] --START--
INFO: Run Behavior\ShowPageTraceBehavior [ RunTime:0.017001s ]
INFO: [ app_end ] --END-- [ RunTime:0.017001s ]

[ 2016-11-14T11:28:35+08:00 ] ::1 /jd/
INFO: [ app_init ] --START--
INFO: Run Behavior\BuildLiteBehavior [ RunTime:0.001000s ]
INFO: [ app_init ] --END-- [ RunTime:0.002001s ]
INFO: [ app_begin ] --START--
INFO: Run Behavior\ReadHtmlCacheBehavior [ RunTime:0.002000s ]
INFO: [ app_begin ] --END-- [ RunTime:0.002000s ]
INFO: [ view_parse ] --START--
INFO: [ template_filter ] --START--
INFO: Run Behavior\ContentReplaceBehavior [ RunTime:0.002000s ]
INFO: [ template_filter ] --END-- [ RunTime:0.002000s ]
INFO: Run Behavior\ParseTemplateBehavior [ RunTime:0.126007s ]
INFO: [ view_parse ] --END-- [ RunTime:0.126007s ]
INFO: [ view_filter ] --START--
INFO: Run Behavior\WriteHtmlCacheBehavior [ RunTime:0.002000s ]
INFO: [ view_filter ] --END-- [ RunTime:0.002000s ]
INFO: [ app_end ] --START--
INFO: Run Behavior\ShowPageTraceBehavior [ RunTime:0.002000s ]
INFO: [ app_end ] --END-- [ RunTime:0.002000s ]

[ 2016-11-14T11:28:52+08:00 ] ::1 /jd/index.php/Home/Women/index.html
INFO: [ app_init ] --START--
INFO: Run Behavior\BuildLiteBehavior [ RunTime:0.000000s ]
INFO: [ app_init ] --END-- [ RunTime:0.002000s ]
INFO: [ app_begin ] --START--
INFO: Run Behavior\ReadHtmlCacheBehavior [ RunTime:0.001000s ]
INFO: [ app_begin ] --END-- [ RunTime:0.001000s ]
INFO: [ view_parse ] --START--
INFO: [ template_filter ] --START--
INFO: Run Behavior\ContentReplaceBehavior [ RunTime:0.001000s ]
INFO: [ template_filter ] --END-- [ RunTime:0.001000s ]
INFO: Run Behavior\ParseTemplateBehavior [ RunTime:0.040002s ]
INFO: [ view_parse ] --END-- [ RunTime:0.041002s ]
INFO: [ view_filter ] --START--
INFO: Run Behavior\WriteHtmlCacheBehavior [ RunTime:0.001000s ]
INFO: [ view_filter ] --END-- [ RunTime:0.002001s ]
INFO: [ app_end ] --START--
INFO: Run Behavior\ShowPageTraceBehavior [ RunTime:0.003000s ]
INFO: [ app_end ] --END-- [ RunTime:0.003000s ]

[ 2016-11-14T11:28:59+08:00 ] ::1 /jd/index.php/Home/User/login.html
INFO: [ app_init ] --START--
INFO: Run Behavior\BuildLiteBehavior [ RunTime:0.000000s ]
INFO: [ app_init ] --END-- [ RunTime:0.002000s ]
INFO: [ app_begin ] --START--
INFO: Run Behavior\ReadHtmlCacheBehavior [ RunTime:0.002000s ]
INFO: [ app_begin ] --END-- [ RunTime:0.002000s ]
INFO: [ view_parse ] --START--
INFO: [ template_filter ] --START--
INFO: Run Behavior\ContentReplaceBehavior [ RunTime:0.000000s ]
INFO: [ template_filter ] --END-- [ RunTime:0.000000s ]
NOTIC: [8] Undefined variable: error D:\xampp\htdocs\jd\Application\Runtime\Cache\Home\5c9ee6d19cd41add49f97afe3aef0b25.php 第 31 行.
INFO: Run Behavior\ParseTemplateBehavior [ RunTime:0.145008s ]
INFO: [ view_parse ] --END-- [ RunTime:0.145008s ]
INFO: [ view_filter ] --START--
INFO: Run Behavior\WriteHtmlCacheBehavior [ RunTime:0.002001s ]
INFO: [ view_filter ] --END-- [ RunTime:0.002001s ]
INFO: [ app_end ] --START--
INFO: Run Behavior\ShowPageTraceBehavior [ RunTime:0.002000s ]
INFO: [ app_end ] --END-- [ RunTime:0.003000s ]

[ 2016-11-14T11:29:00+08:00 ] ::1 /jd/index.php/Home/User/verifyCode
INFO: [ app_init ] --START--
INFO: Run Behavior\BuildLiteBehavior [ RunTime:0.000000s ]
INFO: [ app_init ] --END-- [ RunTime:0.001000s ]
INFO: [ app_begin ] --START--
INFO: Run Behavior\ReadHtmlCacheBehavior [ RunTime:0.002000s ]
INFO: [ app_begin ] --END-- [ RunTime:0.003000s ]
INFO: [ app_end ] --START--
INFO: Run Behavior\ShowPageTraceBehavior [ RunTime:0.002000s ]
INFO: [ app_end ] --END-- [ RunTime:0.003000s ]

[ 2016-11-14T11:29:19+08:00 ] ::1 /jd/index.php/Home/User/login.html
INFO: [ app_init ] --START--
INFO: Run Behavior\BuildLiteBehavior [ RunTime:0.001000s ]
INFO: [ app_init ] --END-- [ RunTime:0.002000s ]
INFO: [ app_begin ] --START--
INFO: Run Behavior\ReadHtmlCacheBehavior [ RunTime:0.001000s ]
INFO: [ app_begin ] --END-- [ RunTime:0.003000s ]
SQL: SHOW COLUMNS FROM `shop_user` [ RunTime:0.0130s ]
SQL: SELECT * FROM `shop_user` WHERE ( username='admin' and password='123' )  [ RunTime:0.0030s ]
INFO: [ app_end ] --START--
INFO: Run Behavior\ShowPageTraceBehavior [ RunTime:0.002000s ]
INFO: [ app_end ] --END-- [ RunTime:0.002000s ]

[ 2016-11-14T11:29:19+08:00 ] ::1 /jd/index.php/Home/Women/index.html
INFO: [ app_init ] --START--
INFO: Run Behavior\BuildLiteBehavior [ RunTime:0.000000s ]
INFO: [ app_init ] --END-- [ RunTime:0.001000s ]
INFO: [ app_begin ] --START--
INFO: Run Behavior\ReadHtmlCacheBehavior [ RunTime:0.001000s ]
INFO: [ app_begin ] --END-- [ RunTime:0.001000s ]
INFO: [ view_parse ] --START--
INFO: [ template_filter ] --START--
INFO: Run Behavior\ContentReplaceBehavior [ RunTime:0.001000s ]
INFO: [ template_filter ] --END-- [ RunTime:0.001000s ]
INFO: Run Behavior\ParseTemplateBehavior [ RunTime:0.033002s ]
INFO: [ view_parse ] --END-- [ RunTime:0.034002s ]
INFO: [ view_filter ] --START--
INFO: Run Behavior\WriteHtmlCacheBehavior [ RunTime:0.006001s ]
INFO: [ view_filter ] --END-- [ RunTime:0.006001s ]
INFO: [ app_end ] --START--
INFO: Run Behavior\ShowPageTraceBehavior [ RunTime:0.003000s ]
INFO: [ app_end ] --END-- [ RunTime:0.003000s ]

[ 2016-11-14T11:29:51+08:00 ] ::1 /jd/index.php/Home/Jean/index.html
INFO: [ app_init ] --START--
INFO: Run Behavior\BuildLiteBehavior [ RunTime:0.000000s ]
INFO: [ app_init ] --END-- [ RunTime:0.002000s ]
INFO: [ app_begin ] --START--
INFO: Run Behavior\ReadHtmlCacheBehavior [ RunTime:0.005001s ]
INFO: [ app_begin ] --END-- [ RunTime:0.006001s ]
SQL: SHOW COLUMNS FROM `shop_jean` [ RunTime:0.0200s ]
SQL: SHOW COLUMNS FROM `shop_jean` [ RunTime:0.0140s ]
SQL: SELECT shop_jean.id,shop_jean.name,shop_jeanfashion.fashion_img,shop_jeanfashion.price FROM `shop_jean` left join shop_jeanfashion on shop_jean.id=shop_jeanfashion.jean_id  GROUP BY shop_jeanfashion.jean_id ORDER BY shop_jean.id desc LIMIT 5   [ RunTime:0.0070s ]
SQL: SELECT shop_jean.id,shop_jean.name,shop_jeanfashion.fashion_img,shop_jeanfashion.price FROM `shop_jean` left join shop_jeanfashion on shop_jean.id=shop_jeanfashion.jean_id  GROUP BY shop_jeanfashion.jean_id ORDER BY shop_jean.id desc  [ RunTime:0.0020s ]
INFO: [ view_parse ] --START--
INFO: [ template_filter ] --START--
INFO: Run Behavior\ContentReplaceBehavior [ RunTime:0.001000s ]
INFO: [ template_filter ] --END-- [ RunTime:0.001000s ]
INFO: Run Behavior\ParseTemplateBehavior [ RunTime:0.048003s ]
INFO: [ view_parse ] --END-- [ RunTime:0.048003s ]
INFO: [ view_filter ] --START--
INFO: Run Behavior\WriteHtmlCacheBehavior [ RunTime:0.006000s ]
INFO: [ view_filter ] --END-- [ RunTime:0.007000s ]
INFO: [ app_end ] --START--
INFO: Run Behavior\ShowPageTraceBehavior [ RunTime:0.002001s ]
INFO: [ app_end ] --END-- [ RunTime:0.002001s ]

[ 2016-11-14T11:30:06+08:00 ] ::1 /jd/index.php/Home/Jean/detail.html?id=8
INFO: [ app_init ] --START--
INFO: Run Behavior\BuildLiteBehavior [ RunTime:0.000000s ]
INFO: [ app_init ] --END-- [ RunTime:0.001000s ]
INFO: [ app_begin ] --START--
INFO: Run Behavior\ReadHtmlCacheBehavior [ RunTime:0.002000s ]
INFO: [ app_begin ] --END-- [ RunTime:0.002000s ]
SQL: SHOW COLUMNS FROM `shop_jean` [ RunTime:0.0390s ]
SQL: SHOW COLUMNS FROM `shop_jean` [ RunTime:0.0110s ]
SQL: SELECT * FROM `shop_jean` WHERE `id` = 8  [ RunTime:0.0010s ]
SQL: SHOW COLUMNS FROM `shop_jeanfashion` [ RunTime:0.0110s ]
SQL: SELECT * FROM `shop_jeanfashion` WHERE `jean_id` = '8'  [ RunTime:0.0000s ]
INFO: [ view_parse ] --START--
INFO: [ template_filter ] --START--
INFO: Run Behavior\ContentReplaceBehavior [ RunTime:0.001000s ]
INFO: [ template_filter ] --END-- [ RunTime:0.001000s ]
INFO: Run Behavior\ParseTemplateBehavior [ RunTime:0.033001s ]
INFO: [ view_parse ] --END-- [ RunTime:0.033001s ]
INFO: [ view_filter ] --START--
INFO: Run Behavior\WriteHtmlCacheBehavior [ RunTime:0.001000s ]
INFO: [ view_filter ] --END-- [ RunTime:0.002001s ]
INFO: [ app_end ] --START--
INFO: Run Behavior\ShowPageTraceBehavior [ RunTime:0.004000s ]
INFO: [ app_end ] --END-- [ RunTime:0.004000s ]

[ 2016-11-14T11:30:14+08:00 ] ::1 /jd/index.php/Home/Jean/getstorage?jean_id=8&fashion_name=%E9%BB%91%E8%89%B2&size=L&flag=fashion_name
INFO: [ app_init ] --START--
INFO: Run Behavior\BuildLiteBehavior [ RunTime:0.000000s ]
INFO: [ app_init ] --END-- [ RunTime:0.002000s ]
INFO: [ app_begin ] --START--
INFO: Run Behavior\ReadHtmlCacheBehavior [ RunTime:0.002000s ]
INFO: [ app_begin ] --END-- [ RunTime:0.002000s ]
SQL: SHOW COLUMNS FROM `shop_jean` [ RunTime:0.0100s ]
SQL: SHOW COLUMNS FROM `shop_jean` [ RunTime:0.0110s ]
SQL: SHOW COLUMNS FROM `shop_jeanfashion` [ RunTime:0.0100s ]
SQL: SELECT SUM(quantity) AS tp_sum FROM `shop_jeanfashion` WHERE `jean_id` = '8' AND `fashion_name` = '黑色' AND `size` = 'L' LIMIT 1   [ RunTime:0.0010s ]
SQL: SHOW COLUMNS FROM `shop_jeanfashion` [ RunTime:0.0120s ]
SQL: SELECT `fashion_name` FROM `shop_jeanfashion` WHERE `jean_id` = '8' AND `size` = 'L'  [ RunTime:0.0010s ]
INFO: [ app_end ] --START--
INFO: Run Behavior\ShowPageTraceBehavior [ RunTime:0.001000s ]
INFO: [ app_end ] --END-- [ RunTime:0.001000s ]

[ 2016-11-14T11:30:16+08:00 ] ::1 /jd/index.php/Home/User/buynow.html?jeanName=[包邮]爱爱丸10.17冬装新款基础百搭拼接卷边小脚弹力牛仔铅笔裤&jean_id=8&fashion_img=/jd/Public/images/14785752859276YdWVzuRGls.jpg&price=<i>￥</i>56&fashion_name=黑色&size=L&number=1&totalStorage=9766
INFO: [ app_init ] --START--
INFO: Run Behavior\BuildLiteBehavior [ RunTime:0.000000s ]
INFO: [ app_init ] --END-- [ RunTime:0.002000s ]
INFO: [ app_begin ] --START--
INFO: Run Behavior\ReadHtmlCacheBehavior [ RunTime:0.002000s ]
INFO: [ app_begin ] --END-- [ RunTime:0.002000s ]
SQL: SHOW COLUMNS FROM `shop_user` [ RunTime:0.0100s ]
NOTIC: [2] Missing argument 1 for Think\Model::getField(), called in D:\xampp\htdocs\jd\Application\Home\Model\UserModel.class.php on line 15 and defined D:\xampp\htdocs\jd\ThinkPHP\Library\Think\Model.class.php 第 924 行.
NOTIC: [8] Undefined variable: field D:\xampp\htdocs\jd\ThinkPHP\Library\Think\Model.class.php 第 925 行.
SQL: SHOW COLUMNS FROM `shop_user` [ RunTime:0.0120s ]
NOTIC: [8] Undefined variable: field D:\xampp\htdocs\jd\ThinkPHP\Library\Think\Model.class.php 第 936 行.
SQL: SELECT * FROM `shop_user` WHERE `username` = 'admin' LIMIT 1   [ RunTime:0.0010s ]
SQL: SHOW COLUMNS FROM `shop_useraddress` [ RunTime:0.0130s ]
SQL: SELECT * FROM `shop_useraddress` WHERE `user_id` = 9  [ RunTime:0.0030s ]
INFO: [ view_parse ] --START--
INFO: [ template_filter ] --START--
INFO: Run Behavior\ContentReplaceBehavior [ RunTime:0.001000s ]
INFO: [ template_filter ] --END-- [ RunTime:0.001000s ]
INFO: Run Behavior\ParseTemplateBehavior [ RunTime:0.031002s ]
INFO: [ view_parse ] --END-- [ RunTime:0.031002s ]
INFO: [ view_filter ] --START--
INFO: Run Behavior\WriteHtmlCacheBehavior [ RunTime:0.003000s ]
INFO: [ view_filter ] --END-- [ RunTime:0.003000s ]
INFO: [ app_end ] --START--
INFO: Run Behavior\ShowPageTraceBehavior [ RunTime:0.002000s ]
INFO: [ app_end ] --END-- [ RunTime:0.002000s ]

[ 2016-11-14T12:48:17+08:00 ] ::1 /jd/index.php/Home/User/verifyCode
INFO: [ app_init ] --START--
INFO: Run Behavior\BuildLiteBehavior [ RunTime:0.000000s ]
INFO: [ app_init ] --END-- [ RunTime:0.001000s ]
INFO: [ app_begin ] --START--
INFO: Run Behavior\ReadHtmlCacheBehavior [ RunTime:0.053003s ]
INFO: [ app_begin ] --END-- [ RunTime:0.054003s ]
INFO: [ app_end ] --START--
INFO: Run Behavior\ShowPageTraceBehavior [ RunTime:0.016000s ]
INFO: [ app_end ] --END-- [ RunTime:0.017001s ]

[ 2016-11-14T13:36:56+08:00 ] ::1 /jd/index.php/Home/Women/index.html
INFO: [ app_init ] --START--
INFO: Run Behavior\BuildLiteBehavior [ RunTime:0.000000s ]
INFO: [ app_init ] --END-- [ RunTime:0.010000s ]
INFO: [ app_begin ] --START--
INFO: Run Behavior\ReadHtmlCacheBehavior [ RunTime:0.019001s ]
INFO: [ app_begin ] --END-- [ RunTime:0.019001s ]
INFO: [ view_parse ] --START--
INFO: [ template_filter ] --START--
INFO: Run Behavior\ContentReplaceBehavior [ RunTime:0.040003s ]
INFO: [ template_filter ] --END-- [ RunTime:0.040003s ]
INFO: Run Behavior\ParseTemplateBehavior [ RunTime:0.573033s ]
INFO: [ view_parse ] --END-- [ RunTime:0.573033s ]
INFO: [ view_filter ] --START--
INFO: Run Behavior\WriteHtmlCacheBehavior [ RunTime:0.007001s ]
INFO: [ view_filter ] --END-- [ RunTime:0.007001s ]
INFO: [ app_end ] --START--
INFO: Run Behavior\ShowPageTraceBehavior [ RunTime:0.023001s ]
INFO: [ app_end ] --END-- [ RunTime:0.024001s ]

[ 2016-11-14T13:37:11+08:00 ] ::1 /jd/index.php/Home/Jean/index.html
INFO: [ app_init ] --START--
INFO: Run Behavior\BuildLiteBehavior [ RunTime:0.000000s ]
INFO: [ app_init ] --END-- [ RunTime:0.001000s ]
INFO: [ app_begin ] --START--
INFO: Run Behavior\ReadHtmlCacheBehavior [ RunTime:0.002000s ]
INFO: [ app_begin ] --END-- [ RunTime:0.002000s ]
SQL: SHOW COLUMNS FROM `shop_jean` [ RunTime:1.7631s ]
SQL: SHOW COLUMNS FROM `shop_jean` [ RunTime:0.0130s ]
SQL: SELECT shop_jean.id,shop_jean.name,shop_jeanfashion.fashion_img,shop_jeanfashion.price FROM `shop_jean` left join shop_jeanfashion on shop_jean.id=shop_jeanfashion.jean_id  GROUP BY shop_jeanfashion.jean_id ORDER BY shop_jean.id desc LIMIT 5   [ RunTime:0.4470s ]
SQL: SELECT shop_jean.id,shop_jean.name,shop_jeanfashion.fashion_img,shop_jeanfashion.price FROM `shop_jean` left join shop_jeanfashion on shop_jean.id=shop_jeanfashion.jean_id  GROUP BY shop_jeanfashion.jean_id ORDER BY shop_jean.id desc  [ RunTime:0.0020s ]
INFO: [ view_parse ] --START--
INFO: [ template_filter ] --START--
INFO: Run Behavior\ContentReplaceBehavior [ RunTime:0.001000s ]
INFO: [ template_filter ] --END-- [ RunTime:0.001000s ]
INFO: Run Behavior\ParseTemplateBehavior [ RunTime:0.081005s ]
INFO: [ view_parse ] --END-- [ RunTime:0.081005s ]
INFO: [ view_filter ] --START--
INFO: Run Behavior\WriteHtmlCacheBehavior [ RunTime:0.002000s ]
INFO: [ view_filter ] --END-- [ RunTime:0.002000s ]
INFO: [ app_end ] --START--
INFO: Run Behavior\ShowPageTraceBehavior [ RunTime:0.002000s ]
INFO: [ app_end ] --END-- [ RunTime:0.005000s ]

[ 2016-11-14T13:37:26+08:00 ] ::1 /jd/index.php/Home/Jean/detail.html?id=8
INFO: [ app_init ] --START--
INFO: Run Behavior\BuildLiteBehavior [ RunTime:0.000000s ]
INFO: [ app_init ] --END-- [ RunTime:0.001001s ]
INFO: [ app_begin ] --START--
INFO: Run Behavior\ReadHtmlCacheBehavior [ RunTime:0.002000s ]
INFO: [ app_begin ] --END-- [ RunTime:0.002000s ]
SQL: SHOW COLUMNS FROM `shop_jean` [ RunTime:0.0120s ]
SQL: SHOW COLUMNS FROM `shop_jean` [ RunTime:0.0110s ]
SQL: SELECT * FROM `shop_jean` WHERE `id` = 8  [ RunTime:0.0370s ]
SQL: SHOW COLUMNS FROM `shop_jeanfashion` [ RunTime:0.0430s ]
SQL: SELECT * FROM `shop_jeanfashion` WHERE `jean_id` = '8'  [ RunTime:0.0010s ]
INFO: [ view_parse ] --START--
INFO: [ template_filter ] --START--
INFO: Run Behavior\ContentReplaceBehavior [ RunTime:0.001000s ]
INFO: [ template_filter ] --END-- [ RunTime:0.001000s ]
INFO: Run Behavior\ParseTemplateBehavior [ RunTime:0.103006s ]
INFO: [ view_parse ] --END-- [ RunTime:0.103006s ]
INFO: [ view_filter ] --START--
INFO: Run Behavior\WriteHtmlCacheBehavior [ RunTime:0.001000s ]
INFO: [ view_filter ] --END-- [ RunTime:0.001000s ]
INFO: [ app_end ] --START--
INFO: Run Behavior\ShowPageTraceBehavior [ RunTime:0.002000s ]
INFO: [ app_end ] --END-- [ RunTime:0.003000s ]

[ 2016-11-14T13:37:34+08:00 ] ::1 /jd/index.php/Home/Jean/getstorage?jean_id=8&fashion_name=%E9%BB%91%E8%89%B2&size=&flag=size
INFO: [ app_init ] --START--
INFO: Run Behavior\BuildLiteBehavior [ RunTime:0.000000s ]
INFO: [ app_init ] --END-- [ RunTime:0.002000s ]
INFO: [ app_begin ] --START--
INFO: Run Behavior\ReadHtmlCacheBehavior [ RunTime:0.002000s ]
INFO: [ app_begin ] --END-- [ RunTime:0.002000s ]
SQL: SHOW COLUMNS FROM `shop_jean` [ RunTime:0.0100s ]
SQL: SHOW COLUMNS FROM `shop_jean` [ RunTime:0.0180s ]
SQL: SHOW COLUMNS FROM `shop_jeanfashion` [ RunTime:0.0100s ]
SQL: SELECT `size` FROM `shop_jeanfashion` WHERE `jean_id` = '8' AND `fashion_name` = '黑色'  [ RunTime:0.0170s ]
SQL: SHOW COLUMNS FROM `shop_jeanfashion` [ RunTime:0.0110s ]
SQL: SELECT SUM(quantity) AS tp_sum FROM `shop_jeanfashion` WHERE `jean_id` = '8' AND `fashion_name` = '黑色' LIMIT 1   [ RunTime:0.0380s ]
INFO: [ app_end ] --START--
INFO: Run Behavior\ShowPageTraceBehavior [ RunTime:0.003000s ]
INFO: [ app_end ] --END-- [ RunTime:0.003000s ]

[ 2016-11-14T13:37:38+08:00 ] ::1 /jd/index.php/Home/Jean/getstorage?jean_id=8&fashion_name=%E9%BB%91%E8%89%B2&size=L&flag=fashion_name
INFO: [ app_init ] --START--
INFO: Run Behavior\BuildLiteBehavior [ RunTime:0.000000s ]
INFO: [ app_init ] --END-- [ RunTime:0.001000s ]
INFO: [ app_begin ] --START--
INFO: Run Behavior\ReadHtmlCacheBehavior [ RunTime:0.001000s ]
INFO: [ app_begin ] --END-- [ RunTime:0.001000s ]
SQL: SHOW COLUMNS FROM `shop_jean` [ RunTime:0.0090s ]
SQL: SHOW COLUMNS FROM `shop_jean` [ RunTime:0.0110s ]
SQL: SHOW COLUMNS FROM `shop_jeanfashion` [ RunTime:0.0090s ]
SQL: SELECT SUM(quantity) AS tp_sum FROM `shop_jeanfashion` WHERE `jean_id` = '8' AND `fashion_name` = '黑色' AND `size` = 'L' LIMIT 1   [ RunTime:0.0010s ]
SQL: SHOW COLUMNS FROM `shop_jeanfashion` [ RunTime:0.0100s ]
SQL: SELECT `fashion_name` FROM `shop_jeanfashion` WHERE `jean_id` = '8' AND `size` = 'L'  [ RunTime:0.0010s ]
INFO: [ app_end ] --START--
INFO: Run Behavior\ShowPageTraceBehavior [ RunTime:0.002000s ]
INFO: [ app_end ] --END-- [ RunTime:0.002000s ]

[ 2016-11-14T13:37:40+08:00 ] ::1 /jd/index.php/Home/Jean/getstorage?jean_id=8&fashion_name=%E9%BB%91%E8%89%B2&size=M&flag=fashion_name
INFO: [ app_init ] --START--
INFO: Run Behavior\BuildLiteBehavior [ RunTime:0.000000s ]
INFO: [ app_init ] --END-- [ RunTime:0.001000s ]
INFO: [ app_begin ] --START--
INFO: Run Behavior\ReadHtmlCacheBehavior [ RunTime:0.001000s ]
INFO: [ app_begin ] --END-- [ RunTime:0.001000s ]
SQL: SHOW COLUMNS FROM `shop_jean` [ RunTime:0.0130s ]
SQL: SHOW COLUMNS FROM `shop_jean` [ RunTime:0.0410s ]
SQL: SHOW COLUMNS FROM `shop_jeanfashion` [ RunTime:0.0100s ]
SQL: SELECT SUM(quantity) AS tp_sum FROM `shop_jeanfashion` WHERE `jean_id` = '8' AND `fashion_name` = '黑色' AND `size` = 'M' LIMIT 1   [ RunTime:0.0010s ]
SQL: SHOW COLUMNS FROM `shop_jeanfashion` [ RunTime:0.0100s ]
SQL: SELECT `fashion_name` FROM `shop_jeanfashion` WHERE `jean_id` = '8' AND `size` = 'M'  [ RunTime:0.0020s ]
INFO: [ app_end ] --START--
INFO: Run Behavior\ShowPageTraceBehavior [ RunTime:0.001000s ]
INFO: [ app_end ] --END-- [ RunTime:0.002000s ]

[ 2016-11-14T13:38:12+08:00 ] ::1 /jd/index.php/Home/Cart/addToCart?username=admin&fashion_name=%E9%BB%91%E8%89%B2&size=M&cart_product_number=1
INFO: [ app_init ] --START--
INFO: Run Behavior\BuildLiteBehavior [ RunTime:0.000000s ]
INFO: [ app_init ] --END-- [ RunTime:0.002000s ]
INFO: [ app_begin ] --START--
INFO: Run Behavior\ReadHtmlCacheBehavior [ RunTime:0.002000s ]
INFO: [ app_begin ] --END-- [ RunTime:0.002000s ]
SQL: SHOW COLUMNS FROM `shop_cart` [ RunTime:0.0700s ]
SQL: SHOW COLUMNS FROM `shop_user` [ RunTime:0.0100s ]
SQL: SELECT `user_id` FROM `shop_user` WHERE ( username='admin' ) LIMIT 1   [ RunTime:0.0350s ]
SQL: SHOW COLUMNS FROM `shop_jeanfashion` [ RunTime:0.0090s ]
SQL: SELECT `id` FROM `shop_jeanfashion` WHERE `fashion_name` = '黑色' AND `size` = 'M' LIMIT 1   [ RunTime:0.0000s ]
SQL: SELECT * FROM `shop_cart` WHERE `cart_user_id` = '9' AND `cart_product_id` = 8  [ RunTime:0.0190s ]
SQL: UPDATE `shop_cart` SET `cart_product_number`=cart_product_number+1 WHERE `cart_user_id` = '9' AND `cart_product_id` = 8 [ RunTime:0.0690s ]
INFO: [ app_end ] --START--
INFO: Run Behavior\ShowPageTraceBehavior [ RunTime:0.002000s ]
INFO: [ app_end ] --END-- [ RunTime:0.002000s ]

[ 2016-11-14T13:38:18+08:00 ] ::1 /jd/index.php/Home/User/buynow.html?jeanName=[%E5%8C%85%E9%82%AE]%E7%88%B1%E7%88%B1%E4%B8%B810.17%E5%86%AC%E8%A3%85%E6%96%B0%E6%AC%BE%E5%9F%BA%E7%A1%80%E7%99%BE%E6%90%AD%E6%8B%BC%E6%8E%A5%E5%8D%B7%E8%BE%B9%E5%B0%8F%E8%84%9A%E5%BC%B9%E5%8A%9B%E7%89%9B%E4%BB%94%E9%93%85%E7%AC%94%E8%A3%A4&jean_id=8&fashion_img=/jd/Public/images/14785752859276YdWVzuRGls.jpg&price=%3Ci%3E%EF%BF%A5%3C/i%3E56&fashion_name=%E9%BB%91%E8%89%B2&size=M&number=1&totalStorage=234
INFO: [ app_init ] --START--
INFO: Run Behavior\BuildLiteBehavior [ RunTime:0.000000s ]
INFO: [ app_init ] --END-- [ RunTime:0.001000s ]
INFO: [ app_begin ] --START--
INFO: Run Behavior\ReadHtmlCacheBehavior [ RunTime:0.001000s ]
INFO: [ app_begin ] --END-- [ RunTime:0.001000s ]
SQL: SHOW COLUMNS FROM `shop_user` [ RunTime:0.0090s ]
NOTIC: [2] Missing argument 1 for Think\Model::getField(), called in D:\xampp\htdocs\jd\Application\Home\Model\UserModel.class.php on line 15 and defined D:\xampp\htdocs\jd\ThinkPHP\Library\Think\Model.class.php 第 924 行.
NOTIC: [8] Undefined variable: field D:\xampp\htdocs\jd\ThinkPHP\Library\Think\Model.class.php 第 925 行.
SQL: SHOW COLUMNS FROM `shop_user` [ RunTime:0.0100s ]
NOTIC: [8] Undefined variable: field D:\xampp\htdocs\jd\ThinkPHP\Library\Think\Model.class.php 第 936 行.
SQL: SELECT * FROM `shop_user` WHERE `username` = 'admin' LIMIT 1   [ RunTime:0.0010s ]
SQL: SHOW COLUMNS FROM `shop_useraddress` [ RunTime:0.0120s ]
SQL: SELECT * FROM `shop_useraddress` WHERE `user_id` = 9  [ RunTime:0.0020s ]
INFO: [ view_parse ] --START--
INFO: [ template_filter ] --START--
INFO: Run Behavior\ContentReplaceBehavior [ RunTime:0.001000s ]
INFO: [ template_filter ] --END-- [ RunTime:0.001000s ]
INFO: Run Behavior\ParseTemplateBehavior [ RunTime:0.074004s ]
INFO: [ view_parse ] --END-- [ RunTime:0.074004s ]
INFO: [ view_filter ] --START--
INFO: Run Behavior\WriteHtmlCacheBehavior [ RunTime:0.001000s ]
INFO: [ view_filter ] --END-- [ RunTime:0.001000s ]
INFO: [ app_end ] --START--
INFO: Run Behavior\ShowPageTraceBehavior [ RunTime:0.002000s ]
INFO: [ app_end ] --END-- [ RunTime:0.003000s ]

[ 2016-11-14T13:38:49+08:00 ] ::1 /jd/index.php/Home/User/pay.html?jean_id=8&fashion_name=%E9%BB%91%E8%89%B2&size=M&user_id=admin&number=10&price=56&mailing_address=%E5%AF%84%E9%80%81%E8%87%B3%EF%BC%9A%E9%99%95%E8%A5%BF%E7%9C%81%20%E8%A5%BF%E5%AE%89%E5%B8%82%20%E9%9B%81%E5%A1%94%E5%8C%BA%20%E7%94%B5%E5%AD%90%E5%9F%8E%E8%A1%97%E9%81%93%E9%AB%98%E6%96%B0%E5%8C%BA%E8%A5%BF%E7%94%B5%E7%A7%91%E6%8A%80%E5%9B%ADE%E5%BA%A79%E5%B1%82%3Cbr%3E%E6%94%B6%E8%B4%A7%E4%BA%BA%EF%BC%9A%E5%90%B4%E6%B1%9F%2086-13671781741&other=&totalcost=560.00
INFO: [ app_init ] --START--
INFO: Run Behavior\BuildLiteBehavior [ RunTime:0.000000s ]
INFO: [ app_init ] --END-- [ RunTime:0.001000s ]
INFO: [ app_begin ] --START--
INFO: Run Behavior\ReadHtmlCacheBehavior [ RunTime:0.001000s ]
INFO: [ app_begin ] --END-- [ RunTime:0.001000s ]
SQL: SHOW COLUMNS FROM `shop_user` [ RunTime:0.0110s ]
NOTIC: [2] Missing argument 1 for Think\Model::getField(), called in D:\xampp\htdocs\jd\Application\Home\Model\UserModel.class.php on line 52 and defined D:\xampp\htdocs\jd\ThinkPHP\Library\Think\Model.class.php 第 924 行.
NOTIC: [8] Undefined variable: field D:\xampp\htdocs\jd\ThinkPHP\Library\Think\Model.class.php 第 925 行.
SQL: SHOW COLUMNS FROM `shop_jeanfashion` [ RunTime:0.0120s ]
NOTIC: [8] Undefined variable: field D:\xampp\htdocs\jd\ThinkPHP\Library\Think\Model.class.php 第 936 行.
SQL: SELECT * FROM `shop_jeanfashion` WHERE `jean_id` = '8' AND `fashion_name` = '黑色' AND `size` = 'M' LIMIT 1   [ RunTime:0.0010s ]
NOTIC: [2] Missing argument 1 for Think\Model::getField(), called in D:\xampp\htdocs\jd\Application\Home\Model\UserModel.class.php on line 55 and defined D:\xampp\htdocs\jd\ThinkPHP\Library\Think\Model.class.php 第 924 行.
NOTIC: [8] Undefined variable: field D:\xampp\htdocs\jd\ThinkPHP\Library\Think\Model.class.php 第 925 行.
SQL: SHOW COLUMNS FROM `shop_user` [ RunTime:0.0100s ]
NOTIC: [8] Undefined variable: field D:\xampp\htdocs\jd\ThinkPHP\Library\Think\Model.class.php 第 936 行.
SQL: SELECT * FROM `shop_user` WHERE `username` = 'admin' LIMIT 1   [ RunTime:0.0010s ]
SQL: SHOW COLUMNS FROM `shop_order` [ RunTime:0.3460s ]
SQL: INSERT INTO `shop_order` (`user_id`,`number`,`price`,`mailing_address`,`other`,`totalcost`,`fashion_id`) VALUES ('9','10','56','寄送至：陕西省 西安市 雁塔区 电子城街道高新区西电科技园E座9层<br>收货人：吴江 86-13671781741','','560.00','19') [ RunTime:0.0210s ]
INFO: [ view_parse ] --START--
INFO: [ template_filter ] --START--
INFO: Run Behavior\ContentReplaceBehavior [ RunTime:0.000000s ]
INFO: [ template_filter ] --END-- [ RunTime:0.001001s ]
INFO: Run Behavior\ParseTemplateBehavior [ RunTime:0.020001s ]
INFO: [ view_parse ] --END-- [ RunTime:0.020001s ]
INFO: [ view_filter ] --START--
INFO: Run Behavior\WriteHtmlCacheBehavior [ RunTime:0.001001s ]
INFO: [ view_filter ] --END-- [ RunTime:0.002001s ]
INFO: [ app_end ] --START--
INFO: Run Behavior\ShowPageTraceBehavior [ RunTime:0.002000s ]
INFO: [ app_end ] --END-- [ RunTime:0.002000s ]

[ 2016-11-14T13:39:03+08:00 ] ::1 /jd/index.php/Home/User/address.html
INFO: [ app_init ] --START--
INFO: Run Behavior\BuildLiteBehavior [ RunTime:0.000000s ]
INFO: [ app_init ] --END-- [ RunTime:0.002000s ]
INFO: [ app_begin ] --START--
INFO: Run Behavior\ReadHtmlCacheBehavior [ RunTime:0.015001s ]
INFO: [ app_begin ] --END-- [ RunTime:0.017001s ]
INFO: [ view_parse ] --START--
INFO: [ template_filter ] --START--
INFO: Run Behavior\ContentReplaceBehavior [ RunTime:0.000000s ]
INFO: [ template_filter ] --END-- [ RunTime:0.000000s ]
INFO: Run Behavior\ParseTemplateBehavior [ RunTime:0.083005s ]
INFO: [ view_parse ] --END-- [ RunTime:0.083005s ]
INFO: [ view_filter ] --START--
INFO: Run Behavior\WriteHtmlCacheBehavior [ RunTime:0.002000s ]
INFO: [ view_filter ] --END-- [ RunTime:0.002000s ]
INFO: [ app_end ] --START--
INFO: Run Behavior\ShowPageTraceBehavior [ RunTime:0.002000s ]
INFO: [ app_end ] --END-- [ RunTime:0.002000s ]

[ 2016-11-14T13:39:19+08:00 ] ::1 /jd/index.php/Home/User/address.html
INFO: [ app_init ] --START--
INFO: Run Behavior\BuildLiteBehavior [ RunTime:0.000000s ]
INFO: [ app_init ] --END-- [ RunTime:0.002000s ]
INFO: [ app_begin ] --START--
INFO: Run Behavior\ReadHtmlCacheBehavior [ RunTime:0.001000s ]
INFO: [ app_begin ] --END-- [ RunTime:0.002000s ]
INFO: [ view_parse ] --START--
INFO: [ template_filter ] --START--
INFO: Run Behavior\ContentReplaceBehavior [ RunTime:0.001000s ]
INFO: [ template_filter ] --END-- [ RunTime:0.002000s ]
INFO: Run Behavior\ParseTemplateBehavior [ RunTime:0.029001s ]
INFO: [ view_parse ] --END-- [ RunTime:0.029001s ]
INFO: [ view_filter ] --START--
INFO: Run Behavior\WriteHtmlCacheBehavior [ RunTime:0.001001s ]
INFO: [ view_filter ] --END-- [ RunTime:0.002001s ]
INFO: [ app_end ] --START--
INFO: Run Behavior\ShowPageTraceBehavior [ RunTime:0.001000s ]
INFO: [ app_end ] --END-- [ RunTime:0.001000s ]

