[ 2016-11-04T00:06:24+08:00 ] ::1 /jd/index.php/Home/Jean/updatejeaninfo.html
INFO: [ app_init ] --START--
INFO: Run Behavior\BuildLiteBehavior [ RunTime:0.000000s ]
INFO: [ app_init ] --END-- [ RunTime:0.010000s ]
INFO: [ app_begin ] --START--
INFO: Run Behavior\ReadHtmlCacheBehavior [ RunTime:0.014001s ]
INFO: [ app_begin ] --END-- [ RunTime:0.014001s ]
SQL: SHOW COLUMNS FROM `shop_jean` [ RunTime:0.0130s ]
SQL: SHOW COLUMNS FROM `shop_jeanclassify` [ RunTime:0.0150s ]
SQL: SELECT * FROM `shop_jeanclassify`  [ RunTime:0.0010s ]
INFO: [ view_parse ] --START--
INFO: [ template_filter ] --START--
INFO: Run Behavior\ContentReplaceBehavior [ RunTime:0.000000s ]
INFO: [ template_filter ] --END-- [ RunTime:0.000000s ]
INFO: Run Behavior\ParseTemplateBehavior [ RunTime:0.079005s ]
INFO: [ view_parse ] --END-- [ RunTime:0.080005s ]
INFO: [ view_filter ] --START--
INFO: Run Behavior\WriteHtmlCacheBehavior [ RunTime:0.021001s ]
INFO: [ view_filter ] --END-- [ RunTime:0.021001s ]
INFO: [ app_end ] --START--
INFO: Run Behavior\ShowPageTraceBehavior [ RunTime:0.030002s ]
INFO: [ app_end ] --END-- [ RunTime:0.030002s ]

[ 2016-11-04T00:08:13+08:00 ] ::1 /jd/index.php/Home/Jean/updateJeanInfo
INFO: [ app_init ] --START--
INFO: Run Behavior\BuildLiteBehavior [ RunTime:0.000000s ]
INFO: [ app_init ] --END-- [ RunTime:0.001000s ]
INFO: [ app_begin ] --START--
INFO: Run Behavior\ReadHtmlCacheBehavior [ RunTime:0.003000s ]
INFO: [ app_begin ] --END-- [ RunTime:0.003000s ]
SQL: SHOW COLUMNS FROM `shop_jean` [ RunTime:0.0130s ]
SQL: SHOW COLUMNS FROM `shop_jean` [ RunTime:0.0140s ]
SQL: SELECT * FROM `shop_jean` WHERE `name` = '冬季新品加厚加绒显瘦牛仔裤女长裤子弹力修身小脚裤' AND `element` = '纯色' AND `style` = '韩系' AND `pattern` = '渐变' AND `thickness` = '常规' AND `material` = '牛仔布' AND `outseam` = '九分裤' AND `waistform` = '高腰' AND `panttype` = '哈伦裤' AND `season` = '秋季' AND `closed` = '纽扣_拉链' AND `stereotype` = '修身'  [ RunTime:0.0020s ]
SQL: UPDATE `shop_jean` SET `is_promotion`='' WHERE `name` = '冬季新品加厚加绒显瘦牛仔裤女长裤子弹力修身小脚裤' AND `element` = '纯色' AND `style` = '韩系' AND `pattern` = '渐变' AND `thickness` = '常规' AND `material` = '牛仔布' AND `outseam` = '九分裤' AND `waistform` = '高腰' AND `panttype` = '哈伦裤' AND `season` = '秋季' AND `closed` = '纽扣_拉链' AND `stereotype` = '修身' [ RunTime:0.3760s ]
SQL: SELECT `id` FROM `shop_jean` WHERE `name` = '冬季新品加厚加绒显瘦牛仔裤女长裤子弹力修身小脚裤' AND `element` = '纯色' AND `style` = '韩系' AND `pattern` = '渐变' AND `thickness` = '常规' AND `material` = '牛仔布' AND `outseam` = '九分裤' AND `waistform` = '高腰' AND `panttype` = '哈伦裤' AND `season` = '秋季' AND `closed` = '纽扣_拉链' AND `stereotype` = '修身' LIMIT 1   [ RunTime:0.0010s ]

[ 2016-11-04T00:08:14+08:00 ] ::1 /jd/index.php/Home/Jean/updateJeanInfo
INFO: [ app_init ] --START--
INFO: Run Behavior\BuildLiteBehavior [ RunTime:0.000000s ]
INFO: [ app_init ] --END-- [ RunTime:0.001000s ]
INFO: [ app_begin ] --START--
INFO: Run Behavior\ReadHtmlCacheBehavior [ RunTime:0.002000s ]
INFO: [ app_begin ] --END-- [ RunTime:0.002000s ]
SQL: SHOW COLUMNS FROM `shop_jean` [ RunTime:0.0150s ]
SQL: SHOW COLUMNS FROM `shop_jeanfashion` [ RunTime:0.0140s ]
SQL: SELECT * FROM `shop_jeanfashion` WHERE `jean_id` = 2 AND `fashion_name` = '' AND `size` = ''  [ RunTime:0.0010s ]
SQL: INSERT INTO `shop_jeanfashion` (`jean_id`,`fashion_name`,`size`,`quantity`,`price`,`promotion_price`) VALUES ('2','','','0','','') [ RunTime:0.7150s ]
SQL: SELECT `id` FROM `shop_jeanfashion` WHERE `jean_id` = 2 AND `fashion_name` = '' AND `size` = '' AND `quantity` = 0 AND `price` = '' AND `promotion_price` = '' LIMIT 1   [ RunTime:0.0180s ]
SQL: SELECT * FROM `shop_jeanfashion` WHERE `jean_id` = 2 AND `fashion_name` = '冬季加绒' AND `size` = 'M'  [ RunTime:0.0000s ]
SQL: INSERT INTO `shop_jeanfashion` (`jean_id`,`fashion_name`,`size`,`quantity`,`price`,`promotion_price`) VALUES ('2','冬季加绒','M','300','50','40') [ RunTime:0.4720s ]
SQL: SELECT `id` FROM `shop_jeanfashion` WHERE `jean_id` = 2 AND `fashion_name` = '冬季加绒' AND `size` = 'M' AND `quantity` = 300 AND `price` = '50' AND `promotion_price` = '40' LIMIT 1   [ RunTime:0.0010s ]
SQL: SELECT * FROM `shop_jeanfashion` WHERE `jean_id` = 2 AND `fashion_name` = '秋季单款' AND `size` = 'L'  [ RunTime:0.0010s ]
SQL: INSERT INTO `shop_jeanfashion` (`jean_id`,`fashion_name`,`size`,`quantity`,`price`,`promotion_price`) VALUES ('2','秋季单款','L','333','50','40') [ RunTime:0.0900s ]
SQL: SELECT `id` FROM `shop_jeanfashion` WHERE `jean_id` = 2 AND `fashion_name` = '秋季单款' AND `size` = 'L' AND `quantity` = 333 AND `price` = '50' AND `promotion_price` = '40' LIMIT 1   [ RunTime:0.0050s ]

[ 2016-11-04T00:10:53+08:00 ] ::1 /jd/index.php/Home/Jean/updateJeanInfo
INFO: [ app_init ] --START--
INFO: Run Behavior\BuildLiteBehavior [ RunTime:0.000000s ]
INFO: [ app_init ] --END-- [ RunTime:0.002000s ]
INFO: [ app_begin ] --START--
INFO: Run Behavior\ReadHtmlCacheBehavior [ RunTime:0.003000s ]
INFO: [ app_begin ] --END-- [ RunTime:0.003000s ]
SQL: SHOW COLUMNS FROM `shop_jean` [ RunTime:0.0170s ]
SQL: SHOW COLUMNS FROM `shop_jean` [ RunTime:0.0170s ]
SQL: SELECT * FROM `shop_jean` WHERE `name` = '冬季新品加厚加绒显瘦牛仔裤女长裤子弹力修身小脚裤' AND `element` = '纯色' AND `style` = '韩系' AND `pattern` = '渐变' AND `thickness` = '常规' AND `material` = '牛仔布' AND `outseam` = '九分裤' AND `waistform` = '高腰' AND `panttype` = '哈伦裤' AND `season` = '秋季' AND `closed` = '纽扣_拉链' AND `stereotype` = '修身'  [ RunTime:0.0030s ]
SQL: UPDATE `shop_jean` SET `is_promotion`='' WHERE `name` = '冬季新品加厚加绒显瘦牛仔裤女长裤子弹力修身小脚裤' AND `element` = '纯色' AND `style` = '韩系' AND `pattern` = '渐变' AND `thickness` = '常规' AND `material` = '牛仔布' AND `outseam` = '九分裤' AND `waistform` = '高腰' AND `panttype` = '哈伦裤' AND `season` = '秋季' AND `closed` = '纽扣_拉链' AND `stereotype` = '修身' [ RunTime:0.2170s ]
SQL: SELECT `id` FROM `shop_jean` WHERE `name` = '冬季新品加厚加绒显瘦牛仔裤女长裤子弹力修身小脚裤' AND `element` = '纯色' AND `style` = '韩系' AND `pattern` = '渐变' AND `thickness` = '常规' AND `material` = '牛仔布' AND `outseam` = '九分裤' AND `waistform` = '高腰' AND `panttype` = '哈伦裤' AND `season` = '秋季' AND `closed` = '纽扣_拉链' AND `stereotype` = '修身' LIMIT 1   [ RunTime:0.0010s ]

[ 2016-11-04T00:10:53+08:00 ] ::1 /jd/index.php/Home/Jean/updateJeanInfo
INFO: [ app_init ] --START--
INFO: Run Behavior\BuildLiteBehavior [ RunTime:0.001000s ]
INFO: [ app_init ] --END-- [ RunTime:0.002000s ]
INFO: [ app_begin ] --START--
INFO: Run Behavior\ReadHtmlCacheBehavior [ RunTime:0.003001s ]
INFO: [ app_begin ] --END-- [ RunTime:0.003001s ]
SQL: SHOW COLUMNS FROM `shop_jean` [ RunTime:0.0130s ]
SQL: SHOW COLUMNS FROM `shop_jeanfashion` [ RunTime:0.0150s ]
SQL: SELECT * FROM `shop_jeanfashion` WHERE `jean_id` = 2 AND `fashion_name` = '' AND `size` = ''  [ RunTime:0.0010s ]
SQL: INSERT INTO `shop_jeanfashion` (`jean_id`,`fashion_name`,`size`,`quantity`,`price`,`promotion_price`) VALUES ('2','','','0','','') [ RunTime:0.0960s ]
SQL: SELECT `id` FROM `shop_jeanfashion` WHERE `jean_id` = 2 AND `fashion_name` = '' AND `size` = '' AND `quantity` = 0 AND `price` = '' AND `promotion_price` = '' LIMIT 1   [ RunTime:0.0010s ]
SQL: SELECT * FROM `shop_jeanfashion` WHERE `jean_id` = 2 AND `fashion_name` = '冬季加绒' AND `size` = 'M'  [ RunTime:0.0010s ]
SQL: UPDATE `shop_jeanfashion` SET `quantity`='300',`price`='50',`promotion_price`='40' WHERE `jean_id` = 2 AND `fashion_name` = '冬季加绒' AND `size` = 'M' [ RunTime:0.0380s ]
SQL: SELECT `id` FROM `shop_jeanfashion` WHERE `jean_id` = 2 AND `fashion_name` = '冬季加绒' AND `size` = 'M' AND `quantity` = 300 AND `price` = '50' AND `promotion_price` = '40' LIMIT 1   [ RunTime:0.0010s ]
SQL: SELECT * FROM `shop_jeanfashion` WHERE `jean_id` = 2 AND `fashion_name` = '秋季单款' AND `size` = 'L'  [ RunTime:0.0010s ]
SQL: UPDATE `shop_jeanfashion` SET `quantity`='333',`price`='50',`promotion_price`='40' WHERE `jean_id` = 2 AND `fashion_name` = '秋季单款' AND `size` = 'L' [ RunTime:0.0550s ]
SQL: SELECT `id` FROM `shop_jeanfashion` WHERE `jean_id` = 2 AND `fashion_name` = '秋季单款' AND `size` = 'L' AND `quantity` = 333 AND `price` = '50' AND `promotion_price` = '40' LIMIT 1   [ RunTime:0.0010s ]

[ 2016-11-04T00:11:39+08:00 ] ::1 /jd/index.php/Home/Jean/updatejeaninfo.html
INFO: [ app_init ] --START--
INFO: Run Behavior\BuildLiteBehavior [ RunTime:0.000000s ]
INFO: [ app_init ] --END-- [ RunTime:0.002000s ]
INFO: [ app_begin ] --START--
INFO: Run Behavior\ReadHtmlCacheBehavior [ RunTime:0.003000s ]
INFO: [ app_begin ] --END-- [ RunTime:0.003000s ]
SQL: SHOW COLUMNS FROM `shop_jean` [ RunTime:0.0210s ]
SQL: SHOW COLUMNS FROM `shop_jeanclassify` [ RunTime:0.0160s ]
SQL: SELECT * FROM `shop_jeanclassify`  [ RunTime:0.0040s ]
INFO: [ view_parse ] --START--
INFO: [ template_filter ] --START--
INFO: Run Behavior\ContentReplaceBehavior [ RunTime:0.000000s ]
INFO: [ template_filter ] --END-- [ RunTime:0.000000s ]
INFO: Run Behavior\ParseTemplateBehavior [ RunTime:0.051003s ]
INFO: [ view_parse ] --END-- [ RunTime:0.051003s ]
INFO: [ view_filter ] --START--
INFO: Run Behavior\WriteHtmlCacheBehavior [ RunTime:0.004000s ]
INFO: [ view_filter ] --END-- [ RunTime:0.004000s ]
INFO: [ app_end ] --START--
INFO: Run Behavior\ShowPageTraceBehavior [ RunTime:0.002000s ]
INFO: [ app_end ] --END-- [ RunTime:0.002000s ]

[ 2016-11-04T00:11:44+08:00 ] ::1 /jd/index.php/Home/Jean/updateJeanInfo
INFO: [ app_init ] --START--
INFO: Run Behavior\BuildLiteBehavior [ RunTime:0.000000s ]
INFO: [ app_init ] --END-- [ RunTime:0.001000s ]
INFO: [ app_begin ] --START--
INFO: Run Behavior\ReadHtmlCacheBehavior [ RunTime:0.004000s ]
INFO: [ app_begin ] --END-- [ RunTime:0.005000s ]
SQL: SHOW COLUMNS FROM `shop_jean` [ RunTime:0.0170s ]
SQL: SHOW COLUMNS FROM `shop_jean` [ RunTime:0.0180s ]
SQL: SELECT * FROM `shop_jean` WHERE `name` = '冬季新品加厚加绒显瘦牛仔裤女长裤子弹力修身小脚裤' AND `element` = '纯色' AND `style` = '韩系' AND `pattern` = '渐变' AND `thickness` = '常规' AND `material` = '牛仔布' AND `outseam` = '九分裤' AND `waistform` = '高腰' AND `panttype` = '哈伦裤' AND `season` = '秋季' AND `closed` = '纽扣_拉链' AND `stereotype` = '修身'  [ RunTime:0.0010s ]
SQL: UPDATE `shop_jean` SET `is_promotion`='' WHERE `name` = '冬季新品加厚加绒显瘦牛仔裤女长裤子弹力修身小脚裤' AND `element` = '纯色' AND `style` = '韩系' AND `pattern` = '渐变' AND `thickness` = '常规' AND `material` = '牛仔布' AND `outseam` = '九分裤' AND `waistform` = '高腰' AND `panttype` = '哈伦裤' AND `season` = '秋季' AND `closed` = '纽扣_拉链' AND `stereotype` = '修身' [ RunTime:0.1170s ]
SQL: SELECT `id` FROM `shop_jean` WHERE `name` = '冬季新品加厚加绒显瘦牛仔裤女长裤子弹力修身小脚裤' AND `element` = '纯色' AND `style` = '韩系' AND `pattern` = '渐变' AND `thickness` = '常规' AND `material` = '牛仔布' AND `outseam` = '九分裤' AND `waistform` = '高腰' AND `panttype` = '哈伦裤' AND `season` = '秋季' AND `closed` = '纽扣_拉链' AND `stereotype` = '修身' LIMIT 1   [ RunTime:0.0010s ]

[ 2016-11-04T00:14:15+08:00 ] ::1 /jd/index.php/Home/Jean/updatejeaninfo.html
INFO: [ app_init ] --START--
INFO: Run Behavior\BuildLiteBehavior [ RunTime:0.000000s ]
INFO: [ app_init ] --END-- [ RunTime:0.002000s ]
INFO: [ app_begin ] --START--
INFO: Run Behavior\ReadHtmlCacheBehavior [ RunTime:0.003000s ]
INFO: [ app_begin ] --END-- [ RunTime:0.003000s ]
SQL: SHOW COLUMNS FROM `shop_jean` [ RunTime:0.0220s ]
SQL: SHOW COLUMNS FROM `shop_jeanclassify` [ RunTime:0.0190s ]
SQL: SELECT * FROM `shop_jeanclassify`  [ RunTime:0.0040s ]
INFO: [ view_parse ] --START--
INFO: [ template_filter ] --START--
INFO: Run Behavior\ContentReplaceBehavior [ RunTime:0.000000s ]
INFO: [ template_filter ] --END-- [ RunTime:0.000000s ]
INFO: Run Behavior\ParseTemplateBehavior [ RunTime:0.044003s ]
INFO: [ view_parse ] --END-- [ RunTime:0.044003s ]
INFO: [ view_filter ] --START--
INFO: Run Behavior\WriteHtmlCacheBehavior [ RunTime:0.002000s ]
INFO: [ view_filter ] --END-- [ RunTime:0.003000s ]
INFO: [ app_end ] --START--
INFO: Run Behavior\ShowPageTraceBehavior [ RunTime:0.003000s ]
INFO: [ app_end ] --END-- [ RunTime:0.003000s ]

[ 2016-11-04T00:14:20+08:00 ] ::1 /jd/index.php/Home/Jean/updateJeanInfo
INFO: [ app_init ] --START--
INFO: Run Behavior\BuildLiteBehavior [ RunTime:0.000000s ]
INFO: [ app_init ] --END-- [ RunTime:0.001000s ]
INFO: [ app_begin ] --START--
INFO: Run Behavior\ReadHtmlCacheBehavior [ RunTime:0.002000s ]
INFO: [ app_begin ] --END-- [ RunTime:0.002000s ]
SQL: SHOW COLUMNS FROM `shop_jean` [ RunTime:0.0810s ]
SQL: SHOW COLUMNS FROM `shop_jean` [ RunTime:0.0130s ]
SQL: SELECT * FROM `shop_jean` WHERE `name` = '冬季新品加厚加绒显瘦牛仔裤女长裤子弹力修身小脚裤' AND `element` = '纯色' AND `style` = '韩系' AND `pattern` = '渐变' AND `thickness` = '常规' AND `material` = '牛仔布' AND `outseam` = '九分裤' AND `waistform` = '高腰' AND `panttype` = '哈伦裤' AND `season` = '秋季' AND `closed` = '纽扣_拉链' AND `stereotype` = '修身'  [ RunTime:0.0010s ]
SQL: UPDATE `shop_jean` SET `is_promotion`='' WHERE `name` = '冬季新品加厚加绒显瘦牛仔裤女长裤子弹力修身小脚裤' AND `element` = '纯色' AND `style` = '韩系' AND `pattern` = '渐变' AND `thickness` = '常规' AND `material` = '牛仔布' AND `outseam` = '九分裤' AND `waistform` = '高腰' AND `panttype` = '哈伦裤' AND `season` = '秋季' AND `closed` = '纽扣_拉链' AND `stereotype` = '修身' [ RunTime:0.3530s ]
SQL: SELECT `id` FROM `shop_jean` WHERE `name` = '冬季新品加厚加绒显瘦牛仔裤女长裤子弹力修身小脚裤' AND `element` = '纯色' AND `style` = '韩系' AND `pattern` = '渐变' AND `thickness` = '常规' AND `material` = '牛仔布' AND `outseam` = '九分裤' AND `waistform` = '高腰' AND `panttype` = '哈伦裤' AND `season` = '秋季' AND `closed` = '纽扣_拉链' AND `stereotype` = '修身' LIMIT 1   [ RunTime:0.0020s ]

[ 2016-11-04T00:14:20+08:00 ] ::1 /jd/index.php/Home/Jean/updateJeanInfo
INFO: [ app_init ] --START--
INFO: Run Behavior\BuildLiteBehavior [ RunTime:0.000000s ]
INFO: [ app_init ] --END-- [ RunTime:0.001000s ]
INFO: [ app_begin ] --START--
INFO: Run Behavior\ReadHtmlCacheBehavior [ RunTime:0.002000s ]
INFO: [ app_begin ] --END-- [ RunTime:0.002000s ]
SQL: SHOW COLUMNS FROM `shop_jean` [ RunTime:0.0130s ]
SQL: SHOW COLUMNS FROM `shop_jeanfashion` [ RunTime:0.0120s ]
SQL: SELECT * FROM `shop_jeanfashion` WHERE `jean_id` = 2 AND `fashion_name` = '冬季加绒' AND `size` = 'M'  [ RunTime:0.0000s ]
SQL: UPDATE `shop_jeanfashion` SET `quantity`='300',`price`='50',`promotion_price`='40' WHERE `jean_id` = 2 AND `fashion_name` = '冬季加绒' AND `size` = 'M' [ RunTime:0.1060s ]
SQL: SELECT `id` FROM `shop_jeanfashion` WHERE `jean_id` = 2 AND `fashion_name` = '冬季加绒' AND `size` = 'M' AND `quantity` = 300 AND `price` = '50' AND `promotion_price` = '40' LIMIT 1   [ RunTime:0.0010s ]

[ 2016-11-04T08:35:01+08:00 ] ::1 /jd/index.php/Home/Jean/updatejeaninfo.html
INFO: [ app_init ] --START--
INFO: Run Behavior\BuildLiteBehavior [ RunTime:0.000000s ]
INFO: [ app_init ] --END-- [ RunTime:0.053003s ]
INFO: [ app_begin ] --START--
INFO: Run Behavior\ReadHtmlCacheBehavior [ RunTime:0.016001s ]
INFO: [ app_begin ] --END-- [ RunTime:0.016001s ]
SQL: SHOW COLUMNS FROM `shop_jean` [ RunTime:0.2960s ]
SQL: SHOW COLUMNS FROM `shop_jeanclassify` [ RunTime:0.0850s ]
SQL: SELECT * FROM `shop_jeanclassify`  [ RunTime:0.0060s ]
INFO: [ view_parse ] --START--
INFO: [ template_filter ] --START--
INFO: Run Behavior\ContentReplaceBehavior [ RunTime:0.115007s ]
INFO: [ template_filter ] --END-- [ RunTime:0.115007s ]
INFO: Run Behavior\ParseTemplateBehavior [ RunTime:0.479028s ]
INFO: [ view_parse ] --END-- [ RunTime:0.479028s ]
INFO: [ view_filter ] --START--
INFO: Run Behavior\WriteHtmlCacheBehavior [ RunTime:0.031002s ]
INFO: [ view_filter ] --END-- [ RunTime:0.031002s ]
INFO: [ app_end ] --START--
INFO: Run Behavior\ShowPageTraceBehavior [ RunTime:0.031001s ]
INFO: [ app_end ] --END-- [ RunTime:0.032001s ]

[ 2016-11-04T08:35:12+08:00 ] ::1 /jd/index.php/Home/Jean/updatejeaninfo.html
INFO: [ app_init ] --START--
INFO: Run Behavior\BuildLiteBehavior [ RunTime:0.000000s ]
INFO: [ app_init ] --END-- [ RunTime:0.002000s ]
INFO: [ app_begin ] --START--
INFO: Run Behavior\ReadHtmlCacheBehavior [ RunTime:0.006001s ]
INFO: [ app_begin ] --END-- [ RunTime:0.006001s ]
SQL: SHOW COLUMNS FROM `shop_jean` [ RunTime:0.0190s ]
SQL: SHOW COLUMNS FROM `shop_jeanclassify` [ RunTime:0.0170s ]
SQL: SELECT * FROM `shop_jeanclassify`  [ RunTime:0.0040s ]
INFO: [ view_parse ] --START--
INFO: [ template_filter ] --START--
INFO: Run Behavior\ContentReplaceBehavior [ RunTime:0.000000s ]
INFO: [ template_filter ] --END-- [ RunTime:0.000000s ]
INFO: Run Behavior\ParseTemplateBehavior [ RunTime:0.197011s ]
INFO: [ view_parse ] --END-- [ RunTime:0.197011s ]
INFO: [ view_filter ] --START--
INFO: Run Behavior\WriteHtmlCacheBehavior [ RunTime:0.005001s ]
INFO: [ view_filter ] --END-- [ RunTime:0.005001s ]
INFO: [ app_end ] --START--
INFO: Run Behavior\ShowPageTraceBehavior [ RunTime:0.005000s ]
INFO: [ app_end ] --END-- [ RunTime:0.006000s ]

[ 2016-11-04T08:40:33+08:00 ] ::1 /jd/index.php/Home/Jean/updatejeaninfo.html
INFO: [ app_init ] --START--
INFO: Run Behavior\BuildLiteBehavior [ RunTime:0.000000s ]
INFO: [ app_init ] --END-- [ RunTime:0.000000s ]
INFO: [ app_begin ] --START--
INFO: Run Behavior\ReadHtmlCacheBehavior [ RunTime:0.015600s ]
INFO: [ app_begin ] --END-- [ RunTime:0.015600s ]
SQL: SHOW COLUMNS FROM `shop_jean` [ RunTime:0.0156s ]
SQL: SHOW COLUMNS FROM `shop_jeanclassify` [ RunTime:0.0156s ]
SQL: SELECT * FROM `shop_jeanclassify`  [ RunTime:0.0000s ]
INFO: [ view_parse ] --START--
INFO: [ template_filter ] --START--
INFO: Run Behavior\ContentReplaceBehavior [ RunTime:0.000000s ]
INFO: [ template_filter ] --END-- [ RunTime:0.000000s ]
INFO: Run Behavior\ParseTemplateBehavior [ RunTime:0.046800s ]
INFO: [ view_parse ] --END-- [ RunTime:0.046800s ]
INFO: [ view_filter ] --START--
INFO: Run Behavior\WriteHtmlCacheBehavior [ RunTime:0.000000s ]
INFO: [ view_filter ] --END-- [ RunTime:0.000000s ]
INFO: [ app_end ] --START--
INFO: Run Behavior\ShowPageTraceBehavior [ RunTime:0.015600s ]
INFO: [ app_end ] --END-- [ RunTime:0.015600s ]

[ 2016-11-04T08:41:19+08:00 ] ::1 /jd/index.php/Home/Jean/updatejeaninfo.html
INFO: [ app_init ] --START--
INFO: Run Behavior\BuildLiteBehavior [ RunTime:0.000000s ]
INFO: [ app_init ] --END-- [ RunTime:0.000000s ]
INFO: [ app_begin ] --START--
INFO: Run Behavior\ReadHtmlCacheBehavior [ RunTime:0.000000s ]
INFO: [ app_begin ] --END-- [ RunTime:0.000000s ]
NOTIC: [8] Undefined variable: _FILE D:\xampp\htdocs\jd\Application\Home\Controller\JeanController.class.php 第 18 行.

[ 2016-11-04T08:43:37+08:00 ] ::1 /jd/index.php/Home/Jean/updatejeaninfo.html
INFO: [ app_init ] --START--
INFO: Run Behavior\BuildLiteBehavior [ RunTime:0.000000s ]
INFO: [ app_init ] --END-- [ RunTime:0.016600s ]
INFO: [ app_begin ] --START--
INFO: Run Behavior\ReadHtmlCacheBehavior [ RunTime:0.000000s ]
INFO: [ app_begin ] --END-- [ RunTime:0.000000s ]

[ 2016-11-04T08:45:12+08:00 ] ::1 /jd/index.php/Home/Jean/updatejeaninfo.html
INFO: [ app_init ] --START--
INFO: Run Behavior\BuildLiteBehavior [ RunTime:0.000000s ]
INFO: [ app_init ] --END-- [ RunTime:0.000000s ]
INFO: [ app_begin ] --START--
INFO: Run Behavior\ReadHtmlCacheBehavior [ RunTime:0.000000s ]
INFO: [ app_begin ] --END-- [ RunTime:0.000000s ]
SQL: SHOW COLUMNS FROM `shop_jean` [ RunTime:0.0312s ]
SQL: SHOW COLUMNS FROM `shop_jeanclassify` [ RunTime:0.0246s ]
SQL: SELECT * FROM `shop_jeanclassify`  [ RunTime:0.0000s ]
INFO: [ view_parse ] --START--
INFO: [ template_filter ] --START--
INFO: Run Behavior\ContentReplaceBehavior [ RunTime:0.000000s ]
INFO: [ template_filter ] --END-- [ RunTime:0.000000s ]
INFO: Run Behavior\ParseTemplateBehavior [ RunTime:0.078000s ]
INFO: [ view_parse ] --END-- [ RunTime:0.078000s ]
INFO: [ view_filter ] --START--
INFO: Run Behavior\WriteHtmlCacheBehavior [ RunTime:0.000000s ]
INFO: [ view_filter ] --END-- [ RunTime:0.000000s ]
INFO: [ app_end ] --START--
INFO: Run Behavior\ShowPageTraceBehavior [ RunTime:0.000000s ]
INFO: [ app_end ] --END-- [ RunTime:0.000000s ]

[ 2016-11-04T08:45:14+08:00 ] ::1 /jd/index.php/Home/Jean/updatejeaninfo.html
INFO: [ app_init ] --START--
INFO: Run Behavior\BuildLiteBehavior [ RunTime:0.000000s ]
INFO: [ app_init ] --END-- [ RunTime:0.000000s ]
INFO: [ app_begin ] --START--
INFO: Run Behavior\ReadHtmlCacheBehavior [ RunTime:0.000000s ]
INFO: [ app_begin ] --END-- [ RunTime:0.000000s ]
SQL: SHOW COLUMNS FROM `shop_jean` [ RunTime:0.0156s ]
SQL: SHOW COLUMNS FROM `shop_jeanclassify` [ RunTime:0.0156s ]
SQL: SELECT * FROM `shop_jeanclassify`  [ RunTime:0.0000s ]
INFO: [ view_parse ] --START--
INFO: [ template_filter ] --START--
INFO: Run Behavior\ContentReplaceBehavior [ RunTime:0.000000s ]
INFO: [ template_filter ] --END-- [ RunTime:0.000000s ]
INFO: Run Behavior\ParseTemplateBehavior [ RunTime:0.031200s ]
INFO: [ view_parse ] --END-- [ RunTime:0.031200s ]
INFO: [ view_filter ] --START--
INFO: Run Behavior\WriteHtmlCacheBehavior [ RunTime:0.000000s ]
INFO: [ view_filter ] --END-- [ RunTime:0.000000s ]
INFO: [ app_end ] --START--
INFO: Run Behavior\ShowPageTraceBehavior [ RunTime:0.015600s ]
INFO: [ app_end ] --END-- [ RunTime:0.015600s ]

[ 2016-11-04T08:45:42+08:00 ] ::1 /jd/index.php/Home/Jean/updateJeanInfo
INFO: [ app_init ] --START--
INFO: Run Behavior\BuildLiteBehavior [ RunTime:0.000000s ]
INFO: [ app_init ] --END-- [ RunTime:0.002001s ]
INFO: [ app_begin ] --START--
INFO: Run Behavior\ReadHtmlCacheBehavior [ RunTime:0.003000s ]
INFO: [ app_begin ] --END-- [ RunTime:0.003000s ]
SQL: SHOW COLUMNS FROM `shop_jean` [ RunTime:0.0110s ]
SQL: SHOW COLUMNS FROM `shop_jean` [ RunTime:0.0110s ]
SQL: SELECT * FROM `shop_jean` WHERE `name` = '11' AND `element` = '纯色' AND `style` = '学院' AND `pattern` = '' AND `thickness` = '' AND `material` = '' AND `outseam` = '' AND `waistform` = '' AND `panttype` = '' AND `season` = '' AND `closed` = '' AND `stereotype` = '宽松'  [ RunTime:0.0010s ]
SQL: INSERT INTO `shop_jean` (`name`,`element`,`style`,`pattern`,`thickness`,`material`,`outseam`,`waistform`,`panttype`,`season`,`closed`,`stereotype`) VALUES ('11','纯色','学院','','','','','','','','','宽松') [ RunTime:0.4110s ]
SQL: UPDATE `shop_jean` SET `is_promotion`='' WHERE `name` = '11' AND `element` = '纯色' AND `style` = '学院' AND `pattern` = '' AND `thickness` = '' AND `material` = '' AND `outseam` = '' AND `waistform` = '' AND `panttype` = '' AND `season` = '' AND `closed` = '' AND `stereotype` = '宽松' [ RunTime:0.2870s ]
SQL: SELECT `id` FROM `shop_jean` WHERE `name` = '11' AND `element` = '纯色' AND `style` = '学院' AND `pattern` = '' AND `thickness` = '' AND `material` = '' AND `outseam` = '' AND `waistform` = '' AND `panttype` = '' AND `season` = '' AND `closed` = '' AND `stereotype` = '宽松' LIMIT 1   [ RunTime:0.0010s ]

[ 2016-11-04T08:45:42+08:00 ] ::1 /jd/index.php/Home/Jean/updateJeanInfo
INFO: [ app_init ] --START--
INFO: Run Behavior\BuildLiteBehavior [ RunTime:0.000000s ]
INFO: [ app_init ] --END-- [ RunTime:0.003000s ]
INFO: [ app_begin ] --START--
INFO: Run Behavior\ReadHtmlCacheBehavior [ RunTime:0.002000s ]
INFO: [ app_begin ] --END-- [ RunTime:0.002000s ]
SQL: SHOW COLUMNS FROM `shop_jean` [ RunTime:0.0100s ]
SQL: SHOW COLUMNS FROM `shop_jeanfashion` [ RunTime:0.0290s ]
SQL: SELECT * FROM `shop_jeanfashion` WHERE `jean_id` = 3 AND `fashion_name` = '11222' AND `size` = 'XXL'  [ RunTime:0.0160s ]
SQL: INSERT INTO `shop_jeanfashion` (`jean_id`,`fashion_name`,`size`,`quantity`,`price`,`promotion_price`) VALUES ('3','11222','XXL','222','22','22') [ RunTime:0.1000s ]
SQL: SELECT `id` FROM `shop_jeanfashion` WHERE `jean_id` = 3 AND `fashion_name` = '11222' AND `size` = 'XXL' AND `quantity` = 222 AND `price` = '22' AND `promotion_price` = '22' LIMIT 1   [ RunTime:0.0020s ]

[ 2016-11-04T08:49:41+08:00 ] ::1 /jd/index.php/Home/Jean/updatejeaninfo.html
INFO: [ app_init ] --START--
INFO: Run Behavior\BuildLiteBehavior [ RunTime:0.001000s ]
INFO: [ app_init ] --END-- [ RunTime:0.002000s ]
INFO: [ app_begin ] --START--
INFO: Run Behavior\ReadHtmlCacheBehavior [ RunTime:0.003000s ]
INFO: [ app_begin ] --END-- [ RunTime:0.003000s ]
SQL: SHOW COLUMNS FROM `shop_jean` [ RunTime:0.0160s ]
SQL: SHOW COLUMNS FROM `shop_jeanclassify` [ RunTime:0.0160s ]
SQL: SELECT * FROM `shop_jeanclassify`  [ RunTime:0.0020s ]
INFO: [ view_parse ] --START--
INFO: [ template_filter ] --START--
INFO: Run Behavior\ContentReplaceBehavior [ RunTime:0.001000s ]
INFO: [ template_filter ] --END-- [ RunTime:0.001000s ]
INFO: Run Behavior\ParseTemplateBehavior [ RunTime:0.054003s ]
INFO: [ view_parse ] --END-- [ RunTime:0.054003s ]
INFO: [ view_filter ] --START--
INFO: Run Behavior\WriteHtmlCacheBehavior [ RunTime:0.007000s ]
INFO: [ view_filter ] --END-- [ RunTime:0.007000s ]
INFO: [ app_end ] --START--
INFO: Run Behavior\ShowPageTraceBehavior [ RunTime:0.004000s ]
INFO: [ app_end ] --END-- [ RunTime:0.004000s ]

[ 2016-11-04T08:49:45+08:00 ] ::1 /jd/index.php/Home/Jean/updateJeanInfo
INFO: [ app_init ] --START--
INFO: Run Behavior\BuildLiteBehavior [ RunTime:0.000000s ]
INFO: [ app_init ] --END-- [ RunTime:0.006000s ]
INFO: [ app_begin ] --START--
INFO: Run Behavior\ReadHtmlCacheBehavior [ RunTime:0.002001s ]
INFO: [ app_begin ] --END-- [ RunTime:0.002001s ]
SQL: SHOW COLUMNS FROM `shop_jean` [ RunTime:0.0150s ]
SQL: SHOW COLUMNS FROM `shop_jean` [ RunTime:0.0130s ]
SQL: SELECT * FROM `shop_jean` WHERE `name` = '11' AND `element` = '纯色' AND `style` = '学院' AND `pattern` = '' AND `thickness` = '' AND `material` = '' AND `outseam` = '' AND `waistform` = '' AND `panttype` = '' AND `season` = '' AND `closed` = '' AND `stereotype` = '宽松'  [ RunTime:0.0020s ]
SQL: UPDATE `shop_jean` SET `is_promotion`='' WHERE `name` = '11' AND `element` = '纯色' AND `style` = '学院' AND `pattern` = '' AND `thickness` = '' AND `material` = '' AND `outseam` = '' AND `waistform` = '' AND `panttype` = '' AND `season` = '' AND `closed` = '' AND `stereotype` = '宽松' [ RunTime:0.2180s ]
SQL: SELECT `id` FROM `shop_jean` WHERE `name` = '11' AND `element` = '纯色' AND `style` = '学院' AND `pattern` = '' AND `thickness` = '' AND `material` = '' AND `outseam` = '' AND `waistform` = '' AND `panttype` = '' AND `season` = '' AND `closed` = '' AND `stereotype` = '宽松' LIMIT 1   [ RunTime:0.0010s ]

[ 2016-11-04T08:49:45+08:00 ] ::1 /jd/index.php/Home/Jean/updateJeanInfo
INFO: [ app_init ] --START--
INFO: Run Behavior\BuildLiteBehavior [ RunTime:0.000000s ]
INFO: [ app_init ] --END-- [ RunTime:0.001000s ]
INFO: [ app_begin ] --START--
INFO: Run Behavior\ReadHtmlCacheBehavior [ RunTime:0.001000s ]
INFO: [ app_begin ] --END-- [ RunTime:0.002000s ]
SQL: SHOW COLUMNS FROM `shop_jean` [ RunTime:0.0100s ]
SQL: SHOW COLUMNS FROM `shop_jeanfashion` [ RunTime:0.0090s ]
SQL: SELECT * FROM `shop_jeanfashion` WHERE `jean_id` = 3 AND `fashion_name` = '11222' AND `size` = 'XXL'  [ RunTime:0.0010s ]
SQL: UPDATE `shop_jeanfashion` SET `quantity`='222',`price`='22',`promotion_price`='22' WHERE `jean_id` = 3 AND `fashion_name` = '11222' AND `size` = 'XXL' [ RunTime:0.0990s ]
SQL: SELECT `id` FROM `shop_jeanfashion` WHERE `jean_id` = 3 AND `fashion_name` = '11222' AND `size` = 'XXL' AND `quantity` = 222 AND `price` = '22' AND `promotion_price` = '22' LIMIT 1   [ RunTime:0.0010s ]

[ 2016-11-04T08:49:46+08:00 ] ::1 /jd/index.php/Home/Jean/updateJeanInfo
INFO: [ app_init ] --START--
INFO: Run Behavior\BuildLiteBehavior [ RunTime:0.000000s ]
INFO: [ app_init ] --END-- [ RunTime:0.001000s ]
INFO: [ app_begin ] --START--
INFO: Run Behavior\ReadHtmlCacheBehavior [ RunTime:0.002000s ]
INFO: [ app_begin ] --END-- [ RunTime:0.002000s ]

[ 2016-11-04T08:50:18+08:00 ] ::1 /jd/index.php/Home/Jean/updatejeaninfo.html
INFO: [ app_init ] --START--
INFO: Run Behavior\BuildLiteBehavior [ RunTime:0.000000s ]
INFO: [ app_init ] --END-- [ RunTime:0.002000s ]
INFO: [ app_begin ] --START--
INFO: Run Behavior\ReadHtmlCacheBehavior [ RunTime:0.004000s ]
INFO: [ app_begin ] --END-- [ RunTime:0.004000s ]
SQL: SHOW COLUMNS FROM `shop_jean` [ RunTime:0.0130s ]
SQL: SHOW COLUMNS FROM `shop_jeanclassify` [ RunTime:0.0120s ]
SQL: SELECT * FROM `shop_jeanclassify`  [ RunTime:0.0010s ]
INFO: [ view_parse ] --START--
INFO: [ template_filter ] --START--
INFO: Run Behavior\ContentReplaceBehavior [ RunTime:0.001000s ]
INFO: [ template_filter ] --END-- [ RunTime:0.001000s ]
INFO: Run Behavior\ParseTemplateBehavior [ RunTime:0.049003s ]
INFO: [ view_parse ] --END-- [ RunTime:0.049003s ]
INFO: [ view_filter ] --START--
INFO: Run Behavior\WriteHtmlCacheBehavior [ RunTime:0.003000s ]
INFO: [ view_filter ] --END-- [ RunTime:0.003000s ]
INFO: [ app_end ] --START--
INFO: Run Behavior\ShowPageTraceBehavior [ RunTime:0.003000s ]
INFO: [ app_end ] --END-- [ RunTime:0.003000s ]

[ 2016-11-04T08:50:23+08:00 ] ::1 /jd/index.php/Home/Jean/updateJeanInfo
INFO: [ app_init ] --START--
INFO: Run Behavior\BuildLiteBehavior [ RunTime:0.000000s ]
INFO: [ app_init ] --END-- [ RunTime:0.001000s ]
INFO: [ app_begin ] --START--
INFO: Run Behavior\ReadHtmlCacheBehavior [ RunTime:0.002000s ]
INFO: [ app_begin ] --END-- [ RunTime:0.002000s ]
SQL: SHOW COLUMNS FROM `shop_jean` [ RunTime:0.0100s ]
SQL: SHOW COLUMNS FROM `shop_jean` [ RunTime:0.0110s ]
SQL: SELECT * FROM `shop_jean` WHERE `name` = '11' AND `element` = '纯色' AND `style` = '学院' AND `pattern` = '' AND `thickness` = '' AND `material` = '' AND `outseam` = '' AND `waistform` = '' AND `panttype` = '' AND `season` = '' AND `closed` = '' AND `stereotype` = '宽松'  [ RunTime:0.0010s ]
SQL: UPDATE `shop_jean` SET `is_promotion`='' WHERE `name` = '11' AND `element` = '纯色' AND `style` = '学院' AND `pattern` = '' AND `thickness` = '' AND `material` = '' AND `outseam` = '' AND `waistform` = '' AND `panttype` = '' AND `season` = '' AND `closed` = '' AND `stereotype` = '宽松' [ RunTime:0.1970s ]
SQL: SELECT `id` FROM `shop_jean` WHERE `name` = '11' AND `element` = '纯色' AND `style` = '学院' AND `pattern` = '' AND `thickness` = '' AND `material` = '' AND `outseam` = '' AND `waistform` = '' AND `panttype` = '' AND `season` = '' AND `closed` = '' AND `stereotype` = '宽松' LIMIT 1   [ RunTime:0.0010s ]

[ 2016-11-04T08:50:23+08:00 ] ::1 /jd/index.php/Home/Jean/updateJeanInfo
INFO: [ app_init ] --START--
INFO: Run Behavior\BuildLiteBehavior [ RunTime:0.001000s ]
INFO: [ app_init ] --END-- [ RunTime:0.002000s ]
INFO: [ app_begin ] --START--
INFO: Run Behavior\ReadHtmlCacheBehavior [ RunTime:0.002000s ]
INFO: [ app_begin ] --END-- [ RunTime:0.002000s ]
SQL: SHOW COLUMNS FROM `shop_jean` [ RunTime:0.0090s ]
SQL: SHOW COLUMNS FROM `shop_jeanfashion` [ RunTime:0.0090s ]
SQL: SELECT * FROM `shop_jeanfashion` WHERE `jean_id` = 3 AND `fashion_name` = '11222' AND `size` = 'XXL'  [ RunTime:0.0000s ]
SQL: UPDATE `shop_jeanfashion` SET `quantity`='222',`price`='22',`promotion_price`='22' WHERE `jean_id` = 3 AND `fashion_name` = '11222' AND `size` = 'XXL' [ RunTime:0.0670s ]
SQL: SELECT `id` FROM `shop_jeanfashion` WHERE `jean_id` = 3 AND `fashion_name` = '11222' AND `size` = 'XXL' AND `quantity` = 222 AND `price` = '22' AND `promotion_price` = '22' LIMIT 1   [ RunTime:0.0010s ]

[ 2016-11-04T08:50:23+08:00 ] ::1 /jd/index.php/Home/Jean/updateJeanInfo
INFO: [ app_init ] --START--
INFO: Run Behavior\BuildLiteBehavior [ RunTime:0.000000s ]
INFO: [ app_init ] --END-- [ RunTime:0.001000s ]
INFO: [ app_begin ] --START--
INFO: Run Behavior\ReadHtmlCacheBehavior [ RunTime:0.002000s ]
INFO: [ app_begin ] --END-- [ RunTime:0.003001s ]

[ 2016-11-04T09:01:26+08:00 ] ::1 /jd/index.php/Home/Jean/updatejeaninfo.html
INFO: [ app_init ] --START--
INFO: Run Behavior\BuildLiteBehavior [ RunTime:0.000000s ]
INFO: [ app_init ] --END-- [ RunTime:0.000000s ]
INFO: [ app_begin ] --START--
INFO: Run Behavior\ReadHtmlCacheBehavior [ RunTime:0.000000s ]
INFO: [ app_begin ] --END-- [ RunTime:0.000000s ]
SQL: SHOW COLUMNS FROM `shop_jean` [ RunTime:0.0156s ]
SQL: SHOW COLUMNS FROM `shop_jeanclassify` [ RunTime:0.0156s ]
SQL: SELECT * FROM `shop_jeanclassify`  [ RunTime:0.0000s ]
INFO: [ view_parse ] --START--
INFO: [ template_filter ] --START--
INFO: Run Behavior\ContentReplaceBehavior [ RunTime:0.000000s ]
INFO: [ template_filter ] --END-- [ RunTime:0.000000s ]
INFO: Run Behavior\ParseTemplateBehavior [ RunTime:0.031201s ]
INFO: [ view_parse ] --END-- [ RunTime:0.031201s ]
INFO: [ view_filter ] --START--
INFO: Run Behavior\WriteHtmlCacheBehavior [ RunTime:0.000000s ]
INFO: [ view_filter ] --END-- [ RunTime:0.000000s ]
INFO: [ app_end ] --START--
INFO: Run Behavior\ShowPageTraceBehavior [ RunTime:0.015600s ]
INFO: [ app_end ] --END-- [ RunTime:0.015600s ]

[ 2016-11-04T09:01:30+08:00 ] ::1 /jd/index.php/Home/Jean/updateJeanInfo
INFO: [ app_init ] --START--
INFO: Run Behavior\BuildLiteBehavior [ RunTime:0.000000s ]
INFO: [ app_init ] --END-- [ RunTime:0.000000s ]
INFO: [ app_begin ] --START--
INFO: Run Behavior\ReadHtmlCacheBehavior [ RunTime:0.000000s ]
INFO: [ app_begin ] --END-- [ RunTime:0.000000s ]
SQL: SHOW COLUMNS FROM `shop_jean` [ RunTime:0.0156s ]
SQL: SHOW COLUMNS FROM `shop_jean` [ RunTime:0.0156s ]
SQL: SELECT * FROM `shop_jean` WHERE `name` = '11' AND `element` = '纯色' AND `style` = '学院' AND `pattern` = '' AND `thickness` = '' AND `material` = '' AND `outseam` = '' AND `waistform` = '' AND `panttype` = '' AND `season` = '' AND `closed` = '' AND `stereotype` = '宽松'  [ RunTime:0.0000s ]
SQL: UPDATE `shop_jean` SET `is_promotion`='' WHERE `name` = '11' AND `element` = '纯色' AND `style` = '学院' AND `pattern` = '' AND `thickness` = '' AND `material` = '' AND `outseam` = '' AND `waistform` = '' AND `panttype` = '' AND `season` = '' AND `closed` = '' AND `stereotype` = '宽松' [ RunTime:0.2224s ]
SQL: SELECT `id` FROM `shop_jean` WHERE `name` = '11' AND `element` = '纯色' AND `style` = '学院' AND `pattern` = '' AND `thickness` = '' AND `material` = '' AND `outseam` = '' AND `waistform` = '' AND `panttype` = '' AND `season` = '' AND `closed` = '' AND `stereotype` = '宽松' LIMIT 1   [ RunTime:0.0000s ]

[ 2016-11-04T09:01:30+08:00 ] ::1 /jd/index.php/Home/Jean/updateJeanInfo
INFO: [ app_init ] --START--
INFO: Run Behavior\BuildLiteBehavior [ RunTime:0.000000s ]
INFO: [ app_init ] --END-- [ RunTime:0.015600s ]
INFO: [ app_begin ] --START--
INFO: Run Behavior\ReadHtmlCacheBehavior [ RunTime:0.000000s ]
INFO: [ app_begin ] --END-- [ RunTime:0.000000s ]
SQL: SHOW COLUMNS FROM `shop_jean` [ RunTime:0.0156s ]
SQL: SHOW COLUMNS FROM `shop_jeanfashion` [ RunTime:0.0000s ]
SQL: SELECT * FROM `shop_jeanfashion` WHERE `jean_id` = 3 AND `fashion_name` = '11222' AND `size` = 'XXL'  [ RunTime:0.0156s ]
SQL: UPDATE `shop_jeanfashion` SET `quantity`='222',`price`='22',`promotion_price`='22' WHERE `jean_id` = 3 AND `fashion_name` = '11222' AND `size` = 'XXL' [ RunTime:0.1248s ]
SQL: SELECT `id` FROM `shop_jeanfashion` WHERE `jean_id` = 3 AND `fashion_name` = '11222' AND `size` = 'XXL' AND `quantity` = 222 AND `price` = '22' AND `promotion_price` = '22' LIMIT 1   [ RunTime:0.0000s ]

[ 2016-11-04T09:01:31+08:00 ] ::1 /jd/index.php/Home/Jean/updatejeaninfo.html
INFO: [ app_init ] --START--
INFO: Run Behavior\BuildLiteBehavior [ RunTime:0.000000s ]
INFO: [ app_init ] --END-- [ RunTime:0.000000s ]
INFO: [ app_begin ] --START--
INFO: Run Behavior\ReadHtmlCacheBehavior [ RunTime:0.000000s ]
INFO: [ app_begin ] --END-- [ RunTime:0.000000s ]
SQL: SHOW COLUMNS FROM `shop_jean` [ RunTime:0.0156s ]

[ 2016-11-04T09:01:56+08:00 ] ::1 /jd/index.php/Home/Jean/updatejeaninfo.html
INFO: [ app_init ] --START--
INFO: Run Behavior\BuildLiteBehavior [ RunTime:0.000000s ]
INFO: [ app_init ] --END-- [ RunTime:0.000000s ]
INFO: [ app_begin ] --START--
INFO: Run Behavior\ReadHtmlCacheBehavior [ RunTime:0.000000s ]
INFO: [ app_begin ] --END-- [ RunTime:0.000000s ]
SQL: SHOW COLUMNS FROM `shop_jean` [ RunTime:0.0000s ]

[ 2016-11-04T09:02:02+08:00 ] ::1 /jd/index.php/Home/Jean/updatejeaninfo.html
INFO: [ app_init ] --START--
INFO: Run Behavior\BuildLiteBehavior [ RunTime:0.000000s ]
INFO: [ app_init ] --END-- [ RunTime:0.015600s ]
INFO: [ app_begin ] --START--
INFO: Run Behavior\ReadHtmlCacheBehavior [ RunTime:0.000000s ]
INFO: [ app_begin ] --END-- [ RunTime:0.000000s ]
SQL: SHOW COLUMNS FROM `shop_jean` [ RunTime:0.0000s ]
SQL: SHOW COLUMNS FROM `shop_jeanclassify` [ RunTime:0.0156s ]
SQL: SELECT * FROM `shop_jeanclassify`  [ RunTime:0.0000s ]
INFO: [ view_parse ] --START--
INFO: [ template_filter ] --START--
INFO: Run Behavior\ContentReplaceBehavior [ RunTime:0.000000s ]
INFO: [ template_filter ] --END-- [ RunTime:0.000000s ]
INFO: Run Behavior\ParseTemplateBehavior [ RunTime:0.046800s ]
INFO: [ view_parse ] --END-- [ RunTime:0.046800s ]
INFO: [ view_filter ] --START--
INFO: Run Behavior\WriteHtmlCacheBehavior [ RunTime:0.000000s ]
INFO: [ view_filter ] --END-- [ RunTime:0.000000s ]
INFO: [ app_end ] --START--
INFO: Run Behavior\ShowPageTraceBehavior [ RunTime:0.016600s ]
INFO: [ app_end ] --END-- [ RunTime:0.016600s ]

[ 2016-11-04T09:02:06+08:00 ] ::1 /jd/index.php/Home/Jean/updatejeaninfo.html
INFO: [ app_init ] --START--
INFO: Run Behavior\BuildLiteBehavior [ RunTime:0.000000s ]
INFO: [ app_init ] --END-- [ RunTime:0.000000s ]
INFO: [ app_begin ] --START--
INFO: Run Behavior\ReadHtmlCacheBehavior [ RunTime:0.000000s ]
INFO: [ app_begin ] --END-- [ RunTime:0.000000s ]
SQL: SHOW COLUMNS FROM `shop_jean` [ RunTime:0.0000s ]
SQL: SHOW COLUMNS FROM `shop_jeanclassify` [ RunTime:0.0156s ]
SQL: SELECT * FROM `shop_jeanclassify`  [ RunTime:0.0000s ]
INFO: [ view_parse ] --START--
INFO: [ template_filter ] --START--
INFO: Run Behavior\ContentReplaceBehavior [ RunTime:0.000000s ]
INFO: [ template_filter ] --END-- [ RunTime:0.000000s ]
INFO: Run Behavior\ParseTemplateBehavior [ RunTime:0.050800s ]
INFO: [ view_parse ] --END-- [ RunTime:0.050800s ]
INFO: [ view_filter ] --START--
INFO: Run Behavior\WriteHtmlCacheBehavior [ RunTime:0.001000s ]
INFO: [ view_filter ] --END-- [ RunTime:0.002000s ]
INFO: [ app_end ] --START--
INFO: Run Behavior\ShowPageTraceBehavior [ RunTime:0.003000s ]
INFO: [ app_end ] --END-- [ RunTime:0.003000s ]

[ 2016-11-04T09:02:09+08:00 ] ::1 /jd/index.php/Home/Jean/updateJeanInfo
INFO: [ app_init ] --START--
INFO: Run Behavior\BuildLiteBehavior [ RunTime:0.000000s ]
INFO: [ app_init ] --END-- [ RunTime:0.000000s ]
INFO: [ app_begin ] --START--
INFO: Run Behavior\ReadHtmlCacheBehavior [ RunTime:0.000000s ]
INFO: [ app_begin ] --END-- [ RunTime:0.000000s ]
SQL: SHOW COLUMNS FROM `shop_jean` [ RunTime:0.0000s ]
SQL: SHOW COLUMNS FROM `shop_jean` [ RunTime:0.0000s ]
SQL: SELECT * FROM `shop_jean` WHERE `name` = '11' AND `element` = '纯色' AND `style` = '学院' AND `pattern` = '' AND `thickness` = '' AND `material` = '' AND `outseam` = '' AND `waistform` = '' AND `panttype` = '' AND `season` = '' AND `closed` = '' AND `stereotype` = '宽松'  [ RunTime:0.0156s ]
SQL: UPDATE `shop_jean` SET `is_promotion`='' WHERE `name` = '11' AND `element` = '纯色' AND `style` = '学院' AND `pattern` = '' AND `thickness` = '' AND `material` = '' AND `outseam` = '' AND `waistform` = '' AND `panttype` = '' AND `season` = '' AND `closed` = '' AND `stereotype` = '宽松' [ RunTime:0.7548s ]
SQL: SELECT `id` FROM `shop_jean` WHERE `name` = '11' AND `element` = '纯色' AND `style` = '学院' AND `pattern` = '' AND `thickness` = '' AND `material` = '' AND `outseam` = '' AND `waistform` = '' AND `panttype` = '' AND `season` = '' AND `closed` = '' AND `stereotype` = '宽松' LIMIT 1   [ RunTime:0.0000s ]

[ 2016-11-04T09:02:10+08:00 ] ::1 /jd/index.php/Home/Jean/updateJeanInfo
INFO: [ app_init ] --START--
INFO: Run Behavior\BuildLiteBehavior [ RunTime:0.000000s ]
INFO: [ app_init ] --END-- [ RunTime:0.000000s ]
INFO: [ app_begin ] --START--
INFO: Run Behavior\ReadHtmlCacheBehavior [ RunTime:0.000000s ]
INFO: [ app_begin ] --END-- [ RunTime:0.000000s ]
SQL: SHOW COLUMNS FROM `shop_jean` [ RunTime:0.0000s ]
SQL: SHOW COLUMNS FROM `shop_jeanfashion` [ RunTime:0.0156s ]
SQL: SELECT * FROM `shop_jeanfashion` WHERE `jean_id` = 3 AND `fashion_name` = '11222' AND `size` = 'XXL'  [ RunTime:0.0000s ]
SQL: UPDATE `shop_jeanfashion` SET `quantity`='222',`price`='22',`promotion_price`='22' WHERE `jean_id` = 3 AND `fashion_name` = '11222' AND `size` = 'XXL' [ RunTime:0.1726s ]
SQL: SELECT `id` FROM `shop_jeanfashion` WHERE `jean_id` = 3 AND `fashion_name` = '11222' AND `size` = 'XXL' AND `quantity` = 222 AND `price` = '22' AND `promotion_price` = '22' LIMIT 1   [ RunTime:0.0000s ]

[ 2016-11-04T09:02:10+08:00 ] ::1 /jd/index.php/Home/Jean/updateJeanInfo
INFO: [ app_init ] --START--
INFO: Run Behavior\BuildLiteBehavior [ RunTime:0.000000s ]
INFO: [ app_init ] --END-- [ RunTime:0.000000s ]
INFO: [ app_begin ] --START--
INFO: Run Behavior\ReadHtmlCacheBehavior [ RunTime:0.000000s ]
INFO: [ app_begin ] --END-- [ RunTime:0.000000s ]

[ 2016-11-04T09:03:26+08:00 ] ::1 /jd/index.php/Home/Jean/updatejeaninfo.html
INFO: [ app_init ] --START--
INFO: Run Behavior\BuildLiteBehavior [ RunTime:0.000000s ]
INFO: [ app_init ] --END-- [ RunTime:0.000000s ]
INFO: [ app_begin ] --START--
INFO: Run Behavior\ReadHtmlCacheBehavior [ RunTime:0.015600s ]
INFO: [ app_begin ] --END-- [ RunTime:0.015600s ]
SQL: SHOW COLUMNS FROM `shop_jean` [ RunTime:0.0156s ]
SQL: SHOW COLUMNS FROM `shop_jeanclassify` [ RunTime:0.0156s ]
SQL: SELECT * FROM `shop_jeanclassify`  [ RunTime:0.0000s ]
INFO: [ view_parse ] --START--
INFO: [ template_filter ] --START--
INFO: Run Behavior\ContentReplaceBehavior [ RunTime:0.000000s ]
INFO: [ template_filter ] --END-- [ RunTime:0.000000s ]
INFO: Run Behavior\ParseTemplateBehavior [ RunTime:0.046800s ]
INFO: [ view_parse ] --END-- [ RunTime:0.046800s ]
INFO: [ view_filter ] --START--
INFO: Run Behavior\WriteHtmlCacheBehavior [ RunTime:0.000000s ]
INFO: [ view_filter ] --END-- [ RunTime:0.000000s ]
INFO: [ app_end ] --START--
INFO: Run Behavior\ShowPageTraceBehavior [ RunTime:0.000000s ]
INFO: [ app_end ] --END-- [ RunTime:0.000000s ]

[ 2016-11-04T09:03:30+08:00 ] ::1 /jd/index.php/Home/Jean/updateJeanInfo
INFO: [ app_init ] --START--
INFO: Run Behavior\BuildLiteBehavior [ RunTime:0.000000s ]
INFO: [ app_init ] --END-- [ RunTime:0.000000s ]
INFO: [ app_begin ] --START--
INFO: Run Behavior\ReadHtmlCacheBehavior [ RunTime:0.000000s ]
INFO: [ app_begin ] --END-- [ RunTime:0.000000s ]
SQL: SHOW COLUMNS FROM `shop_jean` [ RunTime:0.0000s ]
SQL: SHOW COLUMNS FROM `shop_jean` [ RunTime:0.0156s ]
SQL: SELECT * FROM `shop_jean` WHERE `name` = '11' AND `element` = '纯色' AND `style` = '学院' AND `pattern` = '' AND `thickness` = '' AND `material` = '' AND `outseam` = '' AND `waistform` = '' AND `panttype` = '' AND `season` = '' AND `closed` = '' AND `stereotype` = '宽松'  [ RunTime:0.0000s ]
SQL: UPDATE `shop_jean` SET `is_promotion`='' WHERE `name` = '11' AND `element` = '纯色' AND `style` = '学院' AND `pattern` = '' AND `thickness` = '' AND `material` = '' AND `outseam` = '' AND `waistform` = '' AND `panttype` = '' AND `season` = '' AND `closed` = '' AND `stereotype` = '宽松' [ RunTime:0.3754s ]
SQL: SELECT `id` FROM `shop_jean` WHERE `name` = '11' AND `element` = '纯色' AND `style` = '学院' AND `pattern` = '' AND `thickness` = '' AND `material` = '' AND `outseam` = '' AND `waistform` = '' AND `panttype` = '' AND `season` = '' AND `closed` = '' AND `stereotype` = '宽松' LIMIT 1   [ RunTime:0.0000s ]

[ 2016-11-04T09:03:30+08:00 ] ::1 /jd/index.php/Home/Jean/updateJeanInfo
INFO: [ app_init ] --START--
INFO: Run Behavior\BuildLiteBehavior [ RunTime:0.000000s ]
INFO: [ app_init ] --END-- [ RunTime:0.000000s ]
INFO: [ app_begin ] --START--
INFO: Run Behavior\ReadHtmlCacheBehavior [ RunTime:0.000000s ]
INFO: [ app_begin ] --END-- [ RunTime:0.000000s ]
SQL: SHOW COLUMNS FROM `shop_jean` [ RunTime:0.0156s ]
SQL: SHOW COLUMNS FROM `shop_jeanfashion` [ RunTime:0.0156s ]
SQL: SELECT * FROM `shop_jeanfashion` WHERE `jean_id` = 3 AND `fashion_name` = '11222' AND `size` = 'XXL'  [ RunTime:0.0000s ]
SQL: UPDATE `shop_jeanfashion` SET `quantity`='222',`price`='22',`promotion_price`='22' WHERE `jean_id` = 3 AND `fashion_name` = '11222' AND `size` = 'XXL' [ RunTime:0.0946s ]
SQL: SELECT `id` FROM `shop_jeanfashion` WHERE `jean_id` = 3 AND `fashion_name` = '11222' AND `size` = 'XXL' AND `quantity` = 222 AND `price` = '22' AND `promotion_price` = '22' LIMIT 1   [ RunTime:0.0000s ]

[ 2016-11-04T09:03:31+08:00 ] ::1 /jd/index.php/Home/Jean/updateJeanInfo
INFO: [ app_init ] --START--
INFO: Run Behavior\BuildLiteBehavior [ RunTime:0.000000s ]
INFO: [ app_init ] --END-- [ RunTime:0.000000s ]
INFO: [ app_begin ] --START--
INFO: Run Behavior\ReadHtmlCacheBehavior [ RunTime:0.000000s ]
INFO: [ app_begin ] --END-- [ RunTime:0.000000s ]
SQL: SHOW COLUMNS FROM `shop_jean` [ RunTime:0.0166s ]
SQL: SHOW COLUMNS FROM `shop_jeanclassify` [ RunTime:0.0156s ]
SQL: SELECT * FROM `shop_jeanclassify`  [ RunTime:0.0000s ]
INFO: [ view_parse ] --START--
INFO: [ template_filter ] --START--
INFO: Run Behavior\ContentReplaceBehavior [ RunTime:0.000000s ]
INFO: [ template_filter ] --END-- [ RunTime:0.000000s ]
INFO: Run Behavior\ParseTemplateBehavior [ RunTime:0.031200s ]
INFO: [ view_parse ] --END-- [ RunTime:0.031200s ]
INFO: [ view_filter ] --START--
INFO: Run Behavior\WriteHtmlCacheBehavior [ RunTime:0.000000s ]
INFO: [ view_filter ] --END-- [ RunTime:0.000000s ]
INFO: [ app_end ] --START--
INFO: Run Behavior\ShowPageTraceBehavior [ RunTime:0.015600s ]
INFO: [ app_end ] --END-- [ RunTime:0.015600s ]

[ 2016-11-04T09:04:31+08:00 ] ::1 /jd/index.php/Home/Jean/updatejeaninfo.html
INFO: [ app_init ] --START--
INFO: Run Behavior\BuildLiteBehavior [ RunTime:0.000000s ]
INFO: [ app_init ] --END-- [ RunTime:0.000000s ]
INFO: [ app_begin ] --START--
INFO: Run Behavior\ReadHtmlCacheBehavior [ RunTime:0.015600s ]
INFO: [ app_begin ] --END-- [ RunTime:0.015600s ]
SQL: SHOW COLUMNS FROM `shop_jean` [ RunTime:0.0312s ]
SQL: SHOW COLUMNS FROM `shop_jeanclassify` [ RunTime:0.0156s ]
SQL: SELECT * FROM `shop_jeanclassify`  [ RunTime:0.0000s ]
INFO: [ view_parse ] --START--
INFO: [ template_filter ] --START--
INFO: Run Behavior\ContentReplaceBehavior [ RunTime:0.000000s ]
INFO: [ template_filter ] --END-- [ RunTime:0.000000s ]
INFO: Run Behavior\ParseTemplateBehavior [ RunTime:0.063400s ]
INFO: [ view_parse ] --END-- [ RunTime:0.063400s ]
INFO: [ view_filter ] --START--
INFO: Run Behavior\WriteHtmlCacheBehavior [ RunTime:0.000000s ]
INFO: [ view_filter ] --END-- [ RunTime:0.000000s ]
INFO: [ app_end ] --START--
INFO: Run Behavior\ShowPageTraceBehavior [ RunTime:0.015600s ]
INFO: [ app_end ] --END-- [ RunTime:0.015600s ]

[ 2016-11-04T09:04:34+08:00 ] ::1 /jd/index.php/Home/Jean/updateJeanInfo
INFO: [ app_init ] --START--
INFO: Run Behavior\BuildLiteBehavior [ RunTime:0.000000s ]
INFO: [ app_init ] --END-- [ RunTime:0.000000s ]
INFO: [ app_begin ] --START--
INFO: Run Behavior\ReadHtmlCacheBehavior [ RunTime:0.000000s ]
INFO: [ app_begin ] --END-- [ RunTime:0.000000s ]
SQL: SHOW COLUMNS FROM `shop_jean` [ RunTime:0.0156s ]
SQL: SHOW COLUMNS FROM `shop_jean` [ RunTime:0.0156s ]
SQL: SELECT * FROM `shop_jean` WHERE `name` = '11' AND `element` = '纯色' AND `style` = '学院' AND `pattern` = '' AND `thickness` = '' AND `material` = '' AND `outseam` = '' AND `waistform` = '' AND `panttype` = '' AND `season` = '' AND `closed` = '' AND `stereotype` = '宽松'  [ RunTime:0.0000s ]
SQL: UPDATE `shop_jean` SET `is_promotion`='' WHERE `name` = '11' AND `element` = '纯色' AND `style` = '学院' AND `pattern` = '' AND `thickness` = '' AND `material` = '' AND `outseam` = '' AND `waistform` = '' AND `panttype` = '' AND `season` = '' AND `closed` = '' AND `stereotype` = '宽松' [ RunTime:0.2394s ]
SQL: SELECT `id` FROM `shop_jean` WHERE `name` = '11' AND `element` = '纯色' AND `style` = '学院' AND `pattern` = '' AND `thickness` = '' AND `material` = '' AND `outseam` = '' AND `waistform` = '' AND `panttype` = '' AND `season` = '' AND `closed` = '' AND `stereotype` = '宽松' LIMIT 1   [ RunTime:0.0000s ]

[ 2016-11-04T09:04:34+08:00 ] ::1 /jd/index.php/Home/Jean/updateJeanInfo
INFO: [ app_init ] --START--
INFO: Run Behavior\BuildLiteBehavior [ RunTime:0.000000s ]
INFO: [ app_init ] --END-- [ RunTime:0.000000s ]
INFO: [ app_begin ] --START--
INFO: Run Behavior\ReadHtmlCacheBehavior [ RunTime:0.000000s ]
INFO: [ app_begin ] --END-- [ RunTime:0.000000s ]
SQL: SHOW COLUMNS FROM `shop_jean` [ RunTime:0.0130s ]
SQL: SHOW COLUMNS FROM `shop_jeanfashion` [ RunTime:0.0140s ]
SQL: SELECT * FROM `shop_jeanfashion` WHERE `jean_id` = 3 AND `fashion_name` = '11222' AND `size` = 'XXL'  [ RunTime:0.0000s ]
SQL: UPDATE `shop_jeanfashion` SET `quantity`='222',`price`='22',`promotion_price`='22' WHERE `jean_id` = 3 AND `fashion_name` = '11222' AND `size` = 'XXL' [ RunTime:0.1726s ]
SQL: SELECT `id` FROM `shop_jeanfashion` WHERE `jean_id` = 3 AND `fashion_name` = '11222' AND `size` = 'XXL' AND `quantity` = 222 AND `price` = '22' AND `promotion_price` = '22' LIMIT 1   [ RunTime:0.0000s ]

[ 2016-11-04T09:06:24+08:00 ] ::1 /jd/index.php/Home/Jean/updatejeaninfo.html
INFO: [ app_init ] --START--
INFO: Run Behavior\BuildLiteBehavior [ RunTime:0.000000s ]
INFO: [ app_init ] --END-- [ RunTime:0.000000s ]
INFO: [ app_begin ] --START--
INFO: Run Behavior\ReadHtmlCacheBehavior [ RunTime:0.000000s ]
INFO: [ app_begin ] --END-- [ RunTime:0.000000s ]
SQL: SHOW COLUMNS FROM `shop_jean` [ RunTime:0.0156s ]
SQL: SHOW COLUMNS FROM `shop_jeanclassify` [ RunTime:0.0156s ]
SQL: SELECT * FROM `shop_jeanclassify`  [ RunTime:0.0156s ]
INFO: [ view_parse ] --START--
INFO: [ template_filter ] --START--
INFO: Run Behavior\ContentReplaceBehavior [ RunTime:0.000000s ]
INFO: [ template_filter ] --END-- [ RunTime:0.000000s ]
INFO: Run Behavior\ParseTemplateBehavior [ RunTime:0.051800s ]
INFO: [ view_parse ] --END-- [ RunTime:0.051800s ]
INFO: [ view_filter ] --START--
INFO: Run Behavior\WriteHtmlCacheBehavior [ RunTime:0.000000s ]
INFO: [ view_filter ] --END-- [ RunTime:0.000000s ]
INFO: [ app_end ] --START--
INFO: Run Behavior\ShowPageTraceBehavior [ RunTime:0.000000s ]
INFO: [ app_end ] --END-- [ RunTime:0.000000s ]

[ 2016-11-04T09:06:27+08:00 ] ::1 /jd/index.php/Home/Jean/updateJeanInfo
INFO: [ app_init ] --START--
INFO: Run Behavior\BuildLiteBehavior [ RunTime:0.000000s ]
INFO: [ app_init ] --END-- [ RunTime:0.000000s ]
INFO: [ app_begin ] --START--
INFO: Run Behavior\ReadHtmlCacheBehavior [ RunTime:0.015600s ]
INFO: [ app_begin ] --END-- [ RunTime:0.015600s ]
SQL: SHOW COLUMNS FROM `shop_jean` [ RunTime:0.0156s ]
SQL: SHOW COLUMNS FROM `shop_jean` [ RunTime:0.0156s ]
SQL: SELECT * FROM `shop_jean` WHERE `name` = '11' AND `element` = '纯色' AND `style` = '学院' AND `pattern` = '' AND `thickness` = '' AND `material` = '' AND `outseam` = '' AND `waistform` = '' AND `panttype` = '' AND `season` = '' AND `closed` = '' AND `stereotype` = '宽松'  [ RunTime:0.0000s ]
SQL: UPDATE `shop_jean` SET `is_promotion`='' WHERE `name` = '11' AND `element` = '纯色' AND `style` = '学院' AND `pattern` = '' AND `thickness` = '' AND `material` = '' AND `outseam` = '' AND `waistform` = '' AND `panttype` = '' AND `season` = '' AND `closed` = '' AND `stereotype` = '宽松' [ RunTime:0.2350s ]
SQL: SELECT `id` FROM `shop_jean` WHERE `name` = '11' AND `element` = '纯色' AND `style` = '学院' AND `pattern` = '' AND `thickness` = '' AND `material` = '' AND `outseam` = '' AND `waistform` = '' AND `panttype` = '' AND `season` = '' AND `closed` = '' AND `stereotype` = '宽松' LIMIT 1   [ RunTime:0.0000s ]

[ 2016-11-04T09:06:27+08:00 ] ::1 /jd/index.php/Home/Jean/updateJeanInfo
INFO: [ app_init ] --START--
INFO: Run Behavior\BuildLiteBehavior [ RunTime:0.000000s ]
INFO: [ app_init ] --END-- [ RunTime:0.000000s ]
INFO: [ app_begin ] --START--
INFO: Run Behavior\ReadHtmlCacheBehavior [ RunTime:0.000000s ]
INFO: [ app_begin ] --END-- [ RunTime:0.000000s ]
SQL: SHOW COLUMNS FROM `shop_jean` [ RunTime:0.0000s ]
SQL: SHOW COLUMNS FROM `shop_jeanfashion` [ RunTime:0.0156s ]
SQL: SELECT * FROM `shop_jeanfashion` WHERE `jean_id` = 3 AND `fashion_name` = '11222' AND `size` = 'XXL'  [ RunTime:0.0000s ]
SQL: UPDATE `shop_jeanfashion` SET `quantity`='222',`price`='22',`promotion_price`='22' WHERE `jean_id` = 3 AND `fashion_name` = '11222' AND `size` = 'XXL' [ RunTime:0.0946s ]
SQL: SELECT `id` FROM `shop_jeanfashion` WHERE `jean_id` = 3 AND `fashion_name` = '11222' AND `size` = 'XXL' AND `quantity` = 222 AND `price` = '22' AND `promotion_price` = '22' LIMIT 1   [ RunTime:0.0000s ]

[ 2016-11-04T09:06:27+08:00 ] ::1 /jd/index.php/Home/Jean/updateJeanInfo
INFO: [ app_init ] --START--
INFO: Run Behavior\BuildLiteBehavior [ RunTime:0.000000s ]
INFO: [ app_init ] --END-- [ RunTime:0.000000s ]
INFO: [ app_begin ] --START--
INFO: Run Behavior\ReadHtmlCacheBehavior [ RunTime:0.000000s ]
INFO: [ app_begin ] --END-- [ RunTime:0.000000s ]
SQL: SHOW COLUMNS FROM `shop_jean` [ RunTime:0.0156s ]
SQL: SHOW COLUMNS FROM `shop_jeanclassify` [ RunTime:0.0000s ]
SQL: SELECT * FROM `shop_jeanclassify`  [ RunTime:0.0000s ]
INFO: [ view_parse ] --START--
INFO: [ template_filter ] --START--
INFO: Run Behavior\ContentReplaceBehavior [ RunTime:0.000000s ]
INFO: [ template_filter ] --END-- [ RunTime:0.000000s ]
INFO: Run Behavior\ParseTemplateBehavior [ RunTime:0.032200s ]
INFO: [ view_parse ] --END-- [ RunTime:0.032200s ]
INFO: [ view_filter ] --START--
INFO: Run Behavior\WriteHtmlCacheBehavior [ RunTime:0.000000s ]
INFO: [ view_filter ] --END-- [ RunTime:0.000000s ]
INFO: [ app_end ] --START--
INFO: Run Behavior\ShowPageTraceBehavior [ RunTime:0.015600s ]
INFO: [ app_end ] --END-- [ RunTime:0.015600s ]

[ 2016-11-04T09:16:16+08:00 ] ::1 /jd/index.php/Home/Jean/updatejeaninfo.html
INFO: [ app_init ] --START--
INFO: Run Behavior\BuildLiteBehavior [ RunTime:0.000000s ]
INFO: [ app_init ] --END-- [ RunTime:0.011001s ]
INFO: [ app_begin ] --START--
INFO: Run Behavior\ReadHtmlCacheBehavior [ RunTime:0.017001s ]
INFO: [ app_begin ] --END-- [ RunTime:0.017001s ]
SQL: SHOW COLUMNS FROM `shop_jean` [ RunTime:0.0180s ]
SQL: SHOW COLUMNS FROM `shop_jeanclassify` [ RunTime:0.0210s ]
SQL: SELECT * FROM `shop_jeanclassify`  [ RunTime:0.0010s ]
INFO: [ view_parse ] --START--
INFO: [ template_filter ] --START--
INFO: Run Behavior\ContentReplaceBehavior [ RunTime:0.000000s ]
INFO: [ template_filter ] --END-- [ RunTime:0.000000s ]
INFO: Run Behavior\ParseTemplateBehavior [ RunTime:0.200012s ]
INFO: [ view_parse ] --END-- [ RunTime:0.201012s ]
INFO: [ view_filter ] --START--
INFO: Run Behavior\WriteHtmlCacheBehavior [ RunTime:0.021001s ]
INFO: [ view_filter ] --END-- [ RunTime:0.021001s ]
INFO: [ app_end ] --START--
INFO: Run Behavior\ShowPageTraceBehavior [ RunTime:0.126007s ]
INFO: [ app_end ] --END-- [ RunTime:0.126007s ]

[ 2016-11-04T09:16:20+08:00 ] ::1 /jd/index.php/Home/Jean/updateJeanInfo
INFO: [ app_init ] --START--
INFO: Run Behavior\BuildLiteBehavior [ RunTime:0.000000s ]
INFO: [ app_init ] --END-- [ RunTime:0.002000s ]
INFO: [ app_begin ] --START--
INFO: Run Behavior\ReadHtmlCacheBehavior [ RunTime:0.002000s ]
INFO: [ app_begin ] --END-- [ RunTime:0.002000s ]

[ 2016-11-04T09:25:24+08:00 ] ::1 /jd/index.php/Home/Jean/updateJeanInfo
INFO: [ app_init ] --START--
INFO: Run Behavior\BuildLiteBehavior [ RunTime:0.000000s ]
INFO: [ app_init ] --END-- [ RunTime:0.008001s ]
INFO: [ app_begin ] --START--
INFO: Run Behavior\ReadHtmlCacheBehavior [ RunTime:0.018001s ]
INFO: [ app_begin ] --END-- [ RunTime:0.018001s ]

[ 2016-11-04T09:30:17+08:00 ] ::1 /jd/index.php/Home/Jean/updatejeaninfo.html
INFO: [ app_init ] --START--
INFO: Run Behavior\BuildLiteBehavior [ RunTime:0.000000s ]
INFO: [ app_init ] --END-- [ RunTime:0.000000s ]
INFO: [ app_begin ] --START--
INFO: Run Behavior\ReadHtmlCacheBehavior [ RunTime:0.000000s ]
INFO: [ app_begin ] --END-- [ RunTime:0.000000s ]
SQL: SHOW COLUMNS FROM `shop_jean` [ RunTime:0.0000s ]
SQL: SHOW COLUMNS FROM `shop_jeanclassify` [ RunTime:0.0156s ]
SQL: SELECT * FROM `shop_jeanclassify`  [ RunTime:0.0000s ]
INFO: [ view_parse ] --START--
INFO: [ template_filter ] --START--
INFO: Run Behavior\ContentReplaceBehavior [ RunTime:0.000000s ]
INFO: [ template_filter ] --END-- [ RunTime:0.000000s ]
INFO: Run Behavior\ParseTemplateBehavior [ RunTime:0.124801s ]
INFO: [ view_parse ] --END-- [ RunTime:0.124801s ]
INFO: [ view_filter ] --START--
INFO: Run Behavior\WriteHtmlCacheBehavior [ RunTime:0.062400s ]
INFO: [ view_filter ] --END-- [ RunTime:0.062400s ]
INFO: [ app_end ] --START--
INFO: Run Behavior\ShowPageTraceBehavior [ RunTime:0.312000s ]
INFO: [ app_end ] --END-- [ RunTime:0.312000s ]

[ 2016-11-04T09:39:08+08:00 ] ::1 /jd/index.php/Home/Jean/updatejeaninfo.html
INFO: [ app_init ] --START--
INFO: Run Behavior\BuildLiteBehavior [ RunTime:0.000000s ]
INFO: [ app_init ] --END-- [ RunTime:0.015001s ]
INFO: [ app_begin ] --START--
INFO: Run Behavior\ReadHtmlCacheBehavior [ RunTime:0.019001s ]
INFO: [ app_begin ] --END-- [ RunTime:0.019001s ]
SQL: SHOW COLUMNS FROM `shop_jean` [ RunTime:0.0120s ]
SQL: SHOW COLUMNS FROM `shop_jeanclassify` [ RunTime:0.0180s ]
SQL: SELECT * FROM `shop_jeanclassify`  [ RunTime:0.0020s ]
INFO: [ view_parse ] --START--
INFO: [ template_filter ] --START--
INFO: Run Behavior\ContentReplaceBehavior [ RunTime:0.001000s ]
INFO: [ template_filter ] --END-- [ RunTime:0.001000s ]
INFO: Run Behavior\ParseTemplateBehavior [ RunTime:0.115007s ]
INFO: [ view_parse ] --END-- [ RunTime:0.115007s ]
INFO: [ view_filter ] --START--
INFO: Run Behavior\WriteHtmlCacheBehavior [ RunTime:0.011000s ]
INFO: [ view_filter ] --END-- [ RunTime:0.012000s ]
INFO: [ app_end ] --START--
INFO: Run Behavior\ShowPageTraceBehavior [ RunTime:0.019001s ]
INFO: [ app_end ] --END-- [ RunTime:0.020002s ]

[ 2016-11-04T09:39:24+08:00 ] ::1 /jd/index.php/Home/Jean/updatejeaninfo.html
INFO: [ app_init ] --START--
INFO: Run Behavior\BuildLiteBehavior [ RunTime:0.000000s ]
INFO: [ app_init ] --END-- [ RunTime:0.001000s ]
INFO: [ app_begin ] --START--
INFO: Run Behavior\ReadHtmlCacheBehavior [ RunTime:0.002000s ]
INFO: [ app_begin ] --END-- [ RunTime:0.003000s ]
SQL: SHOW COLUMNS FROM `shop_jean` [ RunTime:0.0100s ]
SQL: SHOW COLUMNS FROM `shop_jeanclassify` [ RunTime:0.0120s ]
SQL: SELECT * FROM `shop_jeanclassify`  [ RunTime:0.0020s ]
INFO: [ view_parse ] --START--
INFO: [ template_filter ] --START--
INFO: Run Behavior\ContentReplaceBehavior [ RunTime:0.000000s ]
INFO: [ template_filter ] --END-- [ RunTime:0.000000s ]
INFO: Run Behavior\ParseTemplateBehavior [ RunTime:0.061004s ]
INFO: [ view_parse ] --END-- [ RunTime:0.062004s ]
INFO: [ view_filter ] --START--
INFO: Run Behavior\WriteHtmlCacheBehavior [ RunTime:0.001000s ]
INFO: [ view_filter ] --END-- [ RunTime:0.001000s ]
INFO: [ app_end ] --START--
INFO: Run Behavior\ShowPageTraceBehavior [ RunTime:0.003000s ]
INFO: [ app_end ] --END-- [ RunTime:0.003000s ]

[ 2016-11-04T09:39:28+08:00 ] ::1 /jd/index.php/Home/Jean/updatejeaninfo.html
INFO: [ app_init ] --START--
INFO: Run Behavior\BuildLiteBehavior [ RunTime:0.000000s ]
INFO: [ app_init ] --END-- [ RunTime:0.002000s ]
INFO: [ app_begin ] --START--
INFO: Run Behavior\ReadHtmlCacheBehavior [ RunTime:0.002000s ]
INFO: [ app_begin ] --END-- [ RunTime:0.002000s ]

[ 2016-11-04T09:40:11+08:00 ] ::1 /jd/index.php/Home/Jean/updatejeaninfo.html
INFO: [ app_init ] --START--
INFO: Run Behavior\BuildLiteBehavior [ RunTime:0.000000s ]
INFO: [ app_init ] --END-- [ RunTime:0.002000s ]
INFO: [ app_begin ] --START--
INFO: Run Behavior\ReadHtmlCacheBehavior [ RunTime:0.003001s ]
INFO: [ app_begin ] --END-- [ RunTime:0.003001s ]
SQL: SHOW COLUMNS FROM `shop_jean` [ RunTime:0.0120s ]
SQL: SHOW COLUMNS FROM `shop_jeanclassify` [ RunTime:0.0200s ]
SQL: SELECT * FROM `shop_jeanclassify`  [ RunTime:0.0020s ]
INFO: [ view_parse ] --START--
INFO: [ template_filter ] --START--
INFO: Run Behavior\ContentReplaceBehavior [ RunTime:0.001000s ]
INFO: [ template_filter ] --END-- [ RunTime:0.001000s ]
INFO: Run Behavior\ParseTemplateBehavior [ RunTime:0.050003s ]
INFO: [ view_parse ] --END-- [ RunTime:0.050003s ]
INFO: [ view_filter ] --START--
INFO: Run Behavior\WriteHtmlCacheBehavior [ RunTime:0.002000s ]
INFO: [ view_filter ] --END-- [ RunTime:0.002000s ]
INFO: [ app_end ] --START--
INFO: Run Behavior\ShowPageTraceBehavior [ RunTime:0.002000s ]
INFO: [ app_end ] --END-- [ RunTime:0.003000s ]

[ 2016-11-04T09:40:29+08:00 ] ::1 /jd/index.php/Home/Jean/updatejeaninfo.html
INFO: [ app_init ] --START--
INFO: Run Behavior\BuildLiteBehavior [ RunTime:0.000000s ]
INFO: [ app_init ] --END-- [ RunTime:0.002000s ]
INFO: [ app_begin ] --START--
INFO: Run Behavior\ReadHtmlCacheBehavior [ RunTime:0.002000s ]
INFO: [ app_begin ] --END-- [ RunTime:0.002000s ]
SQL: SHOW COLUMNS FROM `shop_jean` [ RunTime:0.0190s ]
SQL: SHOW COLUMNS FROM `shop_jeanclassify` [ RunTime:0.0710s ]
SQL: SELECT * FROM `shop_jeanclassify`  [ RunTime:0.0200s ]
INFO: [ view_parse ] --START--
INFO: [ template_filter ] --START--
INFO: Run Behavior\ContentReplaceBehavior [ RunTime:0.000000s ]
INFO: [ template_filter ] --END-- [ RunTime:0.000000s ]
INFO: Run Behavior\ParseTemplateBehavior [ RunTime:0.045002s ]
INFO: [ view_parse ] --END-- [ RunTime:0.046003s ]
INFO: [ view_filter ] --START--
INFO: Run Behavior\WriteHtmlCacheBehavior [ RunTime:0.008000s ]
INFO: [ view_filter ] --END-- [ RunTime:0.008000s ]
INFO: [ app_end ] --START--
INFO: Run Behavior\ShowPageTraceBehavior [ RunTime:0.009000s ]
INFO: [ app_end ] --END-- [ RunTime:0.009000s ]

[ 2016-11-04T09:40:32+08:00 ] ::1 /jd/index.php/Home/Jean/updatejeaninfo.html
INFO: [ app_init ] --START--
INFO: Run Behavior\BuildLiteBehavior [ RunTime:0.000000s ]
INFO: [ app_init ] --END-- [ RunTime:0.002000s ]
INFO: [ app_begin ] --START--
INFO: Run Behavior\ReadHtmlCacheBehavior [ RunTime:0.002000s ]
INFO: [ app_begin ] --END-- [ RunTime:0.002000s ]

[ 2016-11-04T09:41:09+08:00 ] ::1 /jd/index.php/Home/Jean/updatejeaninfo.html
INFO: [ app_init ] --START--
INFO: Run Behavior\BuildLiteBehavior [ RunTime:0.000000s ]
INFO: [ app_init ] --END-- [ RunTime:0.001000s ]
INFO: [ app_begin ] --START--
INFO: Run Behavior\ReadHtmlCacheBehavior [ RunTime:0.003000s ]
INFO: [ app_begin ] --END-- [ RunTime:0.003000s ]
SQL: SHOW COLUMNS FROM `shop_jean` [ RunTime:0.0220s ]
SQL: SHOW COLUMNS FROM `shop_jeanclassify` [ RunTime:0.0140s ]
SQL: SELECT * FROM `shop_jeanclassify`  [ RunTime:0.0030s ]
INFO: [ view_parse ] --START--
INFO: [ template_filter ] --START--
INFO: Run Behavior\ContentReplaceBehavior [ RunTime:0.000000s ]
INFO: [ template_filter ] --END-- [ RunTime:0.000000s ]
INFO: Run Behavior\ParseTemplateBehavior [ RunTime:0.047003s ]
INFO: [ view_parse ] --END-- [ RunTime:0.047003s ]
INFO: [ view_filter ] --START--
INFO: Run Behavior\WriteHtmlCacheBehavior [ RunTime:0.003000s ]
INFO: [ view_filter ] --END-- [ RunTime:0.003000s ]
INFO: [ app_end ] --START--
INFO: Run Behavior\ShowPageTraceBehavior [ RunTime:0.003000s ]
INFO: [ app_end ] --END-- [ RunTime:0.003000s ]

[ 2016-11-04T09:41:12+08:00 ] ::1 /jd/index.php/Home/Jean/updatejeaninfo.html
INFO: [ app_init ] --START--
INFO: Run Behavior\BuildLiteBehavior [ RunTime:0.000000s ]
INFO: [ app_init ] --END-- [ RunTime:0.001001s ]
INFO: [ app_begin ] --START--
INFO: Run Behavior\ReadHtmlCacheBehavior [ RunTime:0.002000s ]
INFO: [ app_begin ] --END-- [ RunTime:0.002000s ]
SQL: SHOW COLUMNS FROM `shop_jean` [ RunTime:0.0160s ]
SQL: SHOW COLUMNS FROM `shop_jeanclassify` [ RunTime:0.0130s ]
SQL: SELECT * FROM `shop_jeanclassify`  [ RunTime:0.0020s ]
INFO: [ view_parse ] --START--
INFO: [ template_filter ] --START--
INFO: Run Behavior\ContentReplaceBehavior [ RunTime:0.000000s ]
INFO: [ template_filter ] --END-- [ RunTime:0.000000s ]
INFO: Run Behavior\ParseTemplateBehavior [ RunTime:0.052003s ]
INFO: [ view_parse ] --END-- [ RunTime:0.052003s ]
INFO: [ view_filter ] --START--
INFO: Run Behavior\WriteHtmlCacheBehavior [ RunTime:0.002001s ]
INFO: [ view_filter ] --END-- [ RunTime:0.002001s ]
INFO: [ app_end ] --START--
INFO: Run Behavior\ShowPageTraceBehavior [ RunTime:0.002000s ]
INFO: [ app_end ] --END-- [ RunTime:0.002000s ]

[ 2016-11-04T11:46:45+08:00 ] ::1 /jd/
INFO: [ app_init ] --START--
INFO: Run Behavior\BuildLiteBehavior [ RunTime:0.000000s ]
INFO: [ app_init ] --END-- [ RunTime:0.021002s ]
INFO: [ app_begin ] --START--
INFO: Run Behavior\ReadHtmlCacheBehavior [ RunTime:0.028002s ]
INFO: [ app_begin ] --END-- [ RunTime:0.028002s ]
INFO: [ view_parse ] --START--
INFO: [ template_filter ] --START--
INFO: Run Behavior\ContentReplaceBehavior [ RunTime:0.004001s ]
INFO: [ template_filter ] --END-- [ RunTime:0.005001s ]
INFO: Run Behavior\ParseTemplateBehavior [ RunTime:0.369021s ]
INFO: [ view_parse ] --END-- [ RunTime:0.369021s ]
INFO: [ view_filter ] --START--
INFO: Run Behavior\WriteHtmlCacheBehavior [ RunTime:0.010001s ]
INFO: [ view_filter ] --END-- [ RunTime:0.010001s ]
INFO: [ app_end ] --START--
INFO: Run Behavior\ShowPageTraceBehavior [ RunTime:0.038002s ]
INFO: [ app_end ] --END-- [ RunTime:0.038002s ]

[ 2016-11-04T11:47:30+08:00 ] ::1 /jd/index.php/Home/Women/index.html
INFO: [ app_init ] --START--
INFO: Run Behavior\BuildLiteBehavior [ RunTime:0.000000s ]
INFO: [ app_init ] --END-- [ RunTime:0.003000s ]
INFO: [ app_begin ] --START--
INFO: Run Behavior\ReadHtmlCacheBehavior [ RunTime:0.002000s ]
INFO: [ app_begin ] --END-- [ RunTime:0.002000s ]
INFO: [ view_parse ] --START--
INFO: [ template_filter ] --START--
INFO: Run Behavior\ContentReplaceBehavior [ RunTime:0.000000s ]
INFO: [ template_filter ] --END-- [ RunTime:0.000000s ]
INFO: Run Behavior\ParseTemplateBehavior [ RunTime:0.119007s ]
INFO: [ view_parse ] --END-- [ RunTime:0.119007s ]
INFO: [ view_filter ] --START--
INFO: Run Behavior\WriteHtmlCacheBehavior [ RunTime:0.004000s ]
INFO: [ view_filter ] --END-- [ RunTime:0.004000s ]
INFO: [ app_end ] --START--
INFO: Run Behavior\ShowPageTraceBehavior [ RunTime:0.002000s ]
INFO: [ app_end ] --END-- [ RunTime:0.002000s ]

[ 2016-11-04T11:48:38+08:00 ] ::1 /jd/index.php/Home/Women/index.html
INFO: [ app_init ] --START--
INFO: Run Behavior\BuildLiteBehavior [ RunTime:0.000000s ]
INFO: [ app_init ] --END-- [ RunTime:0.000000s ]
INFO: [ app_begin ] --START--
INFO: Run Behavior\ReadHtmlCacheBehavior [ RunTime:0.015600s ]
INFO: [ app_begin ] --END-- [ RunTime:0.015600s ]
INFO: [ view_parse ] --START--
INFO: [ template_filter ] --START--
INFO: Run Behavior\ContentReplaceBehavior [ RunTime:0.000000s ]
INFO: [ template_filter ] --END-- [ RunTime:0.000000s ]
INFO: Run Behavior\ParseTemplateBehavior [ RunTime:0.047800s ]
INFO: [ view_parse ] --END-- [ RunTime:0.047800s ]
INFO: [ view_filter ] --START--
INFO: Run Behavior\WriteHtmlCacheBehavior [ RunTime:0.000000s ]
INFO: [ view_filter ] --END-- [ RunTime:0.000000s ]
INFO: [ app_end ] --START--
INFO: Run Behavior\ShowPageTraceBehavior [ RunTime:0.015601s ]
INFO: [ app_end ] --END-- [ RunTime:0.015601s ]

[ 2016-11-04T12:08:27+08:00 ] ::1 /jd/index.php/Home/Jean/updatejeaninfo.html
INFO: [ app_init ] --START--
INFO: Run Behavior\BuildLiteBehavior [ RunTime:0.000000s ]
INFO: [ app_init ] --END-- [ RunTime:0.019001s ]
INFO: [ app_begin ] --START--
INFO: Run Behavior\ReadHtmlCacheBehavior [ RunTime:0.107006s ]
INFO: [ app_begin ] --END-- [ RunTime:0.108006s ]
SQL: SHOW COLUMNS FROM `shop_jean` [ RunTime:0.5680s ]
SQL: SHOW COLUMNS FROM `shop_jeanclassify` [ RunTime:0.0130s ]
SQL: SELECT * FROM `shop_jeanclassify`  [ RunTime:0.0910s ]
INFO: [ view_parse ] --START--
INFO: [ template_filter ] --START--
INFO: Run Behavior\ContentReplaceBehavior [ RunTime:0.000000s ]
INFO: [ template_filter ] --END-- [ RunTime:0.001000s ]
INFO: Run Behavior\ParseTemplateBehavior [ RunTime:0.107006s ]
INFO: [ view_parse ] --END-- [ RunTime:0.107006s ]
INFO: [ view_filter ] --START--
INFO: Run Behavior\WriteHtmlCacheBehavior [ RunTime:0.031002s ]
INFO: [ view_filter ] --END-- [ RunTime:0.031002s ]
INFO: [ app_end ] --START--
INFO: Run Behavior\ShowPageTraceBehavior [ RunTime:0.022001s ]
INFO: [ app_end ] --END-- [ RunTime:0.022001s ]

[ 2016-11-04T12:17:57+08:00 ] ::1 /jd/index.php/Home/Jean/updatejeaninfo.html
INFO: [ app_init ] --START--
INFO: Run Behavior\BuildLiteBehavior [ RunTime:0.000000s ]
INFO: [ app_init ] --END-- [ RunTime:0.006000s ]
INFO: [ app_begin ] --START--
INFO: Run Behavior\ReadHtmlCacheBehavior [ RunTime:0.018001s ]
INFO: [ app_begin ] --END-- [ RunTime:0.019001s ]
SQL: SHOW COLUMNS FROM `shop_jean` [ RunTime:0.0130s ]
SQL: SHOW COLUMNS FROM `shop_jeanclassify` [ RunTime:0.0120s ]
SQL: SELECT * FROM `shop_jeanclassify`  [ RunTime:0.0020s ]
INFO: [ view_parse ] --START--
INFO: [ template_filter ] --START--
INFO: Run Behavior\ContentReplaceBehavior [ RunTime:0.000000s ]
INFO: [ template_filter ] --END-- [ RunTime:0.000000s ]
INFO: Run Behavior\ParseTemplateBehavior [ RunTime:0.155008s ]
INFO: [ view_parse ] --END-- [ RunTime:0.155008s ]
INFO: [ view_filter ] --START--
INFO: Run Behavior\WriteHtmlCacheBehavior [ RunTime:0.017001s ]
INFO: [ view_filter ] --END-- [ RunTime:0.017001s ]
INFO: [ app_end ] --START--
INFO: Run Behavior\ShowPageTraceBehavior [ RunTime:0.021002s ]
INFO: [ app_end ] --END-- [ RunTime:0.021002s ]

[ 2016-11-04T22:59:36+08:00 ] ::1 /jd/index.php/Home/Jean/updatejeaninfo.html
INFO: [ app_init ] --START--
INFO: Run Behavior\BuildLiteBehavior [ RunTime:0.000000s ]
INFO: [ app_init ] --END-- [ RunTime:0.078000s ]
INFO: [ app_begin ] --START--
INFO: Run Behavior\ReadHtmlCacheBehavior [ RunTime:0.015600s ]
INFO: [ app_begin ] --END-- [ RunTime:0.015600s ]
SQL: SHOW COLUMNS FROM `shop_jean` [ RunTime:0.3598s ]
SQL: SHOW COLUMNS FROM `shop_jeanclassify` [ RunTime:0.0166s ]
SQL: SELECT * FROM `shop_jeanclassify`  [ RunTime:0.0312s ]
INFO: [ view_parse ] --START--
INFO: [ template_filter ] --START--
INFO: Run Behavior\ContentReplaceBehavior [ RunTime:0.015600s ]
INFO: [ template_filter ] --END-- [ RunTime:0.015600s ]
INFO: Run Behavior\ParseTemplateBehavior [ RunTime:0.235000s ]
INFO: [ view_parse ] --END-- [ RunTime:0.235000s ]
INFO: [ view_filter ] --START--
INFO: Run Behavior\WriteHtmlCacheBehavior [ RunTime:0.015601s ]
INFO: [ view_filter ] --END-- [ RunTime:0.015601s ]
INFO: [ app_end ] --START--
INFO: Run Behavior\ShowPageTraceBehavior [ RunTime:0.031200s ]
INFO: [ app_end ] --END-- [ RunTime:0.031200s ]

