[ 2016-11-03T00:02:07+08:00 ] ::1 /jd/index.php/Home/Jean/updateJeanInfo
INFO: [ app_init ] --START--
INFO: Run Behavior\BuildLiteBehavior [ RunTime:0.000000s ]
INFO: [ app_init ] --END-- [ RunTime:0.065004s ]
INFO: [ app_begin ] --START--
INFO: Run Behavior\ReadHtmlCacheBehavior [ RunTime:0.018001s ]
INFO: [ app_begin ] --END-- [ RunTime:0.018001s ]
SQL: SHOW COLUMNS FROM `shop_jean` [ RunTime:0.7390s ]
SQL: SHOW COLUMNS FROM `shop_jean` [ RunTime:0.0140s ]
SQL: SELECT COUNT(*) AS tp_count FROM `shop_jean` WHERE `name` = '111' AND `element` = '纯色' AND `style` = '小清新' AND `pattern` = '骷髅' AND `thickness` = '薄款' AND `material` = '牛仔布' AND `outseam` = '九分裤' AND `waistform` = '自然腰' AND `panttype` = '哈伦裤' AND `season` = '春秋' AND `closed` = '纽扣' AND `stereotype` = '宽松' LIMIT 1   [ RunTime:0.2020s ]
NOTIC: [8] Undefined index: validate D:\xampp\htdocs\jd\ThinkPHP\Library\Think\Model.class.php 第 1185 行.
NOTIC: [8] Undefined index: auto D:\xampp\htdocs\jd\ThinkPHP\Library\Think\Model.class.php 第 1128 行.
SQL: UPDATE `shop_jean` SET `is_promotion`='0' WHERE `name` = '111' AND `element` = '纯色' AND `style` = '小清新' AND `pattern` = '骷髅' AND `thickness` = '薄款' AND `material` = '牛仔布' AND `outseam` = '九分裤' AND `waistform` = '自然腰' AND `panttype` = '哈伦裤' AND `season` = '春秋' AND `closed` = '纽扣' AND `stereotype` = '宽松' [ RunTime:0.0790s ]

[ 2016-11-03T00:03:15+08:00 ] ::1 /jd/index.php/Home/Jean/updateJeanInfo
INFO: [ app_init ] --START--
INFO: Run Behavior\BuildLiteBehavior [ RunTime:0.000000s ]
INFO: [ app_init ] --END-- [ RunTime:0.001000s ]
INFO: [ app_begin ] --START--
INFO: Run Behavior\ReadHtmlCacheBehavior [ RunTime:0.002000s ]
INFO: [ app_begin ] --END-- [ RunTime:0.002000s ]
SQL: SHOW COLUMNS FROM `shop_jean` [ RunTime:0.0150s ]
SQL: SHOW COLUMNS FROM `shop_jean` [ RunTime:0.0140s ]
SQL: SELECT COUNT(*) AS tp_count FROM `shop_jean` WHERE `name` = '111222' AND `element` = '纯色' AND `style` = '小清新' AND `pattern` = '骷髅' AND `thickness` = '薄款' AND `material` = '牛仔布' AND `outseam` = '九分裤' AND `waistform` = '自然腰' AND `panttype` = '哈伦裤' AND `season` = '春秋' AND `closed` = '纽扣' AND `stereotype` = '宽松' LIMIT 1   [ RunTime:0.0010s ]
NOTIC: [8] Undefined index: validate D:\xampp\htdocs\jd\ThinkPHP\Library\Think\Model.class.php 第 1185 行.
NOTIC: [8] Undefined index: auto D:\xampp\htdocs\jd\ThinkPHP\Library\Think\Model.class.php 第 1128 行.
SQL: UPDATE `shop_jean` SET `is_promotion`='0' WHERE `name` = '111222' AND `element` = '纯色' AND `style` = '小清新' AND `pattern` = '骷髅' AND `thickness` = '薄款' AND `material` = '牛仔布' AND `outseam` = '九分裤' AND `waistform` = '自然腰' AND `panttype` = '哈伦裤' AND `season` = '春秋' AND `closed` = '纽扣' AND `stereotype` = '宽松' [ RunTime:0.0010s ]

[ 2016-11-03T00:06:49+08:00 ] ::1 /jd/index.php/Home/Jean/updateJeanInfo
INFO: [ app_init ] --START--
INFO: Run Behavior\BuildLiteBehavior [ RunTime:0.000000s ]
INFO: [ app_init ] --END-- [ RunTime:0.002000s ]
INFO: [ app_begin ] --START--
INFO: Run Behavior\ReadHtmlCacheBehavior [ RunTime:0.002000s ]
INFO: [ app_begin ] --END-- [ RunTime:0.002000s ]
SQL: SHOW COLUMNS FROM `shop_jean` [ RunTime:0.0140s ]
SQL: SHOW COLUMNS FROM `shop_jean` [ RunTime:0.0150s ]
SQL: SELECT COUNT(*) AS tp_count FROM `shop_jean` WHERE `name` = '111222' AND `element` = '纯色' AND `style` = '小清新' AND `pattern` = '骷髅' AND `thickness` = '薄款' AND `material` = '牛仔布' AND `outseam` = '九分裤' AND `waistform` = '自然腰' AND `panttype` = '哈伦裤' AND `season` = '春秋' AND `closed` = '纽扣' AND `stereotype` = '宽松' LIMIT 1   [ RunTime:0.0000s ]
NOTIC: [8] Undefined index: validate D:\xampp\htdocs\jd\ThinkPHP\Library\Think\Model.class.php 第 1185 行.
NOTIC: [8] Undefined index: auto D:\xampp\htdocs\jd\ThinkPHP\Library\Think\Model.class.php 第 1128 行.
SQL: UPDATE `shop_jean` SET `is_promotion`='0' WHERE `name` = '111222' AND `element` = '纯色' AND `style` = '小清新' AND `pattern` = '骷髅' AND `thickness` = '薄款' AND `material` = '牛仔布' AND `outseam` = '九分裤' AND `waistform` = '自然腰' AND `panttype` = '哈伦裤' AND `season` = '春秋' AND `closed` = '纽扣' AND `stereotype` = '宽松' [ RunTime:0.0010s ]

[ 2016-11-03T00:07:13+08:00 ] ::1 /jd/index.php/Home/Jean/updateJeanInfo
INFO: [ app_init ] --START--
INFO: Run Behavior\BuildLiteBehavior [ RunTime:0.000000s ]
INFO: [ app_init ] --END-- [ RunTime:0.002000s ]
INFO: [ app_begin ] --START--
INFO: Run Behavior\ReadHtmlCacheBehavior [ RunTime:0.002001s ]
INFO: [ app_begin ] --END-- [ RunTime:0.002001s ]
SQL: SHOW COLUMNS FROM `shop_jean` [ RunTime:0.0140s ]
SQL: SHOW COLUMNS FROM `shop_jean` [ RunTime:0.0160s ]
SQL: SELECT COUNT(*) AS tp_count FROM `shop_jean` WHERE `name` = '111222' AND `element` = '纯色' AND `style` = '小清新' AND `pattern` = '骷髅' AND `thickness` = '薄款' AND `material` = '牛仔布' AND `outseam` = '九分裤' AND `waistform` = '自然腰' AND `panttype` = '哈伦裤' AND `season` = '春秋' AND `closed` = '纽扣' AND `stereotype` = '宽松' LIMIT 1   [ RunTime:0.0010s ]
NOTIC: [8] Undefined index: validate D:\xampp\htdocs\jd\ThinkPHP\Library\Think\Model.class.php 第 1185 行.
NOTIC: [8] Undefined index: auto D:\xampp\htdocs\jd\ThinkPHP\Library\Think\Model.class.php 第 1128 行.
SQL: UPDATE `shop_jean` SET `is_promotion`='0' WHERE `name` = '111222' AND `element` = '纯色' AND `style` = '小清新' AND `pattern` = '骷髅' AND `thickness` = '薄款' AND `material` = '牛仔布' AND `outseam` = '九分裤' AND `waistform` = '自然腰' AND `panttype` = '哈伦裤' AND `season` = '春秋' AND `closed` = '纽扣' AND `stereotype` = '宽松' [ RunTime:0.0010s ]

[ 2016-11-03T00:07:28+08:00 ] ::1 /jd/index.php/Home/Jean/updateJeanInfo
INFO: [ app_init ] --START--
INFO: Run Behavior\BuildLiteBehavior [ RunTime:0.000000s ]
INFO: [ app_init ] --END-- [ RunTime:0.006001s ]
INFO: [ app_begin ] --START--
INFO: Run Behavior\ReadHtmlCacheBehavior [ RunTime:0.002000s ]
INFO: [ app_begin ] --END-- [ RunTime:0.002000s ]
SQL: SHOW COLUMNS FROM `shop_jean` [ RunTime:0.0170s ]
SQL: SHOW COLUMNS FROM `shop_jean` [ RunTime:0.0220s ]
SQL: SELECT COUNT(*) AS tp_count FROM `shop_jean` WHERE `name` = '111222' AND `element` = '纯色' AND `style` = '小清新' AND `pattern` = '骷髅' AND `thickness` = '薄款' AND `material` = '牛仔布' AND `outseam` = '九分裤' AND `waistform` = '自然腰' AND `panttype` = '哈伦裤' AND `season` = '春秋' AND `closed` = '纽扣' AND `stereotype` = '宽松' LIMIT 1   [ RunTime:0.0010s ]
NOTIC: [8] Undefined index: validate D:\xampp\htdocs\jd\ThinkPHP\Library\Think\Model.class.php 第 1185 行.
NOTIC: [8] Undefined index: auto D:\xampp\htdocs\jd\ThinkPHP\Library\Think\Model.class.php 第 1128 行.
SQL: UPDATE `shop_jean` SET `is_promotion`='0' WHERE `name` = '111222' AND `element` = '纯色' AND `style` = '小清新' AND `pattern` = '骷髅' AND `thickness` = '薄款' AND `material` = '牛仔布' AND `outseam` = '九分裤' AND `waistform` = '自然腰' AND `panttype` = '哈伦裤' AND `season` = '春秋' AND `closed` = '纽扣' AND `stereotype` = '宽松' [ RunTime:0.0030s ]

[ 2016-11-03T00:13:18+08:00 ] ::1 /jd/index.php/Home/Jean/updateJeanInfo
INFO: [ app_init ] --START--
INFO: Run Behavior\BuildLiteBehavior [ RunTime:0.000000s ]
INFO: [ app_init ] --END-- [ RunTime:0.002000s ]
INFO: [ app_begin ] --START--
INFO: Run Behavior\ReadHtmlCacheBehavior [ RunTime:0.004000s ]
INFO: [ app_begin ] --END-- [ RunTime:0.004000s ]

[ 2016-11-03T00:13:43+08:00 ] ::1 /jd/index.php/Home/Jean/updateJeanInfo
INFO: [ app_init ] --START--
INFO: Run Behavior\BuildLiteBehavior [ RunTime:0.000000s ]
INFO: [ app_init ] --END-- [ RunTime:0.002000s ]
INFO: [ app_begin ] --START--
INFO: Run Behavior\ReadHtmlCacheBehavior [ RunTime:0.002000s ]
INFO: [ app_begin ] --END-- [ RunTime:0.002000s ]
SQL: SHOW COLUMNS FROM `shop_jean` [ RunTime:0.0160s ]
NOTIC: [8] Array to string conversion D:\xampp\htdocs\jd\Application\Home\Controller\JeanController.class.php 第 59 行.

[ 2016-11-03T00:14:02+08:00 ] ::1 /jd/index.php/Home/Jean/updateJeanInfo
INFO: [ app_init ] --START--
INFO: Run Behavior\BuildLiteBehavior [ RunTime:0.000000s ]
INFO: [ app_init ] --END-- [ RunTime:0.002000s ]
INFO: [ app_begin ] --START--
INFO: Run Behavior\ReadHtmlCacheBehavior [ RunTime:0.002001s ]
INFO: [ app_begin ] --END-- [ RunTime:0.002001s ]
SQL: SHOW COLUMNS FROM `shop_jean` [ RunTime:0.0160s ]

[ 2016-11-03T00:14:34+08:00 ] ::1 /jd/index.php/Home/Jean/updateJeanInfo
INFO: [ app_init ] --START--
INFO: Run Behavior\BuildLiteBehavior [ RunTime:0.000000s ]
INFO: [ app_init ] --END-- [ RunTime:0.001000s ]
INFO: [ app_begin ] --START--
INFO: Run Behavior\ReadHtmlCacheBehavior [ RunTime:0.002000s ]
INFO: [ app_begin ] --END-- [ RunTime:0.002000s ]
SQL: SHOW COLUMNS FROM `shop_jean` [ RunTime:0.0160s ]

[ 2016-11-03T00:16:02+08:00 ] ::1 /jd/index.php/Home/Jean/updateJeanInfo
INFO: [ app_init ] --START--
INFO: Run Behavior\BuildLiteBehavior [ RunTime:0.000000s ]
INFO: [ app_init ] --END-- [ RunTime:0.001000s ]
INFO: [ app_begin ] --START--
INFO: Run Behavior\ReadHtmlCacheBehavior [ RunTime:0.003001s ]
INFO: [ app_begin ] --END-- [ RunTime:0.003001s ]
SQL: SHOW COLUMNS FROM `shop_jean` [ RunTime:0.0150s ]
SQL: SHOW COLUMNS FROM `shop_jean` [ RunTime:0.0140s ]
SQL: SELECT * FROM `shop_jean` WHERE `name` = '111222' AND `element` = '纯色' AND `style` = '小清新' AND `pattern` = '骷髅' AND `thickness` = '薄款' AND `material` = '牛仔布' AND `outseam` = '九分裤' AND `waistform` = '自然腰' AND `panttype` = '哈伦裤' AND `season` = '春秋' AND `closed` = '纽扣' AND `stereotype` = '宽松'  [ RunTime:0.1700s ]
NOTIC: [8] Array to string conversion D:\xampp\htdocs\jd\Application\Home\Controller\JeanController.class.php 第 59 行.

[ 2016-11-03T00:16:47+08:00 ] ::1 /jd/index.php/Home/Jean/updateJeanInfo
INFO: [ app_init ] --START--
INFO: Run Behavior\BuildLiteBehavior [ RunTime:0.000000s ]
INFO: [ app_init ] --END-- [ RunTime:0.003000s ]
INFO: [ app_begin ] --START--
INFO: Run Behavior\ReadHtmlCacheBehavior [ RunTime:0.002000s ]
INFO: [ app_begin ] --END-- [ RunTime:0.002000s ]
SQL: SHOW COLUMNS FROM `shop_jean` [ RunTime:0.0130s ]
SQL: SHOW COLUMNS FROM `shop_jean` [ RunTime:0.0140s ]
SQL: SELECT * FROM `shop_jean` WHERE `name` = '111222' AND `element` = '纯色' AND `style` = '小清新' AND `pattern` = '骷髅' AND `thickness` = '薄款' AND `material` = '牛仔布' AND `outseam` = '九分裤' AND `waistform` = '自然腰' AND `panttype` = '哈伦裤' AND `season` = '春秋' AND `closed` = '纽扣' AND `stereotype` = '宽松'  [ RunTime:0.0010s ]

[ 2016-11-03T00:17:18+08:00 ] ::1 /jd/index.php/Home/Jean/updateJeanInfo
INFO: [ app_init ] --START--
INFO: Run Behavior\BuildLiteBehavior [ RunTime:0.000000s ]
INFO: [ app_init ] --END-- [ RunTime:0.001000s ]
INFO: [ app_begin ] --START--
INFO: Run Behavior\ReadHtmlCacheBehavior [ RunTime:0.001000s ]
INFO: [ app_begin ] --END-- [ RunTime:0.002000s ]
SQL: SHOW COLUMNS FROM `shop_jean` [ RunTime:0.0130s ]
SQL: SHOW COLUMNS FROM `shop_jean` [ RunTime:0.0130s ]
SQL: SELECT * FROM `shop_jean` WHERE `name` = '111222' AND `element` = '纯色' AND `style` = '小清新' AND `pattern` = '骷髅' AND `thickness` = '薄款' AND `material` = '牛仔布' AND `outseam` = '九分裤' AND `waistform` = '自然腰' AND `panttype` = '哈伦裤' AND `season` = '春秋' AND `closed` = '纽扣' AND `stereotype` = '宽松'  [ RunTime:0.0020s ]

[ 2016-11-03T00:17:49+08:00 ] ::1 /jd/index.php/Home/Jean/updateJeanInfo
INFO: [ app_init ] --START--
INFO: Run Behavior\BuildLiteBehavior [ RunTime:0.000000s ]
INFO: [ app_init ] --END-- [ RunTime:0.002000s ]
INFO: [ app_begin ] --START--
INFO: Run Behavior\ReadHtmlCacheBehavior [ RunTime:0.002000s ]
INFO: [ app_begin ] --END-- [ RunTime:0.002000s ]
SQL: SHOW COLUMNS FROM `shop_jean` [ RunTime:0.0160s ]
SQL: SHOW COLUMNS FROM `shop_jean` [ RunTime:0.0160s ]
SQL: SELECT * FROM `shop_jean` WHERE `name` = '111222' AND `element` = '纯色' AND `style` = '小清新' AND `pattern` = '骷髅' AND `thickness` = '薄款' AND `material` = '牛仔布' AND `outseam` = '九分裤' AND `waistform` = '自然腰' AND `panttype` = '哈伦裤' AND `season` = '春秋' AND `closed` = '纽扣' AND `stereotype` = '宽松'  [ RunTime:0.0010s ]

[ 2016-11-03T00:18:39+08:00 ] ::1 /jd/index.php/Home/Jean/updateJeanInfo
INFO: [ app_init ] --START--
INFO: Run Behavior\BuildLiteBehavior [ RunTime:0.000000s ]
INFO: [ app_init ] --END-- [ RunTime:0.001000s ]
INFO: [ app_begin ] --START--
INFO: Run Behavior\ReadHtmlCacheBehavior [ RunTime:0.002000s ]
INFO: [ app_begin ] --END-- [ RunTime:0.003000s ]

[ 2016-11-03T00:20:05+08:00 ] ::1 /jd/index.php/Home/Jean/updateJeanInfo
INFO: [ app_init ] --START--
INFO: Run Behavior\BuildLiteBehavior [ RunTime:0.000000s ]
INFO: [ app_init ] --END-- [ RunTime:0.001000s ]
INFO: [ app_begin ] --START--
INFO: Run Behavior\ReadHtmlCacheBehavior [ RunTime:0.004000s ]
INFO: [ app_begin ] --END-- [ RunTime:0.004000s ]
SQL: SHOW COLUMNS FROM `shop_jean` [ RunTime:0.0130s ]
SQL: SHOW COLUMNS FROM `shop_jean` [ RunTime:0.0130s ]
SQL: INSERT INTO `shop_jean` (`name`,`element`,`style`,`pattern`,`thickness`,`material`,`outseam`,`waistform`,`panttype`,`season`,`closed`,`stereotype`) VALUES ('111222','纯色','小清新','骷髅','薄款','牛仔布','九分裤','自然腰','哈伦裤','春秋','纽扣','宽松') [ RunTime:0.4380s ]

[ 2016-11-03T00:21:39+08:00 ] ::1 /jd/index.php/Home/Jean/updateJeanInfo
INFO: [ app_init ] --START--
INFO: Run Behavior\BuildLiteBehavior [ RunTime:0.000000s ]
INFO: [ app_init ] --END-- [ RunTime:0.006000s ]
INFO: [ app_begin ] --START--
INFO: Run Behavior\ReadHtmlCacheBehavior [ RunTime:0.003000s ]
INFO: [ app_begin ] --END-- [ RunTime:0.003000s ]
SQL: SHOW COLUMNS FROM `shop_jean` [ RunTime:0.0560s ]
SQL: SHOW COLUMNS FROM `shop_jean` [ RunTime:0.0190s ]
SQL: SELECT * FROM `shop_jean` WHERE `name` = '111222' AND `element` = '纯色' AND `style` = '小清新' AND `pattern` = '骷髅' AND `thickness` = '薄款' AND `material` = '牛仔布' AND `outseam` = '九分裤' AND `waistform` = '自然腰' AND `panttype` = '哈伦裤' AND `season` = '春秋' AND `closed` = '纽扣' AND `stereotype` = '宽松'  [ RunTime:0.0010s ]

[ 2016-11-03T00:22:06+08:00 ] ::1 /jd/index.php/Home/Jean/updateJeanInfo
INFO: [ app_init ] --START--
INFO: Run Behavior\BuildLiteBehavior [ RunTime:0.000000s ]
INFO: [ app_init ] --END-- [ RunTime:0.001000s ]
INFO: [ app_begin ] --START--
INFO: Run Behavior\ReadHtmlCacheBehavior [ RunTime:0.002000s ]
INFO: [ app_begin ] --END-- [ RunTime:0.002000s ]
SQL: SHOW COLUMNS FROM `shop_jean` [ RunTime:0.0190s ]
SQL: SHOW COLUMNS FROM `shop_jean` [ RunTime:0.0190s ]
SQL: SELECT * FROM `shop_jean` WHERE `name` = '111222' AND `element` = '纯色' AND `style` = '小清新' AND `pattern` = '骷髅' AND `thickness` = '薄款' AND `material` = '牛仔布' AND `outseam` = '九分裤' AND `waistform` = '自然腰' AND `panttype` = '哈伦裤' AND `season` = '春秋' AND `closed` = '纽扣' AND `stereotype` = '宽松'  [ RunTime:0.0020s ]

[ 2016-11-03T00:22:18+08:00 ] ::1 /jd/index.php/Home/Jean/updateJeanInfo
INFO: [ app_init ] --START--
INFO: Run Behavior\BuildLiteBehavior [ RunTime:0.001000s ]
INFO: [ app_init ] --END-- [ RunTime:0.002000s ]
INFO: [ app_begin ] --START--
INFO: Run Behavior\ReadHtmlCacheBehavior [ RunTime:0.002001s ]
INFO: [ app_begin ] --END-- [ RunTime:0.002001s ]
SQL: SHOW COLUMNS FROM `shop_jean` [ RunTime:0.0210s ]
SQL: SHOW COLUMNS FROM `shop_jean` [ RunTime:0.0220s ]
SQL: SELECT * FROM `shop_jean` WHERE `name` = '111222' AND `element` = '纯色' AND `style` = '小清新' AND `pattern` = '骷髅' AND `thickness` = '薄款' AND `material` = '牛仔布' AND `outseam` = '九分裤' AND `waistform` = '自然腰' AND `panttype` = '哈伦裤' AND `season` = '春秋' AND `closed` = '纽扣' AND `stereotype` = '宽松'  [ RunTime:0.0020s ]
SQL: UPDATE `shop_jean` SET `is_promotion`='0' WHERE `name` = '111222' AND `element` = '纯色' AND `style` = '小清新' AND `pattern` = '骷髅' AND `thickness` = '薄款' AND `material` = '牛仔布' AND `outseam` = '九分裤' AND `waistform` = '自然腰' AND `panttype` = '哈伦裤' AND `season` = '春秋' AND `closed` = '纽扣' AND `stereotype` = '宽松' [ RunTime:0.2620s ]

[ 2016-11-03T00:22:49+08:00 ] ::1 /jd/index.php/Home/Jean/updateJeanInfo
INFO: [ app_init ] --START--
INFO: Run Behavior\BuildLiteBehavior [ RunTime:0.000000s ]
INFO: [ app_init ] --END-- [ RunTime:0.001001s ]
INFO: [ app_begin ] --START--
INFO: Run Behavior\ReadHtmlCacheBehavior [ RunTime:0.002000s ]
INFO: [ app_begin ] --END-- [ RunTime:0.002000s ]
SQL: SHOW COLUMNS FROM `shop_jean` [ RunTime:0.0270s ]
SQL: SHOW COLUMNS FROM `shop_jean` [ RunTime:0.0180s ]
SQL: SELECT * FROM `shop_jean` WHERE `name` = '111222' AND `element` = '纯色' AND `style` = '小清新' AND `pattern` = '骷髅' AND `thickness` = '薄款' AND `material` = '牛仔布' AND `outseam` = '九分裤' AND `waistform` = '自然腰' AND `panttype` = '哈伦裤' AND `season` = '春秋' AND `closed` = '纽扣' AND `stereotype` = '宽松'  [ RunTime:0.0060s ]
SQL: UPDATE `shop_jean` SET `is_promotion`='0' WHERE `name` = '111222' AND `element` = '纯色' AND `style` = '小清新' AND `pattern` = '骷髅' AND `thickness` = '薄款' AND `material` = '牛仔布' AND `outseam` = '九分裤' AND `waistform` = '自然腰' AND `panttype` = '哈伦裤' AND `season` = '春秋' AND `closed` = '纽扣' AND `stereotype` = '宽松' [ RunTime:0.1390s ]

[ 2016-11-03T00:23:52+08:00 ] ::1 /jd/index.php/Home/Jean/updateJeanInfo
INFO: [ app_init ] --START--
INFO: Run Behavior\BuildLiteBehavior [ RunTime:0.000000s ]
INFO: [ app_init ] --END-- [ RunTime:0.002000s ]
INFO: [ app_begin ] --START--
INFO: Run Behavior\ReadHtmlCacheBehavior [ RunTime:0.002000s ]
INFO: [ app_begin ] --END-- [ RunTime:0.002000s ]
SQL: SHOW COLUMNS FROM `shop_jean` [ RunTime:0.0180s ]
SQL: SHOW COLUMNS FROM `shop_jean` [ RunTime:0.0210s ]

[ 2016-11-03T00:25:24+08:00 ] ::1 /jd/index.php/Home/Jean/updateJeanInfo
INFO: [ app_init ] --START--
INFO: Run Behavior\BuildLiteBehavior [ RunTime:0.000000s ]
INFO: [ app_init ] --END-- [ RunTime:0.002001s ]
INFO: [ app_begin ] --START--
INFO: Run Behavior\ReadHtmlCacheBehavior [ RunTime:0.002000s ]
INFO: [ app_begin ] --END-- [ RunTime:0.002000s ]
SQL: SHOW COLUMNS FROM `shop_jean` [ RunTime:0.0170s ]
SQL: SHOW COLUMNS FROM `shop_jean` [ RunTime:0.0160s ]
SQL: SELECT * FROM `shop_jean` WHERE `name` = '111222' AND `element` = '纯色' AND `style` = '小清新' AND `pattern` = '骷髅' AND `thickness` = '薄款' AND `material` = '牛仔布' AND `outseam` = '九分裤' AND `waistform` = '自然腰' AND `panttype` = '哈伦裤' AND `season` = '春秋' AND `closed` = '纽扣' AND `stereotype` = '宽松'  [ RunTime:0.0020s ]
SQL: UPDATE `shop_jean` SET `is_promotion`='on' WHERE `name` = '111222' AND `element` = '纯色' AND `style` = '小清新' AND `pattern` = '骷髅' AND `thickness` = '薄款' AND `material` = '牛仔布' AND `outseam` = '九分裤' AND `waistform` = '自然腰' AND `panttype` = '哈伦裤' AND `season` = '春秋' AND `closed` = '纽扣' AND `stereotype` = '宽松' [ RunTime:0.1300s ]

[ 2016-11-03T00:25:57+08:00 ] ::1 /jd/index.php/Home/Jean/updateJeanInfo
INFO: [ app_init ] --START--
INFO: Run Behavior\BuildLiteBehavior [ RunTime:0.000000s ]
INFO: [ app_init ] --END-- [ RunTime:0.001000s ]
INFO: [ app_begin ] --START--
INFO: Run Behavior\ReadHtmlCacheBehavior [ RunTime:0.003000s ]
INFO: [ app_begin ] --END-- [ RunTime:0.003000s ]
SQL: SHOW COLUMNS FROM `shop_jean` [ RunTime:0.0140s ]
SQL: SHOW COLUMNS FROM `shop_jean` [ RunTime:0.0150s ]
SQL: SELECT * FROM `shop_jean` WHERE `name` = '111222' AND `element` = '纯色' AND `style` = '小清新' AND `pattern` = '骷髅' AND `thickness` = '薄款' AND `material` = '牛仔布' AND `outseam` = '九分裤' AND `waistform` = '自然腰' AND `panttype` = '哈伦裤' AND `season` = '春秋' AND `closed` = '纽扣' AND `stereotype` = '宽松'  [ RunTime:0.0010s ]
SQL: UPDATE `shop_jean` SET `is_promotion`='' WHERE `name` = '111222' AND `element` = '纯色' AND `style` = '小清新' AND `pattern` = '骷髅' AND `thickness` = '薄款' AND `material` = '牛仔布' AND `outseam` = '九分裤' AND `waistform` = '自然腰' AND `panttype` = '哈伦裤' AND `season` = '春秋' AND `closed` = '纽扣' AND `stereotype` = '宽松' [ RunTime:0.4070s ]

[ 2016-11-03T20:23:50+08:00 ] ::1 /jd/index.php/Home/Jean/updatejeaninfo.html
INFO: [ app_init ] --START--
INFO: Run Behavior\BuildLiteBehavior [ RunTime:0.000000s ]
INFO: [ app_init ] --END-- [ RunTime:0.125007s ]
INFO: [ app_begin ] --START--
INFO: Run Behavior\ReadHtmlCacheBehavior [ RunTime:0.041002s ]
INFO: [ app_begin ] --END-- [ RunTime:0.041002s ]
SQL: SHOW COLUMNS FROM `shop_jean` [ RunTime:1.1131s ]
SQL: SHOW COLUMNS FROM `shop_jeanclassify` [ RunTime:0.1290s ]
SQL: SELECT * FROM `shop_jeanclassify`  [ RunTime:0.0020s ]
INFO: [ view_parse ] --START--
INFO: [ template_filter ] --START--
INFO: Run Behavior\ContentReplaceBehavior [ RunTime:0.046003s ]
INFO: [ template_filter ] --END-- [ RunTime:0.046003s ]
INFO: Run Behavior\ParseTemplateBehavior [ RunTime:0.371021s ]
INFO: [ view_parse ] --END-- [ RunTime:0.371021s ]
INFO: [ view_filter ] --START--
INFO: Run Behavior\WriteHtmlCacheBehavior [ RunTime:0.035002s ]
INFO: [ view_filter ] --END-- [ RunTime:0.036002s ]
INFO: [ app_end ] --START--
INFO: Run Behavior\ShowPageTraceBehavior [ RunTime:0.404023s ]
INFO: [ app_end ] --END-- [ RunTime:0.404023s ]

[ 2016-11-03T20:24:32+08:00 ] ::1 /jd/index.php/Home/Jean/updatejeaninfo.html
INFO: [ app_init ] --START--
INFO: Run Behavior\BuildLiteBehavior [ RunTime:0.000000s ]
INFO: [ app_init ] --END-- [ RunTime:0.003000s ]
INFO: [ app_begin ] --START--
INFO: Run Behavior\ReadHtmlCacheBehavior [ RunTime:0.009001s ]
INFO: [ app_begin ] --END-- [ RunTime:0.010001s ]
SQL: SHOW COLUMNS FROM `shop_jean` [ RunTime:0.0180s ]
SQL: SHOW COLUMNS FROM `shop_jeanclassify` [ RunTime:0.0130s ]
SQL: SELECT * FROM `shop_jeanclassify`  [ RunTime:0.0020s ]
INFO: [ view_parse ] --START--
INFO: [ template_filter ] --START--
INFO: Run Behavior\ContentReplaceBehavior [ RunTime:0.001000s ]
INFO: [ template_filter ] --END-- [ RunTime:0.001000s ]
INFO: Run Behavior\ParseTemplateBehavior [ RunTime:0.070004s ]
INFO: [ view_parse ] --END-- [ RunTime:0.070004s ]
INFO: [ view_filter ] --START--
INFO: Run Behavior\WriteHtmlCacheBehavior [ RunTime:0.008000s ]
INFO: [ view_filter ] --END-- [ RunTime:0.008000s ]
INFO: [ app_end ] --START--
INFO: Run Behavior\ShowPageTraceBehavior [ RunTime:0.006001s ]
INFO: [ app_end ] --END-- [ RunTime:0.006001s ]

[ 2016-11-03T20:31:37+08:00 ] ::1 /jd/index.php/Home/Jean/updatejeaninfo.html
INFO: [ app_init ] --START--
INFO: Run Behavior\BuildLiteBehavior [ RunTime:0.000000s ]
INFO: [ app_init ] --END-- [ RunTime:0.002000s ]
INFO: [ app_begin ] --START--
INFO: Run Behavior\ReadHtmlCacheBehavior [ RunTime:0.003000s ]
INFO: [ app_begin ] --END-- [ RunTime:0.003000s ]
SQL: SHOW COLUMNS FROM `shop_jean` [ RunTime:0.0120s ]
SQL: SHOW COLUMNS FROM `shop_jeanclassify` [ RunTime:0.0120s ]
SQL: SELECT * FROM `shop_jeanclassify`  [ RunTime:0.0030s ]
INFO: [ view_parse ] --START--
INFO: [ template_filter ] --START--
INFO: Run Behavior\ContentReplaceBehavior [ RunTime:0.000000s ]
INFO: [ template_filter ] --END-- [ RunTime:0.000000s ]
INFO: Run Behavior\ParseTemplateBehavior [ RunTime:0.076005s ]
INFO: [ view_parse ] --END-- [ RunTime:0.077005s ]
INFO: [ view_filter ] --START--
INFO: Run Behavior\WriteHtmlCacheBehavior [ RunTime:0.002000s ]
INFO: [ view_filter ] --END-- [ RunTime:0.002000s ]
INFO: [ app_end ] --START--
INFO: Run Behavior\ShowPageTraceBehavior [ RunTime:0.003000s ]
INFO: [ app_end ] --END-- [ RunTime:0.003000s ]

[ 2016-11-03T20:31:54+08:00 ] ::1 /jd/index.php/Home/Jean/updatejeaninfo.html
INFO: [ app_init ] --START--
INFO: Run Behavior\BuildLiteBehavior [ RunTime:0.000000s ]
INFO: [ app_init ] --END-- [ RunTime:0.002000s ]
INFO: [ app_begin ] --START--
INFO: Run Behavior\ReadHtmlCacheBehavior [ RunTime:0.003000s ]
INFO: [ app_begin ] --END-- [ RunTime:0.003000s ]
SQL: SHOW COLUMNS FROM `shop_jean` [ RunTime:0.0150s ]
SQL: SHOW COLUMNS FROM `shop_jeanclassify` [ RunTime:0.0120s ]
SQL: SELECT * FROM `shop_jeanclassify`  [ RunTime:0.0020s ]
INFO: [ view_parse ] --START--
INFO: [ template_filter ] --START--
INFO: Run Behavior\ContentReplaceBehavior [ RunTime:0.001000s ]
INFO: [ template_filter ] --END-- [ RunTime:0.001000s ]
INFO: Run Behavior\ParseTemplateBehavior [ RunTime:0.039002s ]
INFO: [ view_parse ] --END-- [ RunTime:0.039002s ]
INFO: [ view_filter ] --START--
INFO: Run Behavior\WriteHtmlCacheBehavior [ RunTime:0.002001s ]
INFO: [ view_filter ] --END-- [ RunTime:0.002001s ]
INFO: [ app_end ] --START--
INFO: Run Behavior\ShowPageTraceBehavior [ RunTime:0.004000s ]
INFO: [ app_end ] --END-- [ RunTime:0.004000s ]

[ 2016-11-03T20:32:21+08:00 ] ::1 /jd/index.php/Home/Jean/updatejeaninfo.html
INFO: [ app_init ] --START--
INFO: Run Behavior\BuildLiteBehavior [ RunTime:0.000000s ]
INFO: [ app_init ] --END-- [ RunTime:0.002000s ]
INFO: [ app_begin ] --START--
INFO: Run Behavior\ReadHtmlCacheBehavior [ RunTime:0.003001s ]
INFO: [ app_begin ] --END-- [ RunTime:0.003001s ]
SQL: SHOW COLUMNS FROM `shop_jean` [ RunTime:0.0140s ]
SQL: SHOW COLUMNS FROM `shop_jeanclassify` [ RunTime:0.0150s ]
SQL: SELECT * FROM `shop_jeanclassify`  [ RunTime:0.0010s ]
INFO: [ view_parse ] --START--
INFO: [ template_filter ] --START--
INFO: Run Behavior\ContentReplaceBehavior [ RunTime:0.000000s ]
INFO: [ template_filter ] --END-- [ RunTime:0.000000s ]
INFO: Run Behavior\ParseTemplateBehavior [ RunTime:0.058003s ]
INFO: [ view_parse ] --END-- [ RunTime:0.058003s ]
INFO: [ view_filter ] --START--
INFO: Run Behavior\WriteHtmlCacheBehavior [ RunTime:0.002000s ]
INFO: [ view_filter ] --END-- [ RunTime:0.002000s ]
INFO: [ app_end ] --START--
INFO: Run Behavior\ShowPageTraceBehavior [ RunTime:0.003000s ]
INFO: [ app_end ] --END-- [ RunTime:0.029002s ]

[ 2016-11-03T21:22:23+08:00 ] ::1 /jd/index.php/Home/Jean/updatejeaninfo.html
INFO: [ app_init ] --START--
INFO: Run Behavior\BuildLiteBehavior [ RunTime:0.000000s ]
INFO: [ app_init ] --END-- [ RunTime:0.001000s ]
INFO: [ app_begin ] --START--
INFO: Run Behavior\ReadHtmlCacheBehavior [ RunTime:0.006000s ]
INFO: [ app_begin ] --END-- [ RunTime:0.006000s ]
SQL: SHOW COLUMNS FROM `shop_jean` [ RunTime:0.0110s ]
SQL: SHOW COLUMNS FROM `shop_jeanclassify` [ RunTime:0.0100s ]
SQL: SELECT * FROM `shop_jeanclassify`  [ RunTime:0.0010s ]
INFO: [ view_parse ] --START--
INFO: [ template_filter ] --START--
INFO: Run Behavior\ContentReplaceBehavior [ RunTime:0.000000s ]
INFO: [ template_filter ] --END-- [ RunTime:0.000000s ]
INFO: Run Behavior\ParseTemplateBehavior [ RunTime:0.114006s ]
INFO: [ view_parse ] --END-- [ RunTime:0.114006s ]
INFO: [ view_filter ] --START--
INFO: Run Behavior\WriteHtmlCacheBehavior [ RunTime:0.001000s ]
INFO: [ view_filter ] --END-- [ RunTime:0.001000s ]
INFO: [ app_end ] --START--
INFO: Run Behavior\ShowPageTraceBehavior [ RunTime:0.016001s ]
INFO: [ app_end ] --END-- [ RunTime:0.016001s ]

[ 2016-11-03T21:22:32+08:00 ] ::1 /jd/index.php/Home/Jean/updatejeaninfo.html
INFO: [ app_init ] --START--
INFO: Run Behavior\BuildLiteBehavior [ RunTime:0.000000s ]
INFO: [ app_init ] --END-- [ RunTime:0.002000s ]
INFO: [ app_begin ] --START--
INFO: Run Behavior\ReadHtmlCacheBehavior [ RunTime:0.003000s ]
INFO: [ app_begin ] --END-- [ RunTime:0.003000s ]
SQL: SHOW COLUMNS FROM `shop_jean` [ RunTime:0.0100s ]
SQL: SHOW COLUMNS FROM `shop_jeanclassify` [ RunTime:0.0100s ]
SQL: SELECT * FROM `shop_jeanclassify`  [ RunTime:0.0020s ]
INFO: [ view_parse ] --START--
INFO: [ template_filter ] --START--
INFO: Run Behavior\ContentReplaceBehavior [ RunTime:0.000000s ]
INFO: [ template_filter ] --END-- [ RunTime:0.000000s ]
INFO: Run Behavior\ParseTemplateBehavior [ RunTime:0.046003s ]
INFO: [ view_parse ] --END-- [ RunTime:0.046003s ]
INFO: [ view_filter ] --START--
INFO: Run Behavior\WriteHtmlCacheBehavior [ RunTime:0.003000s ]
INFO: [ view_filter ] --END-- [ RunTime:0.003000s ]
INFO: [ app_end ] --START--
INFO: Run Behavior\ShowPageTraceBehavior [ RunTime:0.003000s ]
INFO: [ app_end ] --END-- [ RunTime:0.003000s ]

[ 2016-11-03T21:39:16+08:00 ] ::1 /jd/index.php/Home/Jean/updatejeaninfo.html
INFO: [ app_init ] --START--
INFO: Run Behavior\BuildLiteBehavior [ RunTime:0.000000s ]
INFO: [ app_init ] --END-- [ RunTime:0.003000s ]
INFO: [ app_begin ] --START--
INFO: Run Behavior\ReadHtmlCacheBehavior [ RunTime:0.003000s ]
INFO: [ app_begin ] --END-- [ RunTime:0.003000s ]
SQL: SHOW COLUMNS FROM `shop_jean` [ RunTime:0.0120s ]
SQL: SHOW COLUMNS FROM `shop_jeanclassify` [ RunTime:0.0130s ]
SQL: SELECT * FROM `shop_jeanclassify`  [ RunTime:0.0020s ]
INFO: [ view_parse ] --START--
INFO: [ template_filter ] --START--
INFO: Run Behavior\ContentReplaceBehavior [ RunTime:0.001000s ]
INFO: [ template_filter ] --END-- [ RunTime:0.001000s ]
INFO: Run Behavior\ParseTemplateBehavior [ RunTime:0.039002s ]
INFO: [ view_parse ] --END-- [ RunTime:0.039002s ]
INFO: [ view_filter ] --START--
INFO: Run Behavior\WriteHtmlCacheBehavior [ RunTime:0.002000s ]
INFO: [ view_filter ] --END-- [ RunTime:0.002000s ]
INFO: [ app_end ] --START--
INFO: Run Behavior\ShowPageTraceBehavior [ RunTime:0.002000s ]
INFO: [ app_end ] --END-- [ RunTime:0.003000s ]

[ 2016-11-03T22:01:30+08:00 ] ::1 /jd/index.php/Home/Jean/updatejeaninfo.html
INFO: [ app_init ] --START--
INFO: Run Behavior\BuildLiteBehavior [ RunTime:0.000000s ]
INFO: [ app_init ] --END-- [ RunTime:0.002000s ]
INFO: [ app_begin ] --START--
INFO: Run Behavior\ReadHtmlCacheBehavior [ RunTime:0.004000s ]
INFO: [ app_begin ] --END-- [ RunTime:0.004000s ]
SQL: SHOW COLUMNS FROM `shop_jean` [ RunTime:0.0290s ]
SQL: SHOW COLUMNS FROM `shop_jeanclassify` [ RunTime:0.0130s ]
SQL: SELECT * FROM `shop_jeanclassify`  [ RunTime:0.0030s ]
INFO: [ view_parse ] --START--
INFO: [ template_filter ] --START--
INFO: Run Behavior\ContentReplaceBehavior [ RunTime:0.000000s ]
INFO: [ template_filter ] --END-- [ RunTime:0.001000s ]
INFO: Run Behavior\ParseTemplateBehavior [ RunTime:0.098006s ]
INFO: [ view_parse ] --END-- [ RunTime:0.098006s ]
INFO: [ view_filter ] --START--
INFO: Run Behavior\WriteHtmlCacheBehavior [ RunTime:0.002000s ]
INFO: [ view_filter ] --END-- [ RunTime:0.002000s ]
INFO: [ app_end ] --START--
INFO: Run Behavior\ShowPageTraceBehavior [ RunTime:0.003000s ]
INFO: [ app_end ] --END-- [ RunTime:0.003000s ]

[ 2016-11-03T22:01:54+08:00 ] ::1 /jd/index.php/Home/Jean/updatejeaninfo.html
INFO: [ app_init ] --START--
INFO: Run Behavior\BuildLiteBehavior [ RunTime:0.000000s ]
INFO: [ app_init ] --END-- [ RunTime:0.002000s ]
INFO: [ app_begin ] --START--
INFO: Run Behavior\ReadHtmlCacheBehavior [ RunTime:0.003000s ]
INFO: [ app_begin ] --END-- [ RunTime:0.003000s ]
SQL: SHOW COLUMNS FROM `shop_jean` [ RunTime:0.0130s ]
SQL: SHOW COLUMNS FROM `shop_jeanclassify` [ RunTime:0.0120s ]
SQL: SELECT * FROM `shop_jeanclassify`  [ RunTime:0.0020s ]
INFO: [ view_parse ] --START--
INFO: [ template_filter ] --START--
INFO: Run Behavior\ContentReplaceBehavior [ RunTime:0.000000s ]
INFO: [ template_filter ] --END-- [ RunTime:0.000000s ]
INFO: Run Behavior\ParseTemplateBehavior [ RunTime:0.042003s ]
INFO: [ view_parse ] --END-- [ RunTime:0.042003s ]
INFO: [ view_filter ] --START--
INFO: Run Behavior\WriteHtmlCacheBehavior [ RunTime:0.002000s ]
INFO: [ view_filter ] --END-- [ RunTime:0.002000s ]
INFO: [ app_end ] --START--
INFO: Run Behavior\ShowPageTraceBehavior [ RunTime:0.003000s ]
INFO: [ app_end ] --END-- [ RunTime:0.003000s ]

[ 2016-11-03T22:22:16+08:00 ] ::1 /jd/index.php/Home/Jean/updatejeaninfo.html
INFO: [ app_init ] --START--
INFO: Run Behavior\BuildLiteBehavior [ RunTime:0.000000s ]
INFO: [ app_init ] --END-- [ RunTime:0.002000s ]
INFO: [ app_begin ] --START--
INFO: Run Behavior\ReadHtmlCacheBehavior [ RunTime:0.009000s ]
INFO: [ app_begin ] --END-- [ RunTime:0.009000s ]
SQL: SHOW COLUMNS FROM `shop_jean` [ RunTime:0.0170s ]
SQL: SHOW COLUMNS FROM `shop_jeanclassify` [ RunTime:0.0130s ]
SQL: SELECT * FROM `shop_jeanclassify`  [ RunTime:0.0010s ]
INFO: [ view_parse ] --START--
INFO: [ template_filter ] --START--
INFO: Run Behavior\ContentReplaceBehavior [ RunTime:0.000000s ]
INFO: [ template_filter ] --END-- [ RunTime:0.000000s ]
INFO: Run Behavior\ParseTemplateBehavior [ RunTime:0.036002s ]
INFO: [ view_parse ] --END-- [ RunTime:0.036002s ]
INFO: [ view_filter ] --START--
INFO: Run Behavior\WriteHtmlCacheBehavior [ RunTime:0.001000s ]
INFO: [ view_filter ] --END-- [ RunTime:0.001000s ]
INFO: [ app_end ] --START--
INFO: Run Behavior\ShowPageTraceBehavior [ RunTime:0.003001s ]
INFO: [ app_end ] --END-- [ RunTime:0.003001s ]

[ 2016-11-03T22:22:20+08:00 ] ::1 /jd/index.php/Home/Jean/updateJeanInfo
INFO: [ app_init ] --START--
INFO: Run Behavior\BuildLiteBehavior [ RunTime:0.000000s ]
INFO: [ app_init ] --END-- [ RunTime:0.002000s ]
INFO: [ app_begin ] --START--
INFO: Run Behavior\ReadHtmlCacheBehavior [ RunTime:0.003000s ]
INFO: [ app_begin ] --END-- [ RunTime:0.003000s ]
SQL: SHOW COLUMNS FROM `shop_jean` [ RunTime:0.0100s ]
SQL: SHOW COLUMNS FROM `shop_jean` [ RunTime:0.0100s ]
SQL: SELECT * FROM `shop_jean` WHERE `name` = '冬季新品加厚加绒显瘦牛仔裤女长裤子弹力修身小脚裤' AND `element` = '纯色' AND `style` = '韩系' AND `pattern` = '渐变' AND `thickness` = '常规' AND `material` = '牛仔布' AND `outseam` = '九分裤' AND `waistform` = '高腰' AND `panttype` = '哈伦裤' AND `season` = '秋季' AND `closed` = '纽扣_拉链' AND `stereotype` = '修身'  [ RunTime:0.0010s ]
SQL: INSERT INTO `shop_jean` (`name`,`element`,`style`,`pattern`,`thickness`,`material`,`outseam`,`waistform`,`panttype`,`season`,`closed`,`stereotype`) VALUES ('冬季新品加厚加绒显瘦牛仔裤女长裤子弹力修身小脚裤','纯色','韩系','渐变','常规','牛仔布','九分裤','高腰','哈伦裤','秋季','纽扣_拉链','修身') [ RunTime:0.1840s ]
SQL: UPDATE `shop_jean` SET `is_promotion`='' WHERE `name` = '冬季新品加厚加绒显瘦牛仔裤女长裤子弹力修身小脚裤' AND `element` = '纯色' AND `style` = '韩系' AND `pattern` = '渐变' AND `thickness` = '常规' AND `material` = '牛仔布' AND `outseam` = '九分裤' AND `waistform` = '高腰' AND `panttype` = '哈伦裤' AND `season` = '秋季' AND `closed` = '纽扣_拉链' AND `stereotype` = '修身' [ RunTime:0.1840s ]
SQL: SELECT `id` FROM `shop_jean` WHERE `name` = '冬季新品加厚加绒显瘦牛仔裤女长裤子弹力修身小脚裤' AND `element` = '纯色' AND `style` = '韩系' AND `pattern` = '渐变' AND `thickness` = '常规' AND `material` = '牛仔布' AND `outseam` = '九分裤' AND `waistform` = '高腰' AND `panttype` = '哈伦裤' AND `season` = '秋季' AND `closed` = '纽扣_拉链' AND `stereotype` = '修身' LIMIT 1   [ RunTime:0.0010s ]

[ 2016-11-03T23:01:38+08:00 ] ::1 /jd/index.php/Home/Jean/updatejeaninfo.html
INFO: [ app_init ] --START--
INFO: Run Behavior\BuildLiteBehavior [ RunTime:0.000000s ]
INFO: [ app_init ] --END-- [ RunTime:0.010000s ]
INFO: [ app_begin ] --START--
INFO: Run Behavior\ReadHtmlCacheBehavior [ RunTime:0.017000s ]
INFO: [ app_begin ] --END-- [ RunTime:0.017000s ]
SQL: SHOW COLUMNS FROM `shop_jean` [ RunTime:0.0140s ]
SQL: SHOW COLUMNS FROM `shop_jeanclassify` [ RunTime:0.0160s ]
SQL: SELECT * FROM `shop_jeanclassify`  [ RunTime:0.0020s ]
INFO: [ view_parse ] --START--
INFO: [ template_filter ] --START--
INFO: Run Behavior\ContentReplaceBehavior [ RunTime:0.000000s ]
INFO: [ template_filter ] --END-- [ RunTime:0.000000s ]
INFO: Run Behavior\ParseTemplateBehavior [ RunTime:0.129007s ]
INFO: [ view_parse ] --END-- [ RunTime:0.129007s ]
INFO: [ view_filter ] --START--
INFO: Run Behavior\WriteHtmlCacheBehavior [ RunTime:0.010001s ]
INFO: [ view_filter ] --END-- [ RunTime:0.010001s ]
INFO: [ app_end ] --START--
INFO: Run Behavior\ShowPageTraceBehavior [ RunTime:0.021001s ]
INFO: [ app_end ] --END-- [ RunTime:0.021001s ]

[ 2016-11-03T23:01:43+08:00 ] ::1 /jd/index.php/Home/Jean/updateJeanInfo
INFO: [ app_init ] --START--
INFO: Run Behavior\BuildLiteBehavior [ RunTime:0.000000s ]
INFO: [ app_init ] --END-- [ RunTime:0.001000s ]
INFO: [ app_begin ] --START--
INFO: Run Behavior\ReadHtmlCacheBehavior [ RunTime:0.002000s ]
INFO: [ app_begin ] --END-- [ RunTime:0.002000s ]
SQL: SHOW COLUMNS FROM `shop_jean` [ RunTime:0.0130s ]
SQL: SHOW COLUMNS FROM `shop_jean` [ RunTime:0.0130s ]
SQL: SELECT * FROM `shop_jean` WHERE `name` = '冬季新品加厚加绒显瘦牛仔裤女长裤子弹力修身小脚裤' AND `element` = '纯色' AND `style` = '韩系' AND `pattern` = '渐变' AND `thickness` = '常规' AND `material` = '牛仔布' AND `outseam` = '九分裤' AND `waistform` = '高腰' AND `panttype` = '哈伦裤' AND `season` = '秋季' AND `closed` = '纽扣_拉链' AND `stereotype` = '修身'  [ RunTime:0.0010s ]
SQL: UPDATE `shop_jean` SET `is_promotion`='' WHERE `name` = '冬季新品加厚加绒显瘦牛仔裤女长裤子弹力修身小脚裤' AND `element` = '纯色' AND `style` = '韩系' AND `pattern` = '渐变' AND `thickness` = '常规' AND `material` = '牛仔布' AND `outseam` = '九分裤' AND `waistform` = '高腰' AND `panttype` = '哈伦裤' AND `season` = '秋季' AND `closed` = '纽扣_拉链' AND `stereotype` = '修身' [ RunTime:0.2450s ]
SQL: SELECT `id` FROM `shop_jean` WHERE `name` = '冬季新品加厚加绒显瘦牛仔裤女长裤子弹力修身小脚裤' AND `element` = '纯色' AND `style` = '韩系' AND `pattern` = '渐变' AND `thickness` = '常规' AND `material` = '牛仔布' AND `outseam` = '九分裤' AND `waistform` = '高腰' AND `panttype` = '哈伦裤' AND `season` = '秋季' AND `closed` = '纽扣_拉链' AND `stereotype` = '修身' LIMIT 1   [ RunTime:0.0010s ]

[ 2016-11-03T23:01:43+08:00 ] ::1 /jd/index.php/Home/Jean/updateJeanInfo
INFO: [ app_init ] --START--
INFO: Run Behavior\BuildLiteBehavior [ RunTime:0.000000s ]
INFO: [ app_init ] --END-- [ RunTime:0.001000s ]
INFO: [ app_begin ] --START--
INFO: Run Behavior\ReadHtmlCacheBehavior [ RunTime:0.002000s ]
INFO: [ app_begin ] --END-- [ RunTime:0.002000s ]
SQL: SHOW COLUMNS FROM `shop_jean` [ RunTime:0.0160s ]

